<?xml version="1.0"?>
<testsuite name="Chrome Headless 96.0.4664.45 (Windows 10)" package="unit" timestamp="2021-11-30T02:34:05" id="0" hostname="Chin2" tests="154" errors="0" failures="43" time="1.815">
  <properties>
    <property name="browser.fullName" value="Mozilla/5.0 (Windows NT 10.0; Win64; x64) AppleWebKit/537.36 (KHTML, like Gecko) HeadlessChrome/96.0.4664.45 Safari/537.36"/>
  </properties>
  <testcase name="DataService getUserDetails should return user details on providing valid user id" time="0.019" classname=".DataService"/>
  <testcase name="DataService doLogOut should store clear localStorage" time="0.003" classname=".DataService"/>
  <testcase name="DataService regNewUser status as failed if new user is not registered(username or email is already exists)" time="0.002" classname=".DataService"/>
  <testcase name="DataService regNewUser should return success status if user added successfully" time="0.003" classname=".DataService"/>
  <testcase name="DataService authenticateUser should return false on occurence of error" time="0.003" classname=".DataService"/>
  <testcase name="DataService getAllPatientsList should return error on occurence of error" time="0.003" classname=".DataService"/>
  <testcase name="DataService getAllPatientsList should return user details on providing valid user id" time="0.003" classname=".DataService"/>
  <testcase name="DataService scheduleAppointment should return error on occurence of error" time="0.003" classname=".DataService"/>
  <testcase name="DataService diseasesList should return error on occurence of error" time="0.003" classname=".DataService"/>
  <testcase name="DataService registerPatient should return error on occurence of error " time="0.007" classname=".DataService"/>
  <testcase name="DataService authenticateUser should store id, token in localStorage if auth success" time="0.002" classname=".DataService"/>
  <testcase name="DataService scheduleAppointment should return success status on reporting with valid appointmentDetails " time="0.001" classname=".DataService"/>
  <testcase name="DataService diseasesList should return list of diseases" time="0.002" classname=".DataService"/>
  <testcase name="DataService registerPatient should return patientDetails  on reporting with valid user id " time="0.004" classname=".DataService"/>
  <testcase name="DataService authenticateUser should return true if auth success" time="0.002" classname=".DataService"/>
  <testcase name="DataService getParticularPatient should return error on occurence of error" time="0.002" classname=".DataService"/>
  <testcase name="DataService getParticularPatient should return patient details on providing valid user id" time="0.002" classname=".DataService"/>
  <testcase name="DataService deleteAppointment should return success status on providing valid appointment id" time="0.001" classname=".DataService"/>
  <testcase name="DataService updateProfile should return false on occurence of error" time="0.002" classname=".DataService"/>
  <testcase name="DataService deleteAppointment should return error on occurence of error" time="0.004" classname=".DataService"/>
  <testcase name="DataService getSinglePatientAppointments should return error on occurence of error" time="0.001" classname=".DataService"/>
  <testcase name="DataService updateProfile should return true on providing valid user details" time="0.001" classname=".DataService"/>
  <testcase name="DataService requestedAppointments should return all appointments booked by all patients" time="0.002" classname=".DataService"/>
  <testcase name="DataService getSinglePatientAppointments should return appointment details on providing valid appointment id" time="0.002" classname=".DataService"/>
  <testcase name="DataService getUserDetails should return error on occurence of error" time="0.001" classname=".DataService"/>
  <testcase name="DataService requestedAppointments should return error on occurence of error" time="0.001" classname=".DataService"/>
  <testcase name="ApiService scheduleAppointment should return success message if POST method success" time="0.093" classname=".ApiService">
    <failure type="">Error: Expected one matching request for criteria "Match method: POST, URL: api/appointment/register", found none. Requests received are: POST api/bookAppointment.
    at HttpClientTestingBackend.expectOne (http://localhost:9876/_karma_webpack_/node_modules/@angular/common/fesm2015/http/testing.js:515:1)
    at UserContext.&lt;anonymous&gt; (http://localhost:9876/_karma_webpack_/src/app/services/api.service.spec.ts:407:38)
    at ZoneDelegate.invoke (http://localhost:9876/_karma_webpack_/node_modules/zone.js/dist/zone-evergreen.js:364:1)
    at ProxyZoneSpec.push../node_modules/zone.js/dist/zone-testing.js.ProxyZoneSpec.onInvoke (http://localhost:9876/_karma_webpack_/node_modules/zone.js/dist/zone-testing.js:292:1)
    at ZoneDelegate.invoke (http://localhost:9876/_karma_webpack_/node_modules/zone.js/dist/zone-evergreen.js:363:1)
    at Zone.run (http://localhost:9876/_karma_webpack_/node_modules/zone.js/dist/zone-evergreen.js:123:1)
    at runInTestZone (http://localhost:9876/_karma_webpack_/node_modules/zone.js/dist/zone-testing.js:542:1)
    at UserContext.&lt;anonymous&gt; (http://localhost:9876/_karma_webpack_/node_modules/zone.js/dist/zone-testing.js:558:1)
    at &lt;Jasmine&gt;
</failure>
  </testcase>
  <testcase name="ApiService deleteAppointment should return success status if appointment deleted" time="0.002" classname=".ApiService">
    <failure type="">Error: Expected one matching request for criteria "Match by function: ", found none. Requests received are: DELETE api/deleteAppointment?appointmentId=5d8e150b3768ab34dc7e607c.
    at HttpClientTestingBackend.expectOne (http://localhost:9876/_karma_webpack_/node_modules/@angular/common/fesm2015/http/testing.js:515:1)
    at UserContext.&lt;anonymous&gt; (http://localhost:9876/_karma_webpack_/src/app/services/api.service.spec.ts:439:38)
    at ZoneDelegate.invoke (http://localhost:9876/_karma_webpack_/node_modules/zone.js/dist/zone-evergreen.js:364:1)
    at ProxyZoneSpec.push../node_modules/zone.js/dist/zone-testing.js.ProxyZoneSpec.onInvoke (http://localhost:9876/_karma_webpack_/node_modules/zone.js/dist/zone-testing.js:292:1)
    at ZoneDelegate.invoke (http://localhost:9876/_karma_webpack_/node_modules/zone.js/dist/zone-evergreen.js:363:1)
    at Zone.run (http://localhost:9876/_karma_webpack_/node_modules/zone.js/dist/zone-evergreen.js:123:1)
    at runInTestZone (http://localhost:9876/_karma_webpack_/node_modules/zone.js/dist/zone-testing.js:542:1)
    at UserContext.&lt;anonymous&gt; (http://localhost:9876/_karma_webpack_/node_modules/zone.js/dist/zone-testing.js:558:1)
    at &lt;Jasmine&gt;
</failure>
  </testcase>
  <testcase name="ApiService scheduleAppointment should add appointment details in post request body" time="0.006" classname=".ApiService">
    <failure type="">Error: Expected one matching request for criteria "Match method: POST, URL: api/appointment/register", found none. Requests received are: POST api/bookAppointment.
    at HttpClientTestingBackend.expectOne (http://localhost:9876/_karma_webpack_/node_modules/@angular/common/fesm2015/http/testing.js:515:1)
    at UserContext.&lt;anonymous&gt; (http://localhost:9876/_karma_webpack_/src/app/services/api.service.spec.ts:390:38)
    at ZoneDelegate.invoke (http://localhost:9876/_karma_webpack_/node_modules/zone.js/dist/zone-evergreen.js:364:1)
    at ProxyZoneSpec.push../node_modules/zone.js/dist/zone-testing.js.ProxyZoneSpec.onInvoke (http://localhost:9876/_karma_webpack_/node_modules/zone.js/dist/zone-testing.js:292:1)
    at ZoneDelegate.invoke (http://localhost:9876/_karma_webpack_/node_modules/zone.js/dist/zone-evergreen.js:363:1)
    at Zone.run (http://localhost:9876/_karma_webpack_/node_modules/zone.js/dist/zone-evergreen.js:123:1)
    at runInTestZone (http://localhost:9876/_karma_webpack_/node_modules/zone.js/dist/zone-testing.js:542:1)
    at UserContext.&lt;anonymous&gt; (http://localhost:9876/_karma_webpack_/node_modules/zone.js/dist/zone-testing.js:558:1)
    at &lt;Jasmine&gt;
</failure>
  </testcase>
  <testcase name="ApiService getSinglePatientAppointments should return requested appointments of particular patient" time="0.001" classname=".ApiService">
    <failure type="">Error: Expected one matching request for criteria "Match by function: ", found none. Requests received are: GET api/singlePatientAppointments?patientId=5d8e150b3768ab34dc7e607c.
    at HttpClientTestingBackend.expectOne (http://localhost:9876/_karma_webpack_/node_modules/@angular/common/fesm2015/http/testing.js:515:1)
    at UserContext.&lt;anonymous&gt; (http://localhost:9876/_karma_webpack_/src/app/services/api.service.spec.ts:421:38)
    at ZoneDelegate.invoke (http://localhost:9876/_karma_webpack_/node_modules/zone.js/dist/zone-evergreen.js:364:1)
    at ProxyZoneSpec.push../node_modules/zone.js/dist/zone-testing.js.ProxyZoneSpec.onInvoke (http://localhost:9876/_karma_webpack_/node_modules/zone.js/dist/zone-testing.js:292:1)
    at ZoneDelegate.invoke (http://localhost:9876/_karma_webpack_/node_modules/zone.js/dist/zone-evergreen.js:363:1)
    at Zone.run (http://localhost:9876/_karma_webpack_/node_modules/zone.js/dist/zone-evergreen.js:123:1)
    at runInTestZone (http://localhost:9876/_karma_webpack_/node_modules/zone.js/dist/zone-testing.js:542:1)
    at UserContext.&lt;anonymous&gt; (http://localhost:9876/_karma_webpack_/node_modules/zone.js/dist/zone-testing.js:558:1)
    at &lt;Jasmine&gt;
</failure>
  </testcase>
  <testcase name="ApiService login should return user details if auth success" time="0.002" classname=".ApiService">
    <failure type="">Error: Expected one matching request for criteria "Match method: POST, URL: api/signin", found none. Requests received are: POST api/login.
    at HttpClientTestingBackend.expectOne (http://localhost:9876/_karma_webpack_/node_modules/@angular/common/fesm2015/http/testing.js:515:1)
    at UserContext.&lt;anonymous&gt; (http://localhost:9876/_karma_webpack_/src/app/services/api.service.spec.ts:148:35)
    at ZoneDelegate.invoke (http://localhost:9876/_karma_webpack_/node_modules/zone.js/dist/zone-evergreen.js:364:1)
    at ProxyZoneSpec.push../node_modules/zone.js/dist/zone-testing.js.ProxyZoneSpec.onInvoke (http://localhost:9876/_karma_webpack_/node_modules/zone.js/dist/zone-testing.js:292:1)
    at ZoneDelegate.invoke (http://localhost:9876/_karma_webpack_/node_modules/zone.js/dist/zone-evergreen.js:363:1)
    at Zone.run (http://localhost:9876/_karma_webpack_/node_modules/zone.js/dist/zone-evergreen.js:123:1)
    at runInTestZone (http://localhost:9876/_karma_webpack_/node_modules/zone.js/dist/zone-testing.js:542:1)
    at UserContext.&lt;anonymous&gt; (http://localhost:9876/_karma_webpack_/node_modules/zone.js/dist/zone-testing.js:558:1)
    at &lt;Jasmine&gt;
</failure>
  </testcase>
  <testcase name="ApiService should be created" time="0.002" classname=".ApiService"/>
  <testcase name="ApiService login should send user credentials in post request body" time="0.003" classname=".ApiService">
    <failure type="">Error: Expected one matching request for criteria "Match method: POST, URL: api/signin", found none. Requests received are: POST api/login.
    at HttpClientTestingBackend.expectOne (http://localhost:9876/_karma_webpack_/node_modules/@angular/common/fesm2015/http/testing.js:515:1)
    at UserContext.&lt;anonymous&gt; (http://localhost:9876/_karma_webpack_/src/app/services/api.service.spec.ts:131:35)
    at ZoneDelegate.invoke (http://localhost:9876/_karma_webpack_/node_modules/zone.js/dist/zone-evergreen.js:364:1)
    at ProxyZoneSpec.push../node_modules/zone.js/dist/zone-testing.js.ProxyZoneSpec.onInvoke (http://localhost:9876/_karma_webpack_/node_modules/zone.js/dist/zone-testing.js:292:1)
    at ZoneDelegate.invoke (http://localhost:9876/_karma_webpack_/node_modules/zone.js/dist/zone-evergreen.js:363:1)
    at Zone.run (http://localhost:9876/_karma_webpack_/node_modules/zone.js/dist/zone-evergreen.js:123:1)
    at runInTestZone (http://localhost:9876/_karma_webpack_/node_modules/zone.js/dist/zone-testing.js:542:1)
    at UserContext.&lt;anonymous&gt; (http://localhost:9876/_karma_webpack_/node_modules/zone.js/dist/zone-testing.js:558:1)
    at &lt;Jasmine&gt;
</failure>
  </testcase>
  <testcase name="ApiService getParticularPatient should return particular patient details" time="0.002" classname=".ApiService">
    <failure type="">Error: Expected one matching request for criteria "Match by function: ", found none. Requests received are: GET api/fetchSinglePatient?patientId=5d8fb22e1d9d0652ef4781ad.
    at HttpClientTestingBackend.expectOne (http://localhost:9876/_karma_webpack_/node_modules/@angular/common/fesm2015/http/testing.js:515:1)
    at UserContext.&lt;anonymous&gt; (http://localhost:9876/_karma_webpack_/src/app/services/api.service.spec.ts:362:38)
    at ZoneDelegate.invoke (http://localhost:9876/_karma_webpack_/node_modules/zone.js/dist/zone-evergreen.js:364:1)
    at ProxyZoneSpec.push../node_modules/zone.js/dist/zone-testing.js.ProxyZoneSpec.onInvoke (http://localhost:9876/_karma_webpack_/node_modules/zone.js/dist/zone-testing.js:292:1)
    at ZoneDelegate.invoke (http://localhost:9876/_karma_webpack_/node_modules/zone.js/dist/zone-evergreen.js:363:1)
    at Zone.run (http://localhost:9876/_karma_webpack_/node_modules/zone.js/dist/zone-evergreen.js:123:1)
    at runInTestZone (http://localhost:9876/_karma_webpack_/node_modules/zone.js/dist/zone-testing.js:542:1)
    at UserContext.&lt;anonymous&gt; (http://localhost:9876/_karma_webpack_/node_modules/zone.js/dist/zone-testing.js:558:1)
    at &lt;Jasmine&gt;
</failure>
  </testcase>
  <testcase name="ApiService registerPatient should return success if POST method success" time="0.003" classname=".ApiService">
    <failure type="">Error: Expected one matching request for criteria "Match method: POST, URL: api/patients/register", found none. Requests received are: POST api/addPatient.
    at HttpClientTestingBackend.expectOne (http://localhost:9876/_karma_webpack_/node_modules/@angular/common/fesm2015/http/testing.js:515:1)
    at UserContext.&lt;anonymous&gt; (http://localhost:9876/_karma_webpack_/src/app/services/api.service.spec.ts:334:38)
    at ZoneDelegate.invoke (http://localhost:9876/_karma_webpack_/node_modules/zone.js/dist/zone-evergreen.js:364:1)
    at ProxyZoneSpec.push../node_modules/zone.js/dist/zone-testing.js.ProxyZoneSpec.onInvoke (http://localhost:9876/_karma_webpack_/node_modules/zone.js/dist/zone-testing.js:292:1)
    at ZoneDelegate.invoke (http://localhost:9876/_karma_webpack_/node_modules/zone.js/dist/zone-evergreen.js:363:1)
    at Zone.run (http://localhost:9876/_karma_webpack_/node_modules/zone.js/dist/zone-evergreen.js:123:1)
    at runInTestZone (http://localhost:9876/_karma_webpack_/node_modules/zone.js/dist/zone-testing.js:542:1)
    at UserContext.&lt;anonymous&gt; (http://localhost:9876/_karma_webpack_/node_modules/zone.js/dist/zone-testing.js:558:1)
    at &lt;Jasmine&gt;
</failure>
  </testcase>
  <testcase name="ApiService diseasesList should return the list of diseases" time="0.007" classname=".ApiService"/>
  <testcase name="ApiService getAllPatientsList should return all patient details" time="0.001" classname=".ApiService">
    <failure type="">Error: Expected one matching request for criteria "Match by function: ", found none. Requests received are: GET api/fetchPatient.
    at HttpClientTestingBackend.expectOne (http://localhost:9876/_karma_webpack_/node_modules/@angular/common/fesm2015/http/testing.js:515:1)
    at UserContext.&lt;anonymous&gt; (http://localhost:9876/_karma_webpack_/src/app/services/api.service.spec.ts:346:38)
    at ZoneDelegate.invoke (http://localhost:9876/_karma_webpack_/node_modules/zone.js/dist/zone-evergreen.js:364:1)
    at ProxyZoneSpec.push../node_modules/zone.js/dist/zone-testing.js.ProxyZoneSpec.onInvoke (http://localhost:9876/_karma_webpack_/node_modules/zone.js/dist/zone-testing.js:292:1)
    at ZoneDelegate.invoke (http://localhost:9876/_karma_webpack_/node_modules/zone.js/dist/zone-evergreen.js:363:1)
    at Zone.run (http://localhost:9876/_karma_webpack_/node_modules/zone.js/dist/zone-evergreen.js:123:1)
    at runInTestZone (http://localhost:9876/_karma_webpack_/node_modules/zone.js/dist/zone-testing.js:542:1)
    at UserContext.&lt;anonymous&gt; (http://localhost:9876/_karma_webpack_/node_modules/zone.js/dist/zone-testing.js:558:1)
    at &lt;Jasmine&gt;
</failure>
  </testcase>
  <testcase name="ApiService registerPatient should add patient details in post request body" time="0.002" classname=".ApiService">
    <failure type="">Error: Expected one matching request for criteria "Match method: POST, URL: api/patients/register", found none. Requests received are: POST api/addPatient.
    at HttpClientTestingBackend.expectOne (http://localhost:9876/_karma_webpack_/node_modules/@angular/common/fesm2015/http/testing.js:515:1)
    at UserContext.&lt;anonymous&gt; (http://localhost:9876/_karma_webpack_/src/app/services/api.service.spec.ts:308:38)
    at ZoneDelegate.invoke (http://localhost:9876/_karma_webpack_/node_modules/zone.js/dist/zone-evergreen.js:364:1)
    at ProxyZoneSpec.push../node_modules/zone.js/dist/zone-testing.js.ProxyZoneSpec.onInvoke (http://localhost:9876/_karma_webpack_/node_modules/zone.js/dist/zone-testing.js:292:1)
    at ZoneDelegate.invoke (http://localhost:9876/_karma_webpack_/node_modules/zone.js/dist/zone-evergreen.js:363:1)
    at Zone.run (http://localhost:9876/_karma_webpack_/node_modules/zone.js/dist/zone-evergreen.js:123:1)
    at runInTestZone (http://localhost:9876/_karma_webpack_/node_modules/zone.js/dist/zone-testing.js:542:1)
    at UserContext.&lt;anonymous&gt; (http://localhost:9876/_karma_webpack_/node_modules/zone.js/dist/zone-testing.js:558:1)
    at &lt;Jasmine&gt;
</failure>
  </testcase>
  <testcase name="ApiService updateDetails should return new user details after submitting the update" time="0.006" classname=".ApiService">
    <failure type="">Error: Expected one matching request for criteria "Match method: PUT, URL: api/editprofile/7ae2548c8ad985", found none. Requests received are: PUT api/userId.
    at HttpClientTestingBackend.expectOne (http://localhost:9876/_karma_webpack_/node_modules/@angular/common/fesm2015/http/testing.js:515:1)
    at UserContext.&lt;anonymous&gt; (http://localhost:9876/_karma_webpack_/src/app/services/api.service.spec.ts:260:43)
    at ZoneDelegate.invoke (http://localhost:9876/_karma_webpack_/node_modules/zone.js/dist/zone-evergreen.js:364:1)
    at ProxyZoneSpec.push../node_modules/zone.js/dist/zone-testing.js.ProxyZoneSpec.onInvoke (http://localhost:9876/_karma_webpack_/node_modules/zone.js/dist/zone-testing.js:292:1)
    at ZoneDelegate.invoke (http://localhost:9876/_karma_webpack_/node_modules/zone.js/dist/zone-evergreen.js:363:1)
    at Zone.run (http://localhost:9876/_karma_webpack_/node_modules/zone.js/dist/zone-evergreen.js:123:1)
    at runInTestZone (http://localhost:9876/_karma_webpack_/node_modules/zone.js/dist/zone-testing.js:542:1)
    at UserContext.&lt;anonymous&gt; (http://localhost:9876/_karma_webpack_/node_modules/zone.js/dist/zone-testing.js:558:1)
    at &lt;Jasmine&gt;
</failure>
  </testcase>
  <testcase name="ApiService regNewUser should return status as success if new user registered successfully" time="0.005" classname=".ApiService"/>
  <testcase name="ApiService updateDetails should return status 500 if user details not updated" time="0.002" classname=".ApiService">
    <failure type="">Error: Expected one matching request for criteria "Match method: PUT, URL: api/editprofile/7ae2548c8ad985", found none. Requests received are: PUT api/userId.
    at HttpClientTestingBackend.expectOne (http://localhost:9876/_karma_webpack_/node_modules/@angular/common/fesm2015/http/testing.js:515:1)
    at UserContext.&lt;anonymous&gt; (http://localhost:9876/_karma_webpack_/src/app/services/api.service.spec.ts:282:43)
    at ZoneDelegate.invoke (http://localhost:9876/_karma_webpack_/node_modules/zone.js/dist/zone-evergreen.js:364:1)
    at ProxyZoneSpec.push../node_modules/zone.js/dist/zone-testing.js.ProxyZoneSpec.onInvoke (http://localhost:9876/_karma_webpack_/node_modules/zone.js/dist/zone-testing.js:292:1)
    at ZoneDelegate.invoke (http://localhost:9876/_karma_webpack_/node_modules/zone.js/dist/zone-evergreen.js:363:1)
    at Zone.run (http://localhost:9876/_karma_webpack_/node_modules/zone.js/dist/zone-evergreen.js:123:1)
    at runInTestZone (http://localhost:9876/_karma_webpack_/node_modules/zone.js/dist/zone-testing.js:542:1)
    at UserContext.&lt;anonymous&gt; (http://localhost:9876/_karma_webpack_/node_modules/zone.js/dist/zone-testing.js:558:1)
    at &lt;Jasmine&gt;
</failure>
  </testcase>
  <testcase name="ApiService getUserDetails should return false status if userId is not valid" time="0.001" classname=".ApiService">
    <failure type="">Error: Expected one matching request for criteria "Match method: Get, URL: api/viewprofile/7ae2548c8ad985", found none. Requests received are: GET api/getProfile?uid=7ae2548c8ad985.
    at HttpClientTestingBackend.expectOne (http://localhost:9876/_karma_webpack_/node_modules/@angular/common/fesm2015/http/testing.js:515:1)
    at UserContext.&lt;anonymous&gt; (http://localhost:9876/_karma_webpack_/src/app/services/api.service.spec.ts:240:33)
    at ZoneDelegate.invoke (http://localhost:9876/_karma_webpack_/node_modules/zone.js/dist/zone-evergreen.js:364:1)
    at ProxyZoneSpec.push../node_modules/zone.js/dist/zone-testing.js.ProxyZoneSpec.onInvoke (http://localhost:9876/_karma_webpack_/node_modules/zone.js/dist/zone-testing.js:292:1)
    at ZoneDelegate.invoke (http://localhost:9876/_karma_webpack_/node_modules/zone.js/dist/zone-evergreen.js:363:1)
    at Zone.run (http://localhost:9876/_karma_webpack_/node_modules/zone.js/dist/zone-evergreen.js:123:1)
    at runInTestZone (http://localhost:9876/_karma_webpack_/node_modules/zone.js/dist/zone-testing.js:542:1)
    at UserContext.&lt;anonymous&gt; (http://localhost:9876/_karma_webpack_/node_modules/zone.js/dist/zone-testing.js:558:1)
    at &lt;Jasmine&gt;
</failure>
  </testcase>
  <testcase name="ApiService login should return error message if auth fails" time="0.003" classname=".ApiService">
    <failure type="">Error: Expected one matching request for criteria "Match method: POST, URL: api/signin", found none. Requests received are: POST api/login.
    at HttpClientTestingBackend.expectOne (http://localhost:9876/_karma_webpack_/node_modules/@angular/common/fesm2015/http/testing.js:515:1)
    at UserContext.&lt;anonymous&gt; (http://localhost:9876/_karma_webpack_/src/app/services/api.service.spec.ts:164:35)
    at ZoneDelegate.invoke (http://localhost:9876/_karma_webpack_/node_modules/zone.js/dist/zone-evergreen.js:364:1)
    at ProxyZoneSpec.push../node_modules/zone.js/dist/zone-testing.js.ProxyZoneSpec.onInvoke (http://localhost:9876/_karma_webpack_/node_modules/zone.js/dist/zone-testing.js:292:1)
    at ZoneDelegate.invoke (http://localhost:9876/_karma_webpack_/node_modules/zone.js/dist/zone-evergreen.js:363:1)
    at Zone.run (http://localhost:9876/_karma_webpack_/node_modules/zone.js/dist/zone-evergreen.js:123:1)
    at runInTestZone (http://localhost:9876/_karma_webpack_/node_modules/zone.js/dist/zone-testing.js:542:1)
    at UserContext.&lt;anonymous&gt; (http://localhost:9876/_karma_webpack_/node_modules/zone.js/dist/zone-testing.js:558:1)
    at &lt;Jasmine&gt;
</failure>
  </testcase>
  <testcase name="ApiService getUserDetails should return user details" time="0.002" classname=".ApiService">
    <failure type="">Error: Expected one matching request for criteria "Match by function: ", found none. Requests received are: GET api/getProfile?uid=7ae2548c8ad985d89f8f9532.
    at HttpClientTestingBackend.expectOne (http://localhost:9876/_karma_webpack_/node_modules/@angular/common/fesm2015/http/testing.js:515:1)
    at UserContext.&lt;anonymous&gt; (http://localhost:9876/_karma_webpack_/src/app/services/api.service.spec.ts:223:40)
    at ZoneDelegate.invoke (http://localhost:9876/_karma_webpack_/node_modules/zone.js/dist/zone-evergreen.js:364:1)
    at ProxyZoneSpec.push../node_modules/zone.js/dist/zone-testing.js.ProxyZoneSpec.onInvoke (http://localhost:9876/_karma_webpack_/node_modules/zone.js/dist/zone-testing.js:292:1)
    at ZoneDelegate.invoke (http://localhost:9876/_karma_webpack_/node_modules/zone.js/dist/zone-evergreen.js:363:1)
    at Zone.run (http://localhost:9876/_karma_webpack_/node_modules/zone.js/dist/zone-evergreen.js:123:1)
    at runInTestZone (http://localhost:9876/_karma_webpack_/node_modules/zone.js/dist/zone-testing.js:542:1)
    at UserContext.&lt;anonymous&gt; (http://localhost:9876/_karma_webpack_/node_modules/zone.js/dist/zone-testing.js:558:1)
    at &lt;Jasmine&gt;
</failure>
  </testcase>
  <testcase name="ApiService requestedAppointments should return all appointments requested by all patients" time="0.001" classname=".ApiService">
    <failure type="">Error: Expected one matching request for criteria "Match by function: ", found none. Requests received are: GET api/fetchAppointment.
    at HttpClientTestingBackend.expectOne (http://localhost:9876/_karma_webpack_/node_modules/@angular/common/fesm2015/http/testing.js:515:1)
    at UserContext.&lt;anonymous&gt; (http://localhost:9876/_karma_webpack_/src/app/services/api.service.spec.ts:453:38)
    at ZoneDelegate.invoke (http://localhost:9876/_karma_webpack_/node_modules/zone.js/dist/zone-evergreen.js:364:1)
    at ProxyZoneSpec.push../node_modules/zone.js/dist/zone-testing.js.ProxyZoneSpec.onInvoke (http://localhost:9876/_karma_webpack_/node_modules/zone.js/dist/zone-testing.js:292:1)
    at ZoneDelegate.invoke (http://localhost:9876/_karma_webpack_/node_modules/zone.js/dist/zone-evergreen.js:363:1)
    at Zone.run (http://localhost:9876/_karma_webpack_/node_modules/zone.js/dist/zone-evergreen.js:123:1)
    at runInTestZone (http://localhost:9876/_karma_webpack_/node_modules/zone.js/dist/zone-testing.js:542:1)
    at UserContext.&lt;anonymous&gt; (http://localhost:9876/_karma_webpack_/node_modules/zone.js/dist/zone-testing.js:558:1)
    at &lt;Jasmine&gt;
</failure>
  </testcase>
  <testcase name="ApiService regNewUser should return status as failed if new user is not registered(email is already exists) " time="0.008" classname=".ApiService"/>
  <testcase name="RegisterNewUserComponent should not display location validation error when the location field is valid" time="0.076" classname=".RegisterNewUserComponent"/>
  <testcase name="RegisterNewUserComponent should display username pattern validation error" time="0.028" classname=".RegisterNewUserComponent"/>
  <testcase name="RegisterNewUserComponent should display mobile pattern validation error" time="0.012" classname=".RegisterNewUserComponent"/>
  <testcase name="RegisterNewUserComponent should not display email validation error when the email field is valid" time="0.008" classname=".RegisterNewUserComponent"/>
  <testcase name="RegisterNewUserComponent should enable Create Account button(form valid) when all fields are valid" time="0.01" classname=".RegisterNewUserComponent"/>
  <testcase name="RegisterNewUserComponent should not redirect to login page on occurence of error" time="0.012" classname=".RegisterNewUserComponent"/>
  <testcase name="RegisterNewUserComponent should not display any error when the username field is valid" time="0.008" classname=".RegisterNewUserComponent"/>
  <testcase name="RegisterNewUserComponent should not display password error when the password field is valid" time="0.014" classname=".RegisterNewUserComponent"/>
  <testcase name="RegisterNewUserComponent should display location validation error when the field kept as null(dirty)" time="0.016" classname=".RegisterNewUserComponent"/>
  <testcase name="RegisterNewUserComponent should call signUp method when all fields are valid" time="0.018" classname=".RegisterNewUserComponent"/>
  <testcase name="RegisterNewUserComponent should display no username validation error when the field kept as null(dirty)" time="0.013" classname=".RegisterNewUserComponent"/>
  <testcase name="RegisterNewUserComponent should navigate to login when clicked on back button" time="0.012" classname=".RegisterNewUserComponent"/>
  <testcase name="RegisterNewUserComponent should redirect to login page after successful registration" time="0.012" classname=".RegisterNewUserComponent"/>
  <testcase name="RegisterNewUserComponent should display no password validation error when the field kept as null(dirty)" time="0.012" classname=".RegisterNewUserComponent"/>
  <testcase name="RegisterNewUserComponent should display minlength 8 password validation error when the password length less than 8" time="0.013" classname=".RegisterNewUserComponent"/>
  <testcase name="RegisterNewUserComponent navigate to login page when clicked on back button" time="0.012" classname=".RegisterNewUserComponent"/>
  <testcase name="RegisterNewUserComponent All validation errors should be hidden and form should be invalid by default" time="0.012" classname=".RegisterNewUserComponent"/>
  <testcase name="RegisterNewUserComponent should not display mobile error when the mobile field is valid" time="0.013" classname=".RegisterNewUserComponent"/>
  <testcase name="RegisterNewUserComponent should display minlength 3 username validation error when the username length less than 3" time="0.013" classname=".RegisterNewUserComponent"/>
  <testcase name="RegisterNewUserComponent should display maxlength 20 username validation error when the username length greater than 20" time="0.014" classname=".RegisterNewUserComponent"/>
  <testcase name="RegisterNewUserComponent should display maxlength 20 password validation error when the password length greater less than 20" time="0.009" classname=".RegisterNewUserComponent"/>
  <testcase name="RegisterNewUserComponent should display email pattern validation error" time="0.015" classname=".RegisterNewUserComponent"/>
  <testcase name="RegisterNewUserComponent should display password pattern validation error" time="0.008" classname=".RegisterNewUserComponent"/>
  <testcase name="LoginComponent should display no username validation error when the field kept as null(dirty)" time="0.024" classname=".LoginComponent"/>
  <testcase name="LoginComponent should not redirect to other pages on incorrect credentials" time="0.017" classname=".LoginComponent"/>
  <testcase name="LoginComponent should display maxlength password validation error when the password length exceeds 20" time="0.012" classname=".LoginComponent"/>
  <testcase name="LoginComponent should enable login button(form valid) when both field are valid" time="0.007" classname=".LoginComponent"/>
  <testcase name="LoginComponent should display minlength 8 password validation error when the password length less than 8" time="0.012" classname=".LoginComponent"/>
  <testcase name="LoginComponent should display no password validation error when the field kept as null(dirty)" time="0.014" classname=".LoginComponent"/>
  <testcase name="LoginComponent should hide validation messages and call login method from authservice for valid credentials" time="0.007" classname=".LoginComponent"/>
  <testcase name="LoginComponent should display username pattern validation error" time="0.01" classname=".LoginComponent"/>
  <testcase name="LoginComponent should navigate to register-new-user page when clicked on &quot;sign up&quot; button" time="0.015" classname=".LoginComponent"/>
  <testcase name="LoginComponent should not redirect to other pages on occurence of error" time="0.015" classname=".LoginComponent">
    <failure type="">Error: 1 timer(s) still in the queue.
    at UserContext.&lt;anonymous&gt; (http://localhost:9876/_karma_webpack_/node_modules/zone.js/dist/zone-testing.js:1760:1)
    at ZoneDelegate.invoke (http://localhost:9876/_karma_webpack_/node_modules/zone.js/dist/zone-evergreen.js:364:1)
    at ProxyZoneSpec.push../node_modules/zone.js/dist/zone-testing.js.ProxyZoneSpec.onInvoke (http://localhost:9876/_karma_webpack_/node_modules/zone.js/dist/zone-testing.js:292:1)
    at ZoneDelegate.invoke (http://localhost:9876/_karma_webpack_/node_modules/zone.js/dist/zone-evergreen.js:363:1)
    at Zone.run (http://localhost:9876/_karma_webpack_/node_modules/zone.js/dist/zone-evergreen.js:123:1)
    at runInTestZone (http://localhost:9876/_karma_webpack_/node_modules/zone.js/dist/zone-testing.js:545:1)
    at UserContext.&lt;anonymous&gt; (http://localhost:9876/_karma_webpack_/node_modules/zone.js/dist/zone-testing.js:560:1)
    at &lt;Jasmine&gt;
</failure>
  </testcase>
  <testcase name="LoginComponent should display maxlength 20 username validation error when the username length greater than 20" time="0.011" classname=".LoginComponent"/>
  <testcase name="LoginComponent #dologin should return false if form is invalid" time="0.014" classname=".LoginComponent"/>
  <testcase name="LoginComponent should display minlength 3 username validation error when the username length less than 3" time="0.006" classname=".LoginComponent"/>
  <testcase name="LoginComponent should redirect to profile page on correct credentials" time="0.01" classname=".LoginComponent"/>
  <testcase name="LoginComponent should display password pattern validation error" time="0.012" classname=".LoginComponent"/>
  <testcase name="LoginComponent clear localStorage if any, when login" time="0.009" classname=".LoginComponent"/>
  <testcase name="LoginComponent All validation errors should be hidden and form should be invalid by default" time="0.01" classname=".LoginComponent"/>
  <testcase name="LoginComponent should not display any error when the username field is valid" time="0.029" classname=".LoginComponent"/>
  <testcase name="LoginComponent should not display password error when the password field is valid" time="0.016" classname=".LoginComponent"/>
  <testcase name="ViewPatientComponent should navigate to requested_appointments page after booking an appointment" time="0.035" classname=".ViewPatientComponent"/>
  <testcase name="ViewPatientComponent should call scheduleAppointment method of DataService with appointment details" time="0.009" classname=".ViewPatientComponent"/>
  <testcase name="ViewPatientComponent should call cancelAppointment method with selected appointment id" time="0.017" classname=".ViewPatientComponent">
    <failure type="">Expected spy cancelAppointment to have been called with:
  [ '6c57dfc5-2dce-4616-aa1d-9ac8bc510a3f' ]
but actual calls were:
  [ undefined ].

Call 0:
  Expected $[0] = undefined to equal '6c57dfc5-2dce-4616-aa1d-9ac8bc510a3f'.
    at &lt;Jasmine&gt;
    at http://localhost:9876/_karma_webpack_/src/app/component/view-patient/view-patient.component.spec.ts:281:43
    at ZoneDelegate.invoke (http://localhost:9876/_karma_webpack_/node_modules/zone.js/dist/zone-evergreen.js:364:1)
    at FakeAsyncTestZoneSpec.push../node_modules/zone.js/dist/zone-testing.js.FakeAsyncTestZoneSpec.onInvoke (http://localhost:9876/_karma_webpack_/node_modules/zone.js/dist/zone-testing.js:1652:1)
</failure>
  </testcase>
  <testcase name="ViewPatientComponent should call deleteAppointment method of DataService with selected appointment id" time="0.009" classname=".ViewPatientComponent">
    <failure type="">Expected spy deleteAppointment to have been called with:
  [ '6c57dfc5-2dce-4616-aa1d-9ac8bc510a3f' ]
but actual calls were:
  [ undefined ].

Call 0:
  Expected $[0] = undefined to equal '6c57dfc5-2dce-4616-aa1d-9ac8bc510a3f'.
    at &lt;Jasmine&gt;
    at http://localhost:9876/_karma_webpack_/src/app/component/view-patient/view-patient.component.spec.ts:296:45
    at ZoneDelegate.invoke (http://localhost:9876/_karma_webpack_/node_modules/zone.js/dist/zone-evergreen.js:364:1)
    at FakeAsyncTestZoneSpec.push../node_modules/zone.js/dist/zone-testing.js.FakeAsyncTestZoneSpec.onInvoke (http://localhost:9876/_karma_webpack_/node_modules/zone.js/dist/zone-testing.js:1652:1)
</failure>
  </testcase>
  <testcase name="ViewPatientComponent should call scheduleded method after deleting an appointment" time="0.02" classname=".ViewPatientComponent"/>
  <testcase name="ViewPatientComponent Book Appointment &amp; Scheduled Appointment should be enabled by default" time="0.011" classname=".ViewPatientComponent"/>
  <testcase name="ViewPatientComponent should call getParticularPatient method of DataService by default" time="0.015" classname=".ViewPatientComponent"/>
  <testcase name="ViewPatientComponent &quot;Book Appointment&quot; button should be disabled after clicking on &quot;Scheduled Appointment&quot;" time="0.015" classname=".ViewPatientComponent"/>
  <testcase name="ViewPatientComponent &quot;Scheduled Appointment&quot; button should be disabled after clicking on &quot;Scheduled Appointment&quot;" time="0.017" classname=".ViewPatientComponent"/>
  <testcase name="ViewPatientComponent should call scheduleAppointment method for valid form input&quot;" time="0.016" classname=".ViewPatientComponent"/>
  <testcase name="ViewPatientComponent should get particular patient appointments when clicking on &quot;scheduled Appointment&quot; button" time="0.012" classname=".ViewPatientComponent">
    <failure type="">Expected spy getSinglePatientAppointments to have been called with:
  [ '5fedcf3f-72aa-48fb-927a-492003779e07' ]
but actual calls were:
  [ undefined ].

Call 0:
  Expected $[0] = undefined to equal '5fedcf3f-72aa-48fb-927a-492003779e07'.
    at &lt;Jasmine&gt;
    at http://localhost:9876/_karma_webpack_/src/app/component/view-patient/view-patient.component.spec.ts:323:56
    at ZoneDelegate.invoke (http://localhost:9876/_karma_webpack_/node_modules/zone.js/dist/zone-evergreen.js:364:1)
    at FakeAsyncTestZoneSpec.push../node_modules/zone.js/dist/zone-testing.js.FakeAsyncTestZoneSpec.onInvoke (http://localhost:9876/_karma_webpack_/node_modules/zone.js/dist/zone-testing.js:1652:1)
</failure>
  </testcase>
  <testcase name="ViewPatientComponent should get diseasesList when clicking on &quot;Book Appointment&quot;" time="0.015" classname=".ViewPatientComponent"/>
  <testcase name="FormComponent should call submitform method for valid form" time="0.027" classname=".FormComponent"/>
  <testcase name="FormComponent should display name maximum length validation error when the field has greater than 20 length" time="0.013" classname=".FormComponent"/>
  <testcase name="FormComponent should not display email validation error when the email field is valid" time="0.02" classname=".FormComponent"/>
  <testcase name="FormComponent should display name minimum length validation error when the field has less than 3 length" time="0.027" classname=".FormComponent"/>
  <testcase name="FormComponent should display no name validation error when the field kept as null(dirty)" time="0.037" classname=".FormComponent"/>
  <testcase name="FormComponent should display mobile number pattern validation error when the field has value" time="0.008" classname=".FormComponent"/>
  <testcase name="FormComponent should display no date of birth validation error when the field kept as null(dirty)" time="0.01" classname=".FormComponent"/>
  <testcase name="FormComponent should display email pattern validation error" time="0.024" classname=".FormComponent"/>
  <testcase name="FormComponent All validation errors should be hidden and form should be invalid by default" time="0.008" classname=".FormComponent"/>
  <testcase name="FormComponent gender validation gets pass when clicking female radio button" time="0.023" classname=".FormComponent"/>
  <testcase name="FormComponent should navigate to PatientList page after successful registration" time="0.023" classname=".FormComponent"/>
  <testcase name="FormComponent gender validation gets pass when clicking male radio button" time="0.023" classname=".FormComponent"/>
  <testcase name="FormComponent gender field validity" time="0.011" classname=".FormComponent"/>
  <testcase name="FormComponent mobile field validity" time="0.015" classname=".FormComponent"/>
  <testcase name="FormComponent Date of birth validation gets pass when the field has valid value" time="0.019" classname=".FormComponent"/>
  <testcase name="AuthGuardService #canActivate should navigate to login if error occurs" time="0.024" classname=".AuthGuardService"/>
  <testcase name="AuthGuardService #canActivate should return false and navigate to login if user is not logged in" time="0.003" classname=".AuthGuardService"/>
  <testcase name="AuthGuardService #canActivate should return true for logged in users" time="0.003" classname=".AuthGuardService"/>
  <testcase name="ProfileComponent should display profile details on clicking discard button" time="0.016" classname=".ProfileComponent"/>
  <testcase name="ProfileComponent should validate the edit profile form" time="0.014" classname=".ProfileComponent">
    <failure type="">Error: Expected true to be falsy.
    at &lt;Jasmine&gt;
    at UserContext.&lt;anonymous&gt; (http://localhost:9876/_karma_webpack_/src/app/component/profile/profile.component.spec.ts:199:45)
    at ZoneDelegate.invoke (http://localhost:9876/_karma_webpack_/node_modules/zone.js/dist/zone-evergreen.js:364:1)
    at ProxyZoneSpec.push../node_modules/zone.js/dist/zone-testing.js.ProxyZoneSpec.onInvoke (http://localhost:9876/_karma_webpack_/node_modules/zone.js/dist/zone-testing.js:292:1)
</failure>
    <failure type="">Error: Expected true to be falsy.
    at &lt;Jasmine&gt;
    at UserContext.&lt;anonymous&gt; (http://localhost:9876/_karma_webpack_/src/app/component/profile/profile.component.spec.ts:202:45)
    at ZoneDelegate.invoke (http://localhost:9876/_karma_webpack_/node_modules/zone.js/dist/zone-evergreen.js:364:1)
    at ProxyZoneSpec.push../node_modules/zone.js/dist/zone-testing.js.ProxyZoneSpec.onInvoke (http://localhost:9876/_karma_webpack_/node_modules/zone.js/dist/zone-testing.js:292:1)
</failure>
    <failure type="">Error: Expected true to be falsy.
    at &lt;Jasmine&gt;
    at UserContext.&lt;anonymous&gt; (http://localhost:9876/_karma_webpack_/src/app/component/profile/profile.component.spec.ts:206:45)
    at ZoneDelegate.invoke (http://localhost:9876/_karma_webpack_/node_modules/zone.js/dist/zone-evergreen.js:364:1)
    at ProxyZoneSpec.push../node_modules/zone.js/dist/zone-testing.js.ProxyZoneSpec.onInvoke (http://localhost:9876/_karma_webpack_/node_modules/zone.js/dist/zone-testing.js:292:1)
</failure>
    <failure type="">Error: Expected true to be falsy.
    at &lt;Jasmine&gt;
    at UserContext.&lt;anonymous&gt; (http://localhost:9876/_karma_webpack_/src/app/component/profile/profile.component.spec.ts:209:45)
    at ZoneDelegate.invoke (http://localhost:9876/_karma_webpack_/node_modules/zone.js/dist/zone-evergreen.js:364:1)
    at ProxyZoneSpec.push../node_modules/zone.js/dist/zone-testing.js.ProxyZoneSpec.onInvoke (http://localhost:9876/_karma_webpack_/node_modules/zone.js/dist/zone-testing.js:292:1)
</failure>
  </testcase>
  <testcase name="ProfileComponent updateProfile should return error on occurence of error" time="0.008" classname=".ProfileComponent"/>
  <testcase name="ProfileComponent should display edit profile form on edit profile button click" time="0.016" classname=".ProfileComponent"/>
  <testcase name="ProfileComponent should display profile details on load" time="0.026" classname=".ProfileComponent">
    <failure type="">Error: Expected spy getProfileDetails to have been called.
    at &lt;Jasmine&gt;
    at http://localhost:9876/_karma_webpack_/src/app/component/profile/profile.component.spec.ts:96:43
    at ZoneDelegate.invoke (http://localhost:9876/_karma_webpack_/node_modules/zone.js/dist/zone-evergreen.js:364:1)
    at FakeAsyncTestZoneSpec.push../node_modules/zone.js/dist/zone-testing.js.FakeAsyncTestZoneSpec.onInvoke (http://localhost:9876/_karma_webpack_/node_modules/zone.js/dist/zone-testing.js:1652:1)
</failure>
    <failure type="">Error: Expected '' to equal 'test'.
    at &lt;Jasmine&gt;
    at http://localhost:9876/_karma_webpack_/src/app/component/profile/profile.component.spec.ts:109:45
    at ZoneDelegate.invoke (http://localhost:9876/_karma_webpack_/node_modules/zone.js/dist/zone-evergreen.js:364:1)
    at FakeAsyncTestZoneSpec.push../node_modules/zone.js/dist/zone-testing.js.FakeAsyncTestZoneSpec.onInvoke (http://localhost:9876/_karma_webpack_/node_modules/zone.js/dist/zone-testing.js:1652:1)
</failure>
    <failure type="">Error: Expected '' to equal '1234567890'.
    at &lt;Jasmine&gt;
    at http://localhost:9876/_karma_webpack_/src/app/component/profile/profile.component.spec.ts:110:43
    at ZoneDelegate.invoke (http://localhost:9876/_karma_webpack_/node_modules/zone.js/dist/zone-evergreen.js:364:1)
    at FakeAsyncTestZoneSpec.push../node_modules/zone.js/dist/zone-testing.js.FakeAsyncTestZoneSpec.onInvoke (http://localhost:9876/_karma_webpack_/node_modules/zone.js/dist/zone-testing.js:1652:1)
</failure>
    <failure type="">Error: Expected '' to equal 'test@test.com'.
    at &lt;Jasmine&gt;
    at http://localhost:9876/_karma_webpack_/src/app/component/profile/profile.component.spec.ts:111:42
    at ZoneDelegate.invoke (http://localhost:9876/_karma_webpack_/node_modules/zone.js/dist/zone-evergreen.js:364:1)
    at FakeAsyncTestZoneSpec.push../node_modules/zone.js/dist/zone-testing.js.FakeAsyncTestZoneSpec.onInvoke (http://localhost:9876/_karma_webpack_/node_modules/zone.js/dist/zone-testing.js:1652:1)
</failure>
    <failure type="">Error: Expected '' to equal 'testLocation'.
    at &lt;Jasmine&gt;
    at http://localhost:9876/_karma_webpack_/src/app/component/profile/profile.component.spec.ts:112:45
    at ZoneDelegate.invoke (http://localhost:9876/_karma_webpack_/node_modules/zone.js/dist/zone-evergreen.js:364:1)
    at FakeAsyncTestZoneSpec.push../node_modules/zone.js/dist/zone-testing.js.FakeAsyncTestZoneSpec.onInvoke (http://localhost:9876/_karma_webpack_/node_modules/zone.js/dist/zone-testing.js:1652:1)
</failure>
  </testcase>
  <testcase name="ProfileComponent should submit profile changes with validation" time="0.02" classname=".ProfileComponent"/>
  <testcase name="ProfileComponent should get getUserDetails method error on occurence of error" time="0.01" classname=".ProfileComponent">
    <failure type="">Error: Expected spy getProfileDetails to have been called.
    at &lt;Jasmine&gt;
    at http://localhost:9876/_karma_webpack_/src/app/component/profile/profile.component.spec.ts:130:43
    at ZoneDelegate.invoke (http://localhost:9876/_karma_webpack_/node_modules/zone.js/dist/zone-evergreen.js:364:1)
    at FakeAsyncTestZoneSpec.push../node_modules/zone.js/dist/zone-testing.js.FakeAsyncTestZoneSpec.onInvoke (http://localhost:9876/_karma_webpack_/node_modules/zone.js/dist/zone-testing.js:1652:1)
</failure>
  </testcase>
  <testcase name="ProfileComponent should populate form fields with values on edit profile button click" time="0.03" classname=".ProfileComponent">
    <failure type="">Error: Expected '' to equal 'test'.
    at &lt;Jasmine&gt;
    at http://localhost:9876/_karma_webpack_/src/app/component/profile/profile.component.spec.ts:230:68
    at ZoneDelegate.invoke (http://localhost:9876/_karma_webpack_/node_modules/zone.js/dist/zone-evergreen.js:364:1)
    at FakeAsyncTestZoneSpec.push../node_modules/zone.js/dist/zone-testing.js.FakeAsyncTestZoneSpec.onInvoke (http://localhost:9876/_karma_webpack_/node_modules/zone.js/dist/zone-testing.js:1652:1)
</failure>
    <failure type="">Error: Expected '' to equal 1234567890.
    at &lt;Jasmine&gt;
    at http://localhost:9876/_karma_webpack_/src/app/component/profile/profile.component.spec.ts:231:66
    at ZoneDelegate.invoke (http://localhost:9876/_karma_webpack_/node_modules/zone.js/dist/zone-evergreen.js:364:1)
    at FakeAsyncTestZoneSpec.push../node_modules/zone.js/dist/zone-testing.js.FakeAsyncTestZoneSpec.onInvoke (http://localhost:9876/_karma_webpack_/node_modules/zone.js/dist/zone-testing.js:1652:1)
</failure>
    <failure type="">Error: Expected '' to equal 'test@test.com'.
    at &lt;Jasmine&gt;
    at http://localhost:9876/_karma_webpack_/src/app/component/profile/profile.component.spec.ts:232:65
    at ZoneDelegate.invoke (http://localhost:9876/_karma_webpack_/node_modules/zone.js/dist/zone-evergreen.js:364:1)
    at FakeAsyncTestZoneSpec.push../node_modules/zone.js/dist/zone-testing.js.FakeAsyncTestZoneSpec.onInvoke (http://localhost:9876/_karma_webpack_/node_modules/zone.js/dist/zone-testing.js:1652:1)
</failure>
    <failure type="">Error: Expected '' to equal 'testLocation'.
    at &lt;Jasmine&gt;
    at http://localhost:9876/_karma_webpack_/src/app/component/profile/profile.component.spec.ts:233:68
    at ZoneDelegate.invoke (http://localhost:9876/_karma_webpack_/node_modules/zone.js/dist/zone-evergreen.js:364:1)
    at FakeAsyncTestZoneSpec.push../node_modules/zone.js/dist/zone-testing.js.FakeAsyncTestZoneSpec.onInvoke (http://localhost:9876/_karma_webpack_/node_modules/zone.js/dist/zone-testing.js:1652:1)
</failure>
  </testcase>
  <testcase name="ProfileComponent getUserDetails should return error on occurence of error" time="0.011" classname=".ProfileComponent"/>
  <testcase name="ProfileComponent should not call getProfileDetails if profile is not updated" time="0.012" classname=".ProfileComponent"/>
  <testcase name="HeaderComponent should get logged user details" time="0.026" classname=".HeaderComponent">
    <failure type="">Error: Expected spy getUserDetails to have been called.
    at &lt;Jasmine&gt;
    at http://localhost:9876/_karma_webpack_/src/app/component/header/header.component.spec.ts:104:41
    at ZoneDelegate.invoke (http://localhost:9876/_karma_webpack_/node_modules/zone.js/dist/zone-evergreen.js:364:1)
    at FakeAsyncTestZoneSpec.push../node_modules/zone.js/dist/zone-testing.js.FakeAsyncTestZoneSpec.onInvoke (http://localhost:9876/_karma_webpack_/node_modules/zone.js/dist/zone-testing.js:1652:1)
</failure>
    <failure type="">Error: Expected '' to be 'User2'.
    at &lt;Jasmine&gt;
    at http://localhost:9876/_karma_webpack_/src/app/component/header/header.component.spec.ts:106:37
    at ZoneDelegate.invoke (http://localhost:9876/_karma_webpack_/node_modules/zone.js/dist/zone-evergreen.js:364:1)
    at FakeAsyncTestZoneSpec.push../node_modules/zone.js/dist/zone-testing.js.FakeAsyncTestZoneSpec.onInvoke (http://localhost:9876/_karma_webpack_/node_modules/zone.js/dist/zone-testing.js:1652:1)
</failure>
  </testcase>
  <testcase name="HeaderComponent should get error on occurence of error" time="0.015" classname=".HeaderComponent"/>
  <testcase name="HeaderComponent should get profile details by default(when page loads)" time="0.015" classname=".HeaderComponent">
    <failure type="">Error: Expected spy getProfileDetails to have been called.
    at &lt;Jasmine&gt;
    at http://localhost:9876/_karma_webpack_/src/app/component/header/header.component.spec.ts:93:42
    at ZoneDelegate.invoke (http://localhost:9876/_karma_webpack_/node_modules/zone.js/dist/zone-evergreen.js:364:1)
    at FakeAsyncTestZoneSpec.push../node_modules/zone.js/dist/zone-testing.js.FakeAsyncTestZoneSpec.onInvoke (http://localhost:9876/_karma_webpack_/node_modules/zone.js/dist/zone-testing.js:1652:1)
</failure>
  </testcase>
  <testcase name="HeaderComponent should logout when clicked on &quot;logout&quot; menu" time="0.027" classname=".HeaderComponent">
    <failure type="">Error: Expected spy doLogOut to have been called.
    at &lt;Jasmine&gt;
    at UserContext.&lt;anonymous&gt; (http://localhost:9876/_karma_webpack_/src/app/component/header/header.component.spec.ts:131:34)
    at UserContext.&lt;anonymous&gt; (http://localhost:9876/_karma_webpack_/node_modules/zone.js/dist/zone-testing.js:1749:1)
    at ZoneDelegate.invoke (http://localhost:9876/_karma_webpack_/node_modules/zone.js/dist/zone-evergreen.js:364:1)
</failure>
  </testcase>
  <testcase name="AllRequestedAppointmentsComponent should call deleteAppointment method of dataService with the id of selected patient" time="0.02" classname=".AllRequestedAppointmentsComponent">
    <failure type="">Expected spy deleteAppointment to have been called with:
  [ '6c57dfc5-2dce-4616-aa1d-9ac8bc510a3f' ]
but actual calls were:
  [ undefined ].

Call 0:
  Expected $[0] = undefined to equal '6c57dfc5-2dce-4616-aa1d-9ac8bc510a3f'.
    at &lt;Jasmine&gt;
    at UserContext.&lt;anonymous&gt; (http://localhost:9876/_karma_webpack_/src/app/component/all-requested-appointments/all-requested-appointments.component.spec.ts:150:43)
    at UserContext.&lt;anonymous&gt; (http://localhost:9876/_karma_webpack_/node_modules/zone.js/dist/zone-testing.js:1749:1)
    at ZoneDelegate.invoke (http://localhost:9876/_karma_webpack_/node_modules/zone.js/dist/zone-evergreen.js:364:1)
</failure>
  </testcase>
  <testcase name="AllRequestedAppointmentsComponent should fetch all appointments after cancelling an appointment" time="0.01" classname=".AllRequestedAppointmentsComponent"/>
  <testcase name="AllRequestedAppointmentsComponent should call cancelAppointment method with the id of selected patient" time="0.018" classname=".AllRequestedAppointmentsComponent">
    <failure type="">Expected spy cancelAppointment to have been called with:
  [ '6c57dfc5-2dce-4616-aa1d-9ac8bc510a3f' ]
but actual calls were:
  [ undefined ].

Call 0:
  Expected $[0] = undefined to equal '6c57dfc5-2dce-4616-aa1d-9ac8bc510a3f'.
    at &lt;Jasmine&gt;
    at UserContext.&lt;anonymous&gt; (http://localhost:9876/_karma_webpack_/src/app/component/all-requested-appointments/all-requested-appointments.component.spec.ts:138:41)
    at UserContext.&lt;anonymous&gt; (http://localhost:9876/_karma_webpack_/node_modules/zone.js/dist/zone-testing.js:1749:1)
    at ZoneDelegate.invoke (http://localhost:9876/_karma_webpack_/node_modules/zone.js/dist/zone-evergreen.js:364:1)
</failure>
  </testcase>
  <testcase name="AllRequestedAppointmentsComponent should call view method with the id of selected patient" time="0.009" classname=".AllRequestedAppointmentsComponent"/>
  <testcase name="AllRequestedAppointmentsComponent should navigate to patientList page with selected patientId" time="0.018" classname=".AllRequestedAppointmentsComponent"/>
  <testcase name="AllRequestedAppointmentsComponent should call requestedAppointments method by default " time="0.024" classname=".AllRequestedAppointmentsComponent"/>
  <testcase name="HeaderInterceptor should add an Authorization header for registerPatient method" time="0.009" classname=".HeaderInterceptor">
    <failure type="">Error: Expected one matching request for criteria "Match URL: api/patients/register", found none. Requests received are: POST api/addPatient.
    at HttpClientTestingBackend.expectOne (http://localhost:9876/_karma_webpack_/node_modules/@angular/common/fesm2015/http/testing.js:515:1)
    at UserContext.&lt;anonymous&gt; (http://localhost:9876/_karma_webpack_/src/app/interceptors/headerInterceptor.spec.ts:93:34)
    at ZoneDelegate.invoke (http://localhost:9876/_karma_webpack_/node_modules/zone.js/dist/zone-evergreen.js:364:1)
    at ProxyZoneSpec.push../node_modules/zone.js/dist/zone-testing.js.ProxyZoneSpec.onInvoke (http://localhost:9876/_karma_webpack_/node_modules/zone.js/dist/zone-testing.js:292:1)
    at ZoneDelegate.invoke (http://localhost:9876/_karma_webpack_/node_modules/zone.js/dist/zone-evergreen.js:363:1)
    at Zone.run (http://localhost:9876/_karma_webpack_/node_modules/zone.js/dist/zone-evergreen.js:123:1)
    at runInTestZone (http://localhost:9876/_karma_webpack_/node_modules/zone.js/dist/zone-testing.js:545:1)
    at UserContext.&lt;anonymous&gt; (http://localhost:9876/_karma_webpack_/node_modules/zone.js/dist/zone-testing.js:560:1)
    at &lt;Jasmine&gt;
</failure>
  </testcase>
  <testcase name="HeaderInterceptor should add an Authorization header for requestedAppointments method" time="0.007" classname=".HeaderInterceptor">
    <failure type="">Error: Expected one matching request for criteria "Match URL: api/appointment/list", found none. Requests received are: GET api/fetchAppointment.
    at HttpClientTestingBackend.expectOne (http://localhost:9876/_karma_webpack_/node_modules/@angular/common/fesm2015/http/testing.js:515:1)
    at UserContext.&lt;anonymous&gt; (http://localhost:9876/_karma_webpack_/src/app/interceptors/headerInterceptor.spec.ts:165:34)
    at ZoneDelegate.invoke (http://localhost:9876/_karma_webpack_/node_modules/zone.js/dist/zone-evergreen.js:364:1)
    at ProxyZoneSpec.push../node_modules/zone.js/dist/zone-testing.js.ProxyZoneSpec.onInvoke (http://localhost:9876/_karma_webpack_/node_modules/zone.js/dist/zone-testing.js:292:1)
    at ZoneDelegate.invoke (http://localhost:9876/_karma_webpack_/node_modules/zone.js/dist/zone-evergreen.js:363:1)
    at Zone.run (http://localhost:9876/_karma_webpack_/node_modules/zone.js/dist/zone-evergreen.js:123:1)
    at runInTestZone (http://localhost:9876/_karma_webpack_/node_modules/zone.js/dist/zone-testing.js:545:1)
    at UserContext.&lt;anonymous&gt; (http://localhost:9876/_karma_webpack_/node_modules/zone.js/dist/zone-testing.js:560:1)
    at &lt;Jasmine&gt;
</failure>
  </testcase>
  <testcase name="HeaderInterceptor should add an Authorization header for getAllPatientsList method" time="0.008" classname=".HeaderInterceptor">
    <failure type="">Error: Expected one matching request for criteria "Match URL: api/patients/list/", found none. Requests received are: GET api/fetchPatient.
    at HttpClientTestingBackend.expectOne (http://localhost:9876/_karma_webpack_/node_modules/@angular/common/fesm2015/http/testing.js:515:1)
    at UserContext.&lt;anonymous&gt; (http://localhost:9876/_karma_webpack_/src/app/interceptors/headerInterceptor.spec.ts:102:34)
    at ZoneDelegate.invoke (http://localhost:9876/_karma_webpack_/node_modules/zone.js/dist/zone-evergreen.js:364:1)
    at ProxyZoneSpec.push../node_modules/zone.js/dist/zone-testing.js.ProxyZoneSpec.onInvoke (http://localhost:9876/_karma_webpack_/node_modules/zone.js/dist/zone-testing.js:292:1)
    at ZoneDelegate.invoke (http://localhost:9876/_karma_webpack_/node_modules/zone.js/dist/zone-evergreen.js:363:1)
    at Zone.run (http://localhost:9876/_karma_webpack_/node_modules/zone.js/dist/zone-evergreen.js:123:1)
    at runInTestZone (http://localhost:9876/_karma_webpack_/node_modules/zone.js/dist/zone-testing.js:545:1)
    at UserContext.&lt;anonymous&gt; (http://localhost:9876/_karma_webpack_/node_modules/zone.js/dist/zone-testing.js:560:1)
    at &lt;Jasmine&gt;
</failure>
  </testcase>
  <testcase name="HeaderInterceptor should add an Authorization header for deleteAppointment method" time="0.006" classname=".HeaderInterceptor">
    <failure type="">Error: Expected one matching request for criteria "Match URL: api/appointment/delete/7ae2548c8ai8g53q8sd89532", found none. Requests received are: DELETE api/deleteAppointment?appointmentId=7ae2548c8ai8g53q8sd89532.
    at HttpClientTestingBackend.expectOne (http://localhost:9876/_karma_webpack_/node_modules/@angular/common/fesm2015/http/testing.js:515:1)
    at UserContext.&lt;anonymous&gt; (http://localhost:9876/_karma_webpack_/src/app/interceptors/headerInterceptor.spec.ts:156:34)
    at ZoneDelegate.invoke (http://localhost:9876/_karma_webpack_/node_modules/zone.js/dist/zone-evergreen.js:364:1)
    at ProxyZoneSpec.push../node_modules/zone.js/dist/zone-testing.js.ProxyZoneSpec.onInvoke (http://localhost:9876/_karma_webpack_/node_modules/zone.js/dist/zone-testing.js:292:1)
    at ZoneDelegate.invoke (http://localhost:9876/_karma_webpack_/node_modules/zone.js/dist/zone-evergreen.js:363:1)
    at Zone.run (http://localhost:9876/_karma_webpack_/node_modules/zone.js/dist/zone-evergreen.js:123:1)
    at runInTestZone (http://localhost:9876/_karma_webpack_/node_modules/zone.js/dist/zone-testing.js:545:1)
    at UserContext.&lt;anonymous&gt; (http://localhost:9876/_karma_webpack_/node_modules/zone.js/dist/zone-testing.js:560:1)
    at &lt;Jasmine&gt;
</failure>
  </testcase>
  <testcase name="HeaderInterceptor should add an Authorization header for getUserDetails method" time="0.007" classname=".HeaderInterceptor">
    <failure type="">Error: Expected one matching request for criteria "Match URL: api/viewprofile/7ae2548c8ad985d89f8f9532", found none. Requests received are: GET api/getProfile?uid=7ae2548c8ad985d89f8f9532.
    at HttpClientTestingBackend.expectOne (http://localhost:9876/_karma_webpack_/node_modules/@angular/common/fesm2015/http/testing.js:515:1)
    at UserContext.&lt;anonymous&gt; (http://localhost:9876/_karma_webpack_/src/app/interceptors/headerInterceptor.spec.ts:62:34)
    at ZoneDelegate.invoke (http://localhost:9876/_karma_webpack_/node_modules/zone.js/dist/zone-evergreen.js:364:1)
    at ProxyZoneSpec.push../node_modules/zone.js/dist/zone-testing.js.ProxyZoneSpec.onInvoke (http://localhost:9876/_karma_webpack_/node_modules/zone.js/dist/zone-testing.js:292:1)
    at ZoneDelegate.invoke (http://localhost:9876/_karma_webpack_/node_modules/zone.js/dist/zone-evergreen.js:363:1)
    at Zone.run (http://localhost:9876/_karma_webpack_/node_modules/zone.js/dist/zone-evergreen.js:123:1)
    at runInTestZone (http://localhost:9876/_karma_webpack_/node_modules/zone.js/dist/zone-testing.js:545:1)
    at UserContext.&lt;anonymous&gt; (http://localhost:9876/_karma_webpack_/node_modules/zone.js/dist/zone-testing.js:560:1)
    at &lt;Jasmine&gt;
</failure>
  </testcase>
  <testcase name="HeaderInterceptor should add an Authorization header for updateDetails method" time="0.008" classname=".HeaderInterceptor">
    <failure type="">Error: Expected one matching request for criteria "Match URL: api/editprofile/7ae2548c8ad985", found none. Requests received are: PUT api/userId.
    at HttpClientTestingBackend.expectOne (http://localhost:9876/_karma_webpack_/node_modules/@angular/common/fesm2015/http/testing.js:515:1)
    at UserContext.&lt;anonymous&gt; (http://localhost:9876/_karma_webpack_/src/app/interceptors/headerInterceptor.spec.ts:77:34)
    at ZoneDelegate.invoke (http://localhost:9876/_karma_webpack_/node_modules/zone.js/dist/zone-evergreen.js:364:1)
    at ProxyZoneSpec.push../node_modules/zone.js/dist/zone-testing.js.ProxyZoneSpec.onInvoke (http://localhost:9876/_karma_webpack_/node_modules/zone.js/dist/zone-testing.js:292:1)
    at ZoneDelegate.invoke (http://localhost:9876/_karma_webpack_/node_modules/zone.js/dist/zone-evergreen.js:363:1)
    at Zone.run (http://localhost:9876/_karma_webpack_/node_modules/zone.js/dist/zone-evergreen.js:123:1)
    at runInTestZone (http://localhost:9876/_karma_webpack_/node_modules/zone.js/dist/zone-testing.js:545:1)
    at UserContext.&lt;anonymous&gt; (http://localhost:9876/_karma_webpack_/node_modules/zone.js/dist/zone-testing.js:560:1)
    at &lt;Jasmine&gt;
</failure>
  </testcase>
  <testcase name="HeaderInterceptor should add an Authorization header for diseasesList method" time="0.003" classname=".HeaderInterceptor">
    <failure type="">Error: Expected 'eyJhbGciOiJIUzI1NiIsInR5cCI6I' to be 'Bearer eyJhbGciOiJIUzI1NiIsInR5cCI6I'.
    at &lt;Jasmine&gt;
    at UserContext.&lt;anonymous&gt; (http://localhost:9876/_karma_webpack_/src/app/interceptors/headerInterceptor.spec.ts:123:62)
    at ZoneDelegate.invoke (http://localhost:9876/_karma_webpack_/node_modules/zone.js/dist/zone-evergreen.js:364:1)
    at ProxyZoneSpec.push../node_modules/zone.js/dist/zone-testing.js.ProxyZoneSpec.onInvoke (http://localhost:9876/_karma_webpack_/node_modules/zone.js/dist/zone-testing.js:292:1)
</failure>
  </testcase>
  <testcase name="HeaderInterceptor should add an Authorization header for getParticularPatient method" time="0.005" classname=".HeaderInterceptor">
    <failure type="">Error: Expected one matching request for criteria "Match URL: api/patients/view/7ae2548c8ad985d89f8f9532", found none. Requests received are: GET api/fetchSinglePatient?patientId=7ae2548c8ad985d89f8f9532.
    at HttpClientTestingBackend.expectOne (http://localhost:9876/_karma_webpack_/node_modules/@angular/common/fesm2015/http/testing.js:515:1)
    at UserContext.&lt;anonymous&gt; (http://localhost:9876/_karma_webpack_/src/app/interceptors/headerInterceptor.spec.ts:112:34)
    at ZoneDelegate.invoke (http://localhost:9876/_karma_webpack_/node_modules/zone.js/dist/zone-evergreen.js:364:1)
    at ProxyZoneSpec.push../node_modules/zone.js/dist/zone-testing.js.ProxyZoneSpec.onInvoke (http://localhost:9876/_karma_webpack_/node_modules/zone.js/dist/zone-testing.js:292:1)
    at ZoneDelegate.invoke (http://localhost:9876/_karma_webpack_/node_modules/zone.js/dist/zone-evergreen.js:363:1)
    at Zone.run (http://localhost:9876/_karma_webpack_/node_modules/zone.js/dist/zone-evergreen.js:123:1)
    at runInTestZone (http://localhost:9876/_karma_webpack_/node_modules/zone.js/dist/zone-testing.js:545:1)
    at UserContext.&lt;anonymous&gt; (http://localhost:9876/_karma_webpack_/node_modules/zone.js/dist/zone-testing.js:560:1)
    at &lt;Jasmine&gt;
</failure>
  </testcase>
  <testcase name="HeaderInterceptor should add an Authorization header for getSinglePatientAppointments method" time="0.004" classname=".HeaderInterceptor">
    <failure type="">Error: Expected one matching request for criteria "Match URL: api/appointment/list/7ae2548c8ad98jhu8sd89532", found none. Requests received are: GET api/singlePatientAppointments?patientId=7ae2548c8ad98jhu8sd89532.
    at HttpClientTestingBackend.expectOne (http://localhost:9876/_karma_webpack_/node_modules/@angular/common/fesm2015/http/testing.js:515:1)
    at UserContext.&lt;anonymous&gt; (http://localhost:9876/_karma_webpack_/src/app/interceptors/headerInterceptor.spec.ts:146:34)
    at ZoneDelegate.invoke (http://localhost:9876/_karma_webpack_/node_modules/zone.js/dist/zone-evergreen.js:364:1)
    at ProxyZoneSpec.push../node_modules/zone.js/dist/zone-testing.js.ProxyZoneSpec.onInvoke (http://localhost:9876/_karma_webpack_/node_modules/zone.js/dist/zone-testing.js:292:1)
    at ZoneDelegate.invoke (http://localhost:9876/_karma_webpack_/node_modules/zone.js/dist/zone-evergreen.js:363:1)
    at Zone.run (http://localhost:9876/_karma_webpack_/node_modules/zone.js/dist/zone-evergreen.js:123:1)
    at runInTestZone (http://localhost:9876/_karma_webpack_/node_modules/zone.js/dist/zone-testing.js:545:1)
    at UserContext.&lt;anonymous&gt; (http://localhost:9876/_karma_webpack_/node_modules/zone.js/dist/zone-testing.js:560:1)
    at &lt;Jasmine&gt;
</failure>
  </testcase>
  <testcase name="HeaderInterceptor should add an Authorization header for scheduleAppointment method" time="0.004" classname=".HeaderInterceptor">
    <failure type="">Error: Expected one matching request for criteria "Match URL: api/appointment/register", found none. Requests received are: POST api/bookAppointment.
    at HttpClientTestingBackend.expectOne (http://localhost:9876/_karma_webpack_/node_modules/@angular/common/fesm2015/http/testing.js:515:1)
    at UserContext.&lt;anonymous&gt; (http://localhost:9876/_karma_webpack_/src/app/interceptors/headerInterceptor.spec.ts:136:34)
    at ZoneDelegate.invoke (http://localhost:9876/_karma_webpack_/node_modules/zone.js/dist/zone-evergreen.js:364:1)
    at ProxyZoneSpec.push../node_modules/zone.js/dist/zone-testing.js.ProxyZoneSpec.onInvoke (http://localhost:9876/_karma_webpack_/node_modules/zone.js/dist/zone-testing.js:292:1)
    at ZoneDelegate.invoke (http://localhost:9876/_karma_webpack_/node_modules/zone.js/dist/zone-evergreen.js:363:1)
    at Zone.run (http://localhost:9876/_karma_webpack_/node_modules/zone.js/dist/zone-evergreen.js:123:1)
    at runInTestZone (http://localhost:9876/_karma_webpack_/node_modules/zone.js/dist/zone-testing.js:545:1)
    at UserContext.&lt;anonymous&gt; (http://localhost:9876/_karma_webpack_/node_modules/zone.js/dist/zone-testing.js:560:1)
    at &lt;Jasmine&gt;
</failure>
  </testcase>
  <testcase name="HeaderInterceptor should not add an Authorization header for regNewUser method" time="0.002" classname=".HeaderInterceptor"/>
  <testcase name="HeaderInterceptor should not add an Authorization header for checkLogin method" time="0.012" classname=".HeaderInterceptor">
    <failure type="">Error: Expected one matching request for criteria "Match URL: api/signin", found none. Requests received are: POST api/login.
    at HttpClientTestingBackend.expectOne (http://localhost:9876/_karma_webpack_/node_modules/@angular/common/fesm2015/http/testing.js:515:1)
    at UserContext.&lt;anonymous&gt; (http://localhost:9876/_karma_webpack_/src/app/interceptors/headerInterceptor.spec.ts:35:34)
    at ZoneDelegate.invoke (http://localhost:9876/_karma_webpack_/node_modules/zone.js/dist/zone-evergreen.js:364:1)
    at ProxyZoneSpec.push../node_modules/zone.js/dist/zone-testing.js.ProxyZoneSpec.onInvoke (http://localhost:9876/_karma_webpack_/node_modules/zone.js/dist/zone-testing.js:292:1)
    at ZoneDelegate.invoke (http://localhost:9876/_karma_webpack_/node_modules/zone.js/dist/zone-evergreen.js:363:1)
    at Zone.run (http://localhost:9876/_karma_webpack_/node_modules/zone.js/dist/zone-evergreen.js:123:1)
    at runInTestZone (http://localhost:9876/_karma_webpack_/node_modules/zone.js/dist/zone-testing.js:545:1)
    at UserContext.&lt;anonymous&gt; (http://localhost:9876/_karma_webpack_/node_modules/zone.js/dist/zone-testing.js:560:1)
    at &lt;Jasmine&gt;
</failure>
  </testcase>
  <testcase name="AllPatientsListComponent should navigate to patientList page with selected patientId : case 2" time="0.012" classname=".AllPatientsListComponent">
    <failure type="">Expected spy view to have been called with:
  [ '5d8fb22e1d9d0652ef4781ad' ]
but actual calls were:
  [ undefined ].

Call 0:
  Expected $[0] = undefined to equal '5d8fb22e1d9d0652ef4781ad'.
    at &lt;Jasmine&gt;
    at UserContext.&lt;anonymous&gt; (http://localhost:9876/_karma_webpack_/src/app/component/all-patients-list/all-patients-list.component.spec.ts:146:28)
    at UserContext.&lt;anonymous&gt; (http://localhost:9876/_karma_webpack_/node_modules/zone.js/dist/zone-testing.js:1749:1)
    at ZoneDelegate.invoke (http://localhost:9876/_karma_webpack_/node_modules/zone.js/dist/zone-evergreen.js:364:1)
</failure>
    <failure type="">Error: Expected '' to be '/patientList/5d8fb22e1d9d0652ef4781ad'.
    at &lt;Jasmine&gt;
    at http://localhost:9876/_karma_webpack_/src/app/component/all-patients-list/all-patients-list.component.spec.ts:148:31
    at ZoneDelegate.invoke (http://localhost:9876/_karma_webpack_/node_modules/zone.js/dist/zone-evergreen.js:364:1)
    at FakeAsyncTestZoneSpec.push../node_modules/zone.js/dist/zone-testing.js.FakeAsyncTestZoneSpec.onInvoke (http://localhost:9876/_karma_webpack_/node_modules/zone.js/dist/zone-testing.js:1652:1)
</failure>
  </testcase>
  <testcase name="AllPatientsListComponent should call view method with the id of selected patient" time="0.008" classname=".AllPatientsListComponent">
    <failure type="">Expected spy view to have been called with:
  [ '5fedcf3f-72aa-48fb-927a-492003779e07' ]
but actual calls were:
  [ undefined ].

Call 0:
  Expected $[0] = undefined to equal '5fedcf3f-72aa-48fb-927a-492003779e07'.
    at &lt;Jasmine&gt;
    at UserContext.&lt;anonymous&gt; (http://localhost:9876/_karma_webpack_/src/app/component/all-patients-list/all-patients-list.component.spec.ts:121:28)
    at UserContext.&lt;anonymous&gt; (http://localhost:9876/_karma_webpack_/node_modules/zone.js/dist/zone-testing.js:1749:1)
    at ZoneDelegate.invoke (http://localhost:9876/_karma_webpack_/node_modules/zone.js/dist/zone-evergreen.js:364:1)
</failure>
  </testcase>
  <testcase name="AllPatientsListComponent should navigate to patientList page with selected patientId : case 1" time="0.016" classname=".AllPatientsListComponent">
    <failure type="">Expected spy view to have been called with:
  [ '5fedcf3f-72aa-48fb-927a-492003779e07' ]
but actual calls were:
  [ undefined ].

Call 0:
  Expected $[0] = undefined to equal '5fedcf3f-72aa-48fb-927a-492003779e07'.
    at &lt;Jasmine&gt;
    at UserContext.&lt;anonymous&gt; (http://localhost:9876/_karma_webpack_/src/app/component/all-patients-list/all-patients-list.component.spec.ts:132:28)
    at UserContext.&lt;anonymous&gt; (http://localhost:9876/_karma_webpack_/node_modules/zone.js/dist/zone-testing.js:1749:1)
    at ZoneDelegate.invoke (http://localhost:9876/_karma_webpack_/node_modules/zone.js/dist/zone-evergreen.js:364:1)
</failure>
    <failure type="">Error: Expected '' to be '/patientList/5fedcf3f-72aa-48fb-927a-492003779e07'.
    at &lt;Jasmine&gt;
    at http://localhost:9876/_karma_webpack_/src/app/component/all-patients-list/all-patients-list.component.spec.ts:134:31
    at ZoneDelegate.invoke (http://localhost:9876/_karma_webpack_/node_modules/zone.js/dist/zone-evergreen.js:364:1)
    at FakeAsyncTestZoneSpec.push../node_modules/zone.js/dist/zone-testing.js.FakeAsyncTestZoneSpec.onInvoke (http://localhost:9876/_karma_webpack_/node_modules/zone.js/dist/zone-testing.js:1652:1)
</failure>
  </testcase>
  <testcase name="AllPatientsListComponent should call getAllPatientsList method when page loads " time="0.009" classname=".AllPatientsListComponent"/>
  <system-out>
    <![CDATA[Chrome Headless 96.0.4664.45 (Windows 10) WARN: 'Navigation triggered outside Angular zone, did you forget to call 'ngZone.run()'?'
,Chrome Headless 96.0.4664.45 (Windows 10) WARN: 'Navigation triggered outside Angular zone, did you forget to call 'ngZone.run()'?'
,Chrome Headless 96.0.4664.45 (Windows 10) WARN: 'Navigation triggered outside Angular zone, did you forget to call 'ngZone.run()'?'
,Chrome Headless 96.0.4664.45 (Windows 10) WARN: ''fa' is not a known element:
1. If 'fa' is an Angular component, then verify that it is part of this module.
2. To allow any element add 'NO_ERRORS_SCHEMA' to the '@NgModule.schemas' of this component.'
,Chrome Headless 96.0.4664.45 (Windows 10) WARN: ''fa' is not a known element:
1. If 'fa' is an Angular component, then verify that it is part of this module.
2. To allow any element add 'NO_ERRORS_SCHEMA' to the '@NgModule.schemas' of this component.'
,Chrome Headless 96.0.4664.45 (Windows 10) WARN: ''fa' is not a known element:
1. If 'fa' is an Angular component, then verify that it is part of this module.
2. To allow any element add 'NO_ERRORS_SCHEMA' to the '@NgModule.schemas' of this component.'
,Chrome Headless 96.0.4664.45 (Windows 10) WARN: ''fa' is not a known element:
1. If 'fa' is an Angular component, then verify that it is part of this module.
2. To allow any element add 'NO_ERRORS_SCHEMA' to the '@NgModule.schemas' of this component.'
,Chrome Headless 96.0.4664.45 (Windows 10) WARN: ''fa' is not a known element:
1. If 'fa' is an Angular component, then verify that it is part of this module.
2. To allow any element add 'NO_ERRORS_SCHEMA' to the '@NgModule.schemas' of this component.'
,Chrome Headless 96.0.4664.45 (Windows 10) WARN: ''fa' is not a known element:
1. If 'fa' is an Angular component, then verify that it is part of this module.
2. To allow any element add 'NO_ERRORS_SCHEMA' to the '@NgModule.schemas' of this component.'
,Chrome Headless 96.0.4664.45 (Windows 10) WARN: ''fa' is not a known element:
1. If 'fa' is an Angular component, then verify that it is part of this module.
2. To allow any element add 'NO_ERRORS_SCHEMA' to the '@NgModule.schemas' of this component.'
,Chrome Headless 96.0.4664.45 (Windows 10) WARN: ''fa' is not a known element:
1. If 'fa' is an Angular component, then verify that it is part of this module.
2. To allow any element add 'NO_ERRORS_SCHEMA' to the '@NgModule.schemas' of this component.'
,Chrome Headless 96.0.4664.45 (Windows 10) WARN: ''fa' is not a known element:
1. If 'fa' is an Angular component, then verify that it is part of this module.
2. To allow any element add 'NO_ERRORS_SCHEMA' to the '@NgModule.schemas' of this component.'
,Chrome Headless 96.0.4664.45 (Windows 10) WARN: ''fa' is not a known element:
1. If 'fa' is an Angular component, then verify that it is part of this module.
2. To allow any element add 'NO_ERRORS_SCHEMA' to the '@NgModule.schemas' of this component.'
,Chrome Headless 96.0.4664.45 (Windows 10) WARN: ''fa' is not a known element:
1. If 'fa' is an Angular component, then verify that it is part of this module.
2. To allow any element add 'NO_ERRORS_SCHEMA' to the '@NgModule.schemas' of this component.'
,Chrome Headless 96.0.4664.45 (Windows 10) WARN: ''fa' is not a known element:
1. If 'fa' is an Angular component, then verify that it is part of this module.
2. To allow any element add 'NO_ERRORS_SCHEMA' to the '@NgModule.schemas' of this component.'
,Chrome Headless 96.0.4664.45 (Windows 10) WARN: ''fa' is not a known element:
1. If 'fa' is an Angular component, then verify that it is part of this module.
2. To allow any element add 'NO_ERRORS_SCHEMA' to the '@NgModule.schemas' of this component.'
,Chrome Headless 96.0.4664.45 (Windows 10) WARN: ''fa' is not a known element:
1. If 'fa' is an Angular component, then verify that it is part of this module.
2. To allow any element add 'NO_ERRORS_SCHEMA' to the '@NgModule.schemas' of this component.'
,Chrome Headless 96.0.4664.45 (Windows 10) WARN: ''fa' is not a known element:
1. If 'fa' is an Angular component, then verify that it is part of this module.
2. To allow any element add 'NO_ERRORS_SCHEMA' to the '@NgModule.schemas' of this component.'
,Chrome Headless 96.0.4664.45 (Windows 10) WARN: ''fa' is not a known element:
1. If 'fa' is an Angular component, then verify that it is part of this module.
2. To allow any element add 'NO_ERRORS_SCHEMA' to the '@NgModule.schemas' of this component.'
,Chrome Headless 96.0.4664.45 (Windows 10) ERROR: 'ERROR', TypeError: Cannot convert undefined or null to object
TypeError: Cannot convert undefined or null to object
    at Function.keys (<anonymous>)
    at FormGroup.patchValue (http://localhost:9876/_karma_webpack_/node_modules/@angular/forms/fesm2015/forms.js:5362:1)
    at ProfileComponent.editMyProfile (http://localhost:9876/_karma_webpack_/src/app/component/profile/profile.component.ts:75:26)
    at SpyStrategy.exec (http://localhost:9876/base/node_modules/jasmine-core/lib/jasmine-core/jasmine.js?fbc7eaf339ea249d8c912b258548d4e7b4dc180c:7496:22)
    at SpyStrategyDispatcher.exec (http://localhost:9876/base/node_modules/jasmine-core/lib/jasmine-core/jasmine.js?fbc7eaf339ea249d8c912b258548d4e7b4dc180c:7062:23)
    at ProfileComponent.spy (http://localhost:9876/base/node_modules/jasmine-core/lib/jasmine-core/jasmine.js?fbc7eaf339ea249d8c912b258548d4e7b4dc180c:6942:46)
    at ProfileComponent.<anonymous> (http://localhost:9876/base/node_modules/jasmine-core/lib/jasmine-core/jasmine.js?fbc7eaf339ea249d8c912b258548d4e7b4dc180c:6916:20)
    at ProfileComponent.editMyProfile (http://localhost:9876/base/node_modules/jasmine-core/lib/jasmine-core/jasmine.js?fbc7eaf339ea249d8c912b258548d4e7b4dc180c:6988:23)
    at ProfileComponent_button_10_Template_button_click_0_listener (ng:///ProfileComponent.js:158:21)
    at executeListenerWithErrorHandling (http://localhost:9876/_karma_webpack_/node_modules/@angular/core/fesm2015/core.js:21815:1)
,Chrome Headless 96.0.4664.45 (Windows 10) WARN: ''fa' is not a known element:
1. If 'fa' is an Angular component, then verify that it is part of this module.
2. To allow any element add 'NO_ERRORS_SCHEMA' to the '@NgModule.schemas' of this component.'
,Chrome Headless 96.0.4664.45 (Windows 10) WARN: ''fa' is not a known element:
1. If 'fa' is an Angular component, then verify that it is part of this module.
2. To allow any element add 'NO_ERRORS_SCHEMA' to the '@NgModule.schemas' of this component.'
,Chrome Headless 96.0.4664.45 (Windows 10) WARN: ''fa' is not a known element:
1. If 'fa' is an Angular component, then verify that it is part of this module.
2. To allow any element add 'NO_ERRORS_SCHEMA' to the '@NgModule.schemas' of this component.'
,Chrome Headless 96.0.4664.45 (Windows 10) WARN: ''fa' is not a known element:
1. If 'fa' is an Angular component, then verify that it is part of this module.
2. To allow any element add 'NO_ERRORS_SCHEMA' to the '@NgModule.schemas' of this component.'
,Chrome Headless 96.0.4664.45 (Windows 10) WARN: ''fa' is not a known element:
1. If 'fa' is an Angular component, then verify that it is part of this module.
2. To allow any element add 'NO_ERRORS_SCHEMA' to the '@NgModule.schemas' of this component.'
,Chrome Headless 96.0.4664.45 (Windows 10) WARN: ''fa' is not a known element:
1. If 'fa' is an Angular component, then verify that it is part of this module.
2. To allow any element add 'NO_ERRORS_SCHEMA' to the '@NgModule.schemas' of this component.'
,Chrome Headless 96.0.4664.45 (Windows 10) WARN: ''fa' is not a known element:
1. If 'fa' is an Angular component, then verify that it is part of this module.
2. To allow any element add 'NO_ERRORS_SCHEMA' to the '@NgModule.schemas' of this component.'
,Chrome Headless 96.0.4664.45 (Windows 10) WARN: ''fa' is not a known element:
1. If 'fa' is an Angular component, then verify that it is part of this module.
2. To allow any element add 'NO_ERRORS_SCHEMA' to the '@NgModule.schemas' of this component.'
,Chrome Headless 96.0.4664.45 (Windows 10) ERROR: 'ERROR', TypeError: Cannot convert undefined or null to object
TypeError: Cannot convert undefined or null to object
    at Function.keys (<anonymous>)
    at FormGroup.patchValue (http://localhost:9876/_karma_webpack_/node_modules/@angular/forms/fesm2015/forms.js:5362:1)
    at ProfileComponent.editMyProfile (http://localhost:9876/_karma_webpack_/src/app/component/profile/profile.component.ts:75:26)
    at ProfileComponent_button_10_Template_button_click_0_listener (ng:///ProfileComponent.js:158:21)
    at executeListenerWithErrorHandling (http://localhost:9876/_karma_webpack_/node_modules/@angular/core/fesm2015/core.js:21815:1)
    at wrapListenerIn_markDirtyAndPreventDefault (http://localhost:9876/_karma_webpack_/node_modules/@angular/core/fesm2015/core.js:21857:1)
    at HTMLButtonElement.<anonymous> (http://localhost:9876/_karma_webpack_/node_modules/@angular/platform-browser/fesm2015/platform-browser.js:976:1)
    at ZoneDelegate.invokeTask (http://localhost:9876/_karma_webpack_/node_modules/zone.js/dist/zone-evergreen.js:399:1)
    at ProxyZoneSpec.push../node_modules/zone.js/dist/zone-testing.js.ProxyZoneSpec.onInvokeTask (http://localhost:9876/_karma_webpack_/node_modules/zone.js/dist/zone-testing.js:323:1)
    at ZoneDelegate.invokeTask (http://localhost:9876/_karma_webpack_/node_modules/zone.js/dist/zone-evergreen.js:398:1)
,Chrome Headless 96.0.4664.45 (Windows 10) WARN: ''fa' is not a known element:
1. If 'fa' is an Angular component, then verify that it is part of this module.
2. To allow any element add 'NO_ERRORS_SCHEMA' to the '@NgModule.schemas' of this component.'
,Chrome Headless 96.0.4664.45 (Windows 10) WARN: ''fa' is not a known element:
1. If 'fa' is an Angular component, then verify that it is part of this module.
2. To allow any element add 'NO_ERRORS_SCHEMA' to the '@NgModule.schemas' of this component.'
,Chrome Headless 96.0.4664.45 (Windows 10) WARN: ''fa' is not a known element:
1. If 'fa' is an Angular component, then verify that it is part of this module.
2. To allow any element add 'NO_ERRORS_SCHEMA' to the '@NgModule.schemas' of this component.'
,Chrome Headless 96.0.4664.45 (Windows 10) WARN: ''fa' is not a known element:
1. If 'fa' is an Angular component, then verify that it is part of this module.
2. To allow any element add 'NO_ERRORS_SCHEMA' to the '@NgModule.schemas' of this component.'
,Chrome Headless 96.0.4664.45 (Windows 10) WARN: ''fa' is not a known element:
1. If 'fa' is an Angular component, then verify that it is part of this module.
2. To allow any element add 'NO_ERRORS_SCHEMA' to the '@NgModule.schemas' of this component.'
,Chrome Headless 96.0.4664.45 (Windows 10) WARN: ''fa' is not a known element:
1. If 'fa' is an Angular component, then verify that it is part of this module.
2. To allow any element add 'NO_ERRORS_SCHEMA' to the '@NgModule.schemas' of this component.'
,Chrome Headless 96.0.4664.45 (Windows 10) WARN: ''fa' is not a known element:
1. If 'fa' is an Angular component, then verify that it is part of this module.
2. To allow any element add 'NO_ERRORS_SCHEMA' to the '@NgModule.schemas' of this component.'
,Chrome Headless 96.0.4664.45 (Windows 10) WARN: ''fa' is not a known element:
1. If 'fa' is an Angular component, then verify that it is part of this module.
2. To allow any element add 'NO_ERRORS_SCHEMA' to the '@NgModule.schemas' of this component.'
,Chrome Headless 96.0.4664.45 (Windows 10) ERROR: 'ERROR', TypeError: Cannot convert undefined or null to object
TypeError: Cannot convert undefined or null to object
    at Function.keys (<anonymous>)
    at FormGroup.patchValue (http://localhost:9876/_karma_webpack_/node_modules/@angular/forms/fesm2015/forms.js:5362:1)
    at ProfileComponent.editMyProfile (http://localhost:9876/_karma_webpack_/src/app/component/profile/profile.component.ts:75:26)
    at ProfileComponent_button_10_Template_button_click_0_listener (ng:///ProfileComponent.js:158:21)
    at executeListenerWithErrorHandling (http://localhost:9876/_karma_webpack_/node_modules/@angular/core/fesm2015/core.js:21815:1)
    at wrapListenerIn_markDirtyAndPreventDefault (http://localhost:9876/_karma_webpack_/node_modules/@angular/core/fesm2015/core.js:21857:1)
    at HTMLButtonElement.<anonymous> (http://localhost:9876/_karma_webpack_/node_modules/@angular/platform-browser/fesm2015/platform-browser.js:976:1)
    at ZoneDelegate.invokeTask (http://localhost:9876/_karma_webpack_/node_modules/zone.js/dist/zone-evergreen.js:399:1)
    at ProxyZoneSpec.push../node_modules/zone.js/dist/zone-testing.js.ProxyZoneSpec.onInvokeTask (http://localhost:9876/_karma_webpack_/node_modules/zone.js/dist/zone-testing.js:323:1)
    at ZoneDelegate.invokeTask (http://localhost:9876/_karma_webpack_/node_modules/zone.js/dist/zone-evergreen.js:398:1)
,Chrome Headless 96.0.4664.45 (Windows 10) WARN: ''fa' is not a known element:
1. If 'fa' is an Angular component, then verify that it is part of this module.
2. To allow any element add 'NO_ERRORS_SCHEMA' to the '@NgModule.schemas' of this component.'
,Chrome Headless 96.0.4664.45 (Windows 10) WARN: ''fa' is not a known element:
1. If 'fa' is an Angular component, then verify that it is part of this module.
2. To allow any element add 'NO_ERRORS_SCHEMA' to the '@NgModule.schemas' of this component.'
,Chrome Headless 96.0.4664.45 (Windows 10) WARN: ''fa' is not a known element:
1. If 'fa' is an Angular component, then verify that it is part of this module.
2. To allow any element add 'NO_ERRORS_SCHEMA' to the '@NgModule.schemas' of this component.'
,Chrome Headless 96.0.4664.45 (Windows 10) WARN: ''fa' is not a known element:
1. If 'fa' is an Angular component, then verify that it is part of this module.
2. To allow any element add 'NO_ERRORS_SCHEMA' to the '@NgModule.schemas' of this component.'
,Chrome Headless 96.0.4664.45 (Windows 10) WARN: ''fa' is not a known element:
1. If 'fa' is an Angular component, then verify that it is part of this module.
2. To allow any element add 'NO_ERRORS_SCHEMA' to the '@NgModule.schemas' of this component.'
,Chrome Headless 96.0.4664.45 (Windows 10) WARN: ''fa' is not a known element:
1. If 'fa' is an Angular component, then verify that it is part of this module.
2. To allow any element add 'NO_ERRORS_SCHEMA' to the '@NgModule.schemas' of this component.'
,Chrome Headless 96.0.4664.45 (Windows 10) WARN: ''fa' is not a known element:
1. If 'fa' is an Angular component, then verify that it is part of this module.
2. To allow any element add 'NO_ERRORS_SCHEMA' to the '@NgModule.schemas' of this component.'
,Chrome Headless 96.0.4664.45 (Windows 10) WARN: ''fa' is not a known element:
1. If 'fa' is an Angular component, then verify that it is part of this module.
2. To allow any element add 'NO_ERRORS_SCHEMA' to the '@NgModule.schemas' of this component.'
,Chrome Headless 96.0.4664.45 (Windows 10) ERROR: 'ERROR', Error: The requested path contains undefined segment at index 1
Error: The requested path contains undefined segment at index 1
    at validateCommands (http://localhost:9876/_karma_webpack_/node_modules/@angular/router/fesm2015/router.js:8018:1)
    at Router.navigate (http://localhost:9876/_karma_webpack_/node_modules/@angular/router/fesm2015/router.js:7622:1)
    at AllPatientsListComponent.view (http://localhost:9876/_karma_webpack_/src/app/component/all-patients-list/all-patients-list.component.ts:30:16)
    at SpyStrategy.exec (http://localhost:9876/base/node_modules/jasmine-core/lib/jasmine-core/jasmine.js?fbc7eaf339ea249d8c912b258548d4e7b4dc180c:7496:22)
    at SpyStrategyDispatcher.exec (http://localhost:9876/base/node_modules/jasmine-core/lib/jasmine-core/jasmine.js?fbc7eaf339ea249d8c912b258548d4e7b4dc180c:7062:23)
    at AllPatientsListComponent.spy (http://localhost:9876/base/node_modules/jasmine-core/lib/jasmine-core/jasmine.js?fbc7eaf339ea249d8c912b258548d4e7b4dc180c:6942:46)
    at AllPatientsListComponent.<anonymous> (http://localhost:9876/base/node_modules/jasmine-core/lib/jasmine-core/jasmine.js?fbc7eaf339ea249d8c912b258548d4e7b4dc180c:6916:20)
    at AllPatientsListComponent.view (http://localhost:9876/base/node_modules/jasmine-core/lib/jasmine-core/jasmine.js?fbc7eaf339ea249d8c912b258548d4e7b4dc180c:6952:23)
    at AllPatientsListComponent_tr_24_Template_a_click_20_listener (ng:///AllPatientsListComponent.js:40:21)
    at executeListenerWithErrorHandling (http://localhost:9876/_karma_webpack_/node_modules/@angular/core/fesm2015/core.js:21815:1)
,Chrome Headless 96.0.4664.45 (Windows 10) ERROR: 'ERROR', Error: The requested path contains undefined segment at index 1
Error: The requested path contains undefined segment at index 1
    at validateCommands (http://localhost:9876/_karma_webpack_/node_modules/@angular/router/fesm2015/router.js:8018:1)
    at Router.navigate (http://localhost:9876/_karma_webpack_/node_modules/@angular/router/fesm2015/router.js:7622:1)
    at AllPatientsListComponent.view (http://localhost:9876/_karma_webpack_/src/app/component/all-patients-list/all-patients-list.component.ts:30:16)
    at SpyStrategy.exec (http://localhost:9876/base/node_modules/jasmine-core/lib/jasmine-core/jasmine.js?fbc7eaf339ea249d8c912b258548d4e7b4dc180c:7496:22)
    at SpyStrategyDispatcher.exec (http://localhost:9876/base/node_modules/jasmine-core/lib/jasmine-core/jasmine.js?fbc7eaf339ea249d8c912b258548d4e7b4dc180c:7062:23)
    at AllPatientsListComponent.spy (http://localhost:9876/base/node_modules/jasmine-core/lib/jasmine-core/jasmine.js?fbc7eaf339ea249d8c912b258548d4e7b4dc180c:6942:46)
    at AllPatientsListComponent.<anonymous> (http://localhost:9876/base/node_modules/jasmine-core/lib/jasmine-core/jasmine.js?fbc7eaf339ea249d8c912b258548d4e7b4dc180c:6916:20)
    at AllPatientsListComponent.view (http://localhost:9876/base/node_modules/jasmine-core/lib/jasmine-core/jasmine.js?fbc7eaf339ea249d8c912b258548d4e7b4dc180c:6952:23)
    at AllPatientsListComponent_tr_24_Template_a_click_20_listener (ng:///AllPatientsListComponent.js:40:21)
    at executeListenerWithErrorHandling (http://localhost:9876/_karma_webpack_/node_modules/@angular/core/fesm2015/core.js:21815:1)
,Chrome Headless 96.0.4664.45 (Windows 10) ERROR: 'ERROR', Error: The requested path contains undefined segment at index 1
Error: The requested path contains undefined segment at index 1
    at validateCommands (http://localhost:9876/_karma_webpack_/node_modules/@angular/router/fesm2015/router.js:8018:1)
    at Router.navigate (http://localhost:9876/_karma_webpack_/node_modules/@angular/router/fesm2015/router.js:7622:1)
    at AllPatientsListComponent.view (http://localhost:9876/_karma_webpack_/src/app/component/all-patients-list/all-patients-list.component.ts:30:16)
    at SpyStrategy.exec (http://localhost:9876/base/node_modules/jasmine-core/lib/jasmine-core/jasmine.js?fbc7eaf339ea249d8c912b258548d4e7b4dc180c:7496:22)
    at SpyStrategyDispatcher.exec (http://localhost:9876/base/node_modules/jasmine-core/lib/jasmine-core/jasmine.js?fbc7eaf339ea249d8c912b258548d4e7b4dc180c:7062:23)
    at AllPatientsListComponent.spy (http://localhost:9876/base/node_modules/jasmine-core/lib/jasmine-core/jasmine.js?fbc7eaf339ea249d8c912b258548d4e7b4dc180c:6942:46)
    at AllPatientsListComponent.<anonymous> (http://localhost:9876/base/node_modules/jasmine-core/lib/jasmine-core/jasmine.js?fbc7eaf339ea249d8c912b258548d4e7b4dc180c:6916:20)
    at AllPatientsListComponent.view (http://localhost:9876/base/node_modules/jasmine-core/lib/jasmine-core/jasmine.js?fbc7eaf339ea249d8c912b258548d4e7b4dc180c:6952:23)
    at AllPatientsListComponent_tr_24_Template_a_click_20_listener (ng:///AllPatientsListComponent.js:40:21)
    at executeListenerWithErrorHandling (http://localhost:9876/_karma_webpack_/node_modules/@angular/core/fesm2015/core.js:21815:1)

]]>
  </system-out>
  <system-err/>
</testsuite>