<?xml version="1.0" encoding="utf-8"?>
<testsuites>
<testsuite package="org.eslint" time="0" tests="32" errors="32" name="/projects/challenge/test/bootstrap.test.js">
<testcase time="0" name="org.eslint.no-var"><failure message="Unexpected var, use let or const instead."><![CDATA[line 1, col 1, Error - Unexpected var, use let or const instead. (no-var)]]></failure></testcase>
<testcase time="0" name="org.eslint.quotes"><failure message="Strings must use doublequote."><![CDATA[line 1, col 21, Error - Strings must use doublequote. (quotes)]]></failure></testcase>
<testcase time="0" name="org.eslint.no-var"><failure message="Unexpected var, use let or const instead."><![CDATA[line 2, col 1, Error - Unexpected var, use let or const instead. (no-var)]]></failure></testcase>
<testcase time="0" name="org.eslint.quotes"><failure message="Strings must use doublequote."><![CDATA[line 2, col 23, Error - Strings must use doublequote. (quotes)]]></failure></testcase>
<testcase time="0" name="org.eslint.import/newline-after-import"><failure message="Expected 1 empty line after require statement not followed by another require."><![CDATA[line 3, col 1, Error - Expected 1 empty line after require statement not followed by another require. (import/newline-after-import)]]></failure></testcase>
<testcase time="0" name="org.eslint.quotes"><failure message="Strings must use doublequote."><![CDATA[line 3, col 23, Error - Strings must use doublequote. (quotes)]]></failure></testcase>
<testcase time="0" name="org.eslint.no-undef"><failure message="&apos;chai&apos; is not defined."><![CDATA[line 4, col 17, Error - &apos;chai&apos; is not defined. (no-undef)]]></failure></testcase>
<testcase time="0" name="org.eslint.quotes"><failure message="Strings must use doublequote."><![CDATA[line 6, col 9, Error - Strings must use doublequote. (quotes)]]></failure></testcase>
<testcase time="0" name="org.eslint.no-undef"><failure message="&apos;before&apos; is not defined."><![CDATA[line 8, col 1, Error - &apos;before&apos; is not defined. (no-undef)]]></failure></testcase>
<testcase time="0" name="org.eslint.prefer-arrow-callback"><failure message="Unexpected function expression."><![CDATA[line 8, col 8, Error - Unexpected function expression. (prefer-arrow-callback)]]></failure></testcase>
<testcase time="0" name="org.eslint.func-names"><failure message="Unexpected unnamed function."><![CDATA[line 8, col 8, Warning - Unexpected unnamed function. (func-names)]]></failure></testcase>
<testcase time="0" name="org.eslint.space-before-function-paren"><failure message="Missing space before function parentheses."><![CDATA[line 8, col 16, Error - Missing space before function parentheses. (space-before-function-paren)]]></failure></testcase>
<testcase time="0" name="org.eslint.padded-blocks"><failure message="Block must not be padded by blank lines."><![CDATA[line 8, col 23, Error - Block must not be padded by blank lines. (padded-blocks)]]></failure></testcase>
<testcase time="0" name="org.eslint.quotes"><failure message="Strings must use doublequote."><![CDATA[line 12, col 14, Error - Strings must use doublequote. (quotes)]]></failure></testcase>
<testcase time="0" name="org.eslint.comma-dangle"><failure message="Missing trailing comma."><![CDATA[line 12, col 21, Error - Missing trailing comma. (comma-dangle)]]></failure></testcase>
<testcase time="0" name="org.eslint.quotes"><failure message="Strings must use doublequote."><![CDATA[line 15, col 19, Error - Strings must use doublequote. (quotes)]]></failure></testcase>
<testcase time="0" name="org.eslint.quotes"><failure message="Strings must use doublequote."><![CDATA[line 16, col 16, Error - Strings must use doublequote. (quotes)]]></failure></testcase>
<testcase time="0" name="org.eslint.comma-dangle"><failure message="Missing trailing comma."><![CDATA[line 16, col 22, Error - Missing trailing comma. (comma-dangle)]]></failure></testcase>
<testcase time="0" name="org.eslint.comma-dangle"><failure message="Missing trailing comma."><![CDATA[line 17, col 6, Error - Missing trailing comma. (comma-dangle)]]></failure></testcase>
<testcase time="0" name="org.eslint.prefer-arrow-callback"><failure message="Unexpected function expression."><![CDATA[line 18, col 6, Error - Unexpected function expression. (prefer-arrow-callback)]]></failure></testcase>
<testcase time="0" name="org.eslint.func-names"><failure message="Unexpected unnamed function."><![CDATA[line 18, col 6, Warning - Unexpected unnamed function. (func-names)]]></failure></testcase>
<testcase time="0" name="org.eslint.space-before-function-paren"><failure message="Missing space before function parentheses."><![CDATA[line 18, col 14, Error - Missing space before function parentheses. (space-before-function-paren)]]></failure></testcase>
<testcase time="0" name="org.eslint.curly"><failure message="Expected { after &apos;if&apos; condition."><![CDATA[line 19, col 5, Error - Expected { after &apos;if&apos; condition. (curly)]]></failure></testcase>
<testcase time="0" name="org.eslint.no-else-return"><failure message="Unnecessary &apos;else&apos; after &apos;return&apos;."><![CDATA[line 21, col 10, Error - Unnecessary &apos;else&apos; after &apos;return&apos;. (no-else-return)]]></failure></testcase>
<testcase time="0" name="org.eslint.no-var"><failure message="Unexpected var, use let or const instead."><![CDATA[line 22, col 7, Error - Unexpected var, use let or const instead. (no-var)]]></failure></testcase>
<testcase time="0" name="org.eslint.vars-on-top"><failure message="All &apos;var&apos; declarations must be at the top of the function scope."><![CDATA[line 22, col 7, Error - All &apos;var&apos; declarations must be at the top of the function scope. (vars-on-top)]]></failure></testcase>
<testcase time="0" name="org.eslint.no-undef"><failure message="&apos;fixtures&apos; is not defined."><![CDATA[line 23, col 7, Error - &apos;fixtures&apos; is not defined. (no-undef)]]></failure></testcase>
<testcase time="0" name="org.eslint.no-undef"><failure message="&apos;after&apos; is not defined."><![CDATA[line 30, col 1, Error - &apos;after&apos; is not defined. (no-undef)]]></failure></testcase>
<testcase time="0" name="org.eslint.func-names"><failure message="Unexpected unnamed function."><![CDATA[line 30, col 7, Warning - Unexpected unnamed function. (func-names)]]></failure></testcase>
<testcase time="0" name="org.eslint.prefer-arrow-callback"><failure message="Unexpected function expression."><![CDATA[line 30, col 7, Error - Unexpected function expression. (prefer-arrow-callback)]]></failure></testcase>
<testcase time="0" name="org.eslint.space-before-function-paren"><failure message="Missing space before function parentheses."><![CDATA[line 30, col 15, Error - Missing space before function parentheses. (space-before-function-paren)]]></failure></testcase>
<testcase time="0" name="org.eslint.no-console"><failure message="Unexpected console statement."><![CDATA[line 31, col 3, Warning - Unexpected console statement. (no-console)]]></failure></testcase>
</testsuite>
<testsuite package="org.eslint" time="0" tests="1" errors="0" name="/projects/challenge/test/controllers/AccessoriesController.test.js">
<testcase time="0" name="/projects/challenge/test/controllers/AccessoriesController.test.js" />
</testsuite>
<testsuite package="org.eslint" time="0" tests="189" errors="189" name="/projects/challenge/test/controllers/CarsController.test.js">
<testcase time="0" name="org.eslint.no-var"><failure message="Unexpected var, use let or const instead."><![CDATA[line 1, col 1, Error - Unexpected var, use let or const instead. (no-var)]]></failure></testcase>
<testcase time="0" name="org.eslint.quotes"><failure message="Strings must use doublequote."><![CDATA[line 1, col 25, Error - Strings must use doublequote. (quotes)]]></failure></testcase>
<testcase time="0" name="org.eslint.no-var"><failure message="Unexpected var, use let or const instead."><![CDATA[line 2, col 1, Error - Unexpected var, use let or const instead. (no-var)]]></failure></testcase>
<testcase time="0" name="org.eslint.no-unused-vars"><failure message="&apos;assert&apos; is assigned a value but never used."><![CDATA[line 2, col 5, Error - &apos;assert&apos; is assigned a value but never used. (no-unused-vars)]]></failure></testcase>
<testcase time="0" name="org.eslint.quotes"><failure message="Strings must use doublequote."><![CDATA[line 2, col 22, Error - Strings must use doublequote. (quotes)]]></failure></testcase>
<testcase time="0" name="org.eslint.no-var"><failure message="Unexpected var, use let or const instead."><![CDATA[line 4, col 1, Error - Unexpected var, use let or const instead. (no-var)]]></failure></testcase>
<testcase time="0" name="org.eslint.no-unused-vars"><failure message="&apos;createdCar&apos; is defined but never used."><![CDATA[line 4, col 5, Error - &apos;createdCar&apos; is defined but never used. (no-unused-vars)]]></failure></testcase>
<testcase time="0" name="org.eslint.quotes"><failure message="Strings must use doublequote."><![CDATA[line 5, col 9, Error - Strings must use doublequote. (quotes)]]></failure></testcase>
<testcase time="0" name="org.eslint.no-undef"><failure message="&apos;describe&apos; is not defined."><![CDATA[line 7, col 1, Error - &apos;describe&apos; is not defined. (no-undef)]]></failure></testcase>
<testcase time="0" name="org.eslint.quotes"><failure message="Strings must use doublequote."><![CDATA[line 7, col 10, Error - Strings must use doublequote. (quotes)]]></failure></testcase>
<testcase time="0" name="org.eslint.prefer-arrow-callback"><failure message="Unexpected function expression."><![CDATA[line 7, col 28, Error - Unexpected function expression. (prefer-arrow-callback)]]></failure></testcase>
<testcase time="0" name="org.eslint.func-names"><failure message="Unexpected unnamed function."><![CDATA[line 7, col 28, Warning - Unexpected unnamed function. (func-names)]]></failure></testcase>
<testcase time="0" name="org.eslint.no-undef"><failure message="&apos;it&apos; is not defined."><![CDATA[line 13, col 3, Error - &apos;it&apos; is not defined. (no-undef)]]></failure></testcase>
<testcase time="0" name="org.eslint.quotes"><failure message="Strings must use doublequote."><![CDATA[line 13, col 6, Error - Strings must use doublequote. (quotes)]]></failure></testcase>
<testcase time="0" name="org.eslint.prefer-arrow-callback"><failure message="Unexpected function expression."><![CDATA[line 13, col 26, Error - Unexpected function expression. (prefer-arrow-callback)]]></failure></testcase>
<testcase time="0" name="org.eslint.func-names"><failure message="Unexpected unnamed function."><![CDATA[line 13, col 26, Warning - Unexpected unnamed function. (func-names)]]></failure></testcase>
<testcase time="0" name="org.eslint.no-var"><failure message="Unexpected var, use let or const instead."><![CDATA[line 14, col 5, Error - Unexpected var, use let or const instead. (no-var)]]></failure></testcase>
<testcase time="0" name="org.eslint.no-undef"><failure message="&apos;sails&apos; is not defined."><![CDATA[line 14, col 33, Error - &apos;sails&apos; is not defined. (no-undef)]]></failure></testcase>
<testcase time="0" name="org.eslint.quotes"><failure message="Strings must use doublequote."><![CDATA[line 16, col 12, Error - Strings must use doublequote. (quotes)]]></failure></testcase>
<testcase time="0" name="org.eslint.prefer-arrow-callback"><failure message="Unexpected function expression."><![CDATA[line 19, col 12, Error - Unexpected function expression. (prefer-arrow-callback)]]></failure></testcase>
<testcase time="0" name="org.eslint.func-names"><failure message="Unexpected unnamed function."><![CDATA[line 19, col 12, Warning - Unexpected unnamed function. (func-names)]]></failure></testcase>
<testcase time="0" name="org.eslint.no-multiple-empty-lines"><failure message="More than 2 blank lines not allowed."><![CDATA[line 28, col 1, Error - More than 2 blank lines not allowed. (no-multiple-empty-lines)]]></failure></testcase>
<testcase time="0" name="org.eslint.no-undef"><failure message="&apos;it&apos; is not defined."><![CDATA[line 31, col 3, Error - &apos;it&apos; is not defined. (no-undef)]]></failure></testcase>
<testcase time="0" name="org.eslint.quotes"><failure message="Strings must use doublequote."><![CDATA[line 31, col 6, Error - Strings must use doublequote. (quotes)]]></failure></testcase>
<testcase time="0" name="org.eslint.prefer-arrow-callback"><failure message="Unexpected function expression."><![CDATA[line 31, col 28, Error - Unexpected function expression. (prefer-arrow-callback)]]></failure></testcase>
<testcase time="0" name="org.eslint.func-names"><failure message="Unexpected unnamed function."><![CDATA[line 31, col 28, Warning - Unexpected unnamed function. (func-names)]]></failure></testcase>
<testcase time="0" name="org.eslint.quote-props"><failure message="Unnecessarily quoted property &apos;name&apos; found."><![CDATA[line 33, col 7, Error - Unnecessarily quoted property &apos;name&apos; found. (quote-props)]]></failure></testcase>
<testcase time="0" name="org.eslint.quote-props"><failure message="Unnecessarily quoted property &apos;type&apos; found."><![CDATA[line 34, col 7, Error - Unnecessarily quoted property &apos;type&apos; found. (quote-props)]]></failure></testcase>
<testcase time="0" name="org.eslint.quote-props"><failure message="Unnecessarily quoted property &apos;capacity&apos; found."><![CDATA[line 35, col 7, Error - Unnecessarily quoted property &apos;capacity&apos; found. (quote-props)]]></failure></testcase>
<testcase time="0" name="org.eslint.quote-props"><failure message="Unnecessarily quoted property &apos;price&apos; found."><![CDATA[line 36, col 7, Error - Unnecessarily quoted property &apos;price&apos; found. (quote-props)]]></failure></testcase>
<testcase time="0" name="org.eslint.comma-dangle"><failure message="Missing trailing comma."><![CDATA[line 36, col 27, Error - Missing trailing comma. (comma-dangle)]]></failure></testcase>
<testcase time="0" name="org.eslint.quote-props"><failure message="Unnecessarily quoted property &apos;name&apos; found."><![CDATA[line 40, col 7, Error - Unnecessarily quoted property &apos;name&apos; found. (quote-props)]]></failure></testcase>
<testcase time="0" name="org.eslint.comma-dangle"><failure message="Missing trailing comma."><![CDATA[line 40, col 23, Error - Missing trailing comma. (comma-dangle)]]></failure></testcase>
<testcase time="0" name="org.eslint.quote-props"><failure message="Unnecessarily quoted property &apos;name&apos; found."><![CDATA[line 44, col 7, Error - Unnecessarily quoted property &apos;name&apos; found. (quote-props)]]></failure></testcase>
<testcase time="0" name="org.eslint.comma-dangle"><failure message="Missing trailing comma."><![CDATA[line 44, col 20, Error - Missing trailing comma. (comma-dangle)]]></failure></testcase>
<testcase time="0" name="org.eslint.quote-props"><failure message="Unnecessarily quoted property &apos;name&apos; found."><![CDATA[line 47, col 7, Error - Unnecessarily quoted property &apos;name&apos; found. (quote-props)]]></failure></testcase>
<testcase time="0" name="org.eslint.quote-props"><failure message="Unnecessarily quoted property &apos;price&apos; found."><![CDATA[line 48, col 7, Error - Unnecessarily quoted property &apos;price&apos; found. (quote-props)]]></failure></testcase>
<testcase time="0" name="org.eslint.comma-dangle"><failure message="Missing trailing comma."><![CDATA[line 48, col 19, Error - Missing trailing comma. (comma-dangle)]]></failure></testcase>
<testcase time="0" name="org.eslint.quote-props"><failure message="Unnecessarily quoted property &apos;name&apos; found."><![CDATA[line 51, col 7, Error - Unnecessarily quoted property &apos;name&apos; found. (quote-props)]]></failure></testcase>
<testcase time="0" name="org.eslint.quote-props"><failure message="Unnecessarily quoted property &apos;segment&apos; found."><![CDATA[line 52, col 7, Error - Unnecessarily quoted property &apos;segment&apos; found. (quote-props)]]></failure></testcase>
<testcase time="0" name="org.eslint.quote-props"><failure message="Unnecessarily quoted property &apos;description&apos; found."><![CDATA[line 53, col 7, Error - Unnecessarily quoted property &apos;description&apos; found. (quote-props)]]></failure></testcase>
<testcase time="0" name="org.eslint.quote-props"><failure message="Unnecessarily quoted property &apos;manufacturer&apos; found."><![CDATA[line 54, col 7, Error - Unnecessarily quoted property &apos;manufacturer&apos; found. (quote-props)]]></failure></testcase>
<testcase time="0" name="org.eslint.quote-props"><failure message="Unnecessarily quoted property &apos;variants&apos; found."><![CDATA[line 55, col 7, Error - Unnecessarily quoted property &apos;variants&apos; found. (quote-props)]]></failure></testcase>
<testcase time="0" name="org.eslint.quote-props"><failure message="Unnecessarily quoted property &apos;accessories&apos; found."><![CDATA[line 56, col 7, Error - Unnecessarily quoted property &apos;accessories&apos; found. (quote-props)]]></failure></testcase>
<testcase time="0" name="org.eslint.comma-dangle"><failure message="Missing trailing comma."><![CDATA[line 56, col 24, Error - Missing trailing comma. (comma-dangle)]]></failure></testcase>
<testcase time="0" name="org.eslint.semi"><failure message="Missing semicolon."><![CDATA[line 57, col 6, Error - Missing semicolon. (semi)]]></failure></testcase>
<testcase time="0" name="org.eslint.no-var"><failure message="Unexpected var, use let or const instead."><![CDATA[line 58, col 5, Error - Unexpected var, use let or const instead. (no-var)]]></failure></testcase>
<testcase time="0" name="org.eslint.no-undef"><failure message="&apos;sails&apos; is not defined."><![CDATA[line 58, col 33, Error - &apos;sails&apos; is not defined. (no-undef)]]></failure></testcase>
<testcase time="0" name="org.eslint.quotes"><failure message="Strings must use doublequote."><![CDATA[line 60, col 13, Error - Strings must use doublequote. (quotes)]]></failure></testcase>
<testcase time="0" name="org.eslint.prefer-arrow-callback"><failure message="Unexpected function expression."><![CDATA[line 63, col 12, Error - Unexpected function expression. (prefer-arrow-callback)]]></failure></testcase>
<testcase time="0" name="org.eslint.func-names"><failure message="Unexpected unnamed function."><![CDATA[line 63, col 12, Warning - Unexpected unnamed function. (func-names)]]></failure></testcase>
<testcase time="0" name="org.eslint.no-multi-assign"><failure message="Unexpected chained assignment."><![CDATA[line 67, col 28, Error - Unexpected chained assignment. (no-multi-assign)]]></failure></testcase>
<testcase time="0" name="org.eslint.quotes"><failure message="Strings must use doublequote."><![CDATA[line 69, col 19, Error - Strings must use doublequote. (quotes)]]></failure></testcase>
<testcase time="0" name="org.eslint.prefer-arrow-callback"><failure message="Unexpected function expression."><![CDATA[line 72, col 18, Error - Unexpected function expression. (prefer-arrow-callback)]]></failure></testcase>
<testcase time="0" name="org.eslint.func-names"><failure message="Unexpected unnamed function."><![CDATA[line 72, col 18, Warning - Unexpected unnamed function. (func-names)]]></failure></testcase>
<testcase time="0" name="org.eslint.no-shadow"><failure message="&apos;err&apos; is already declared in the upper scope."><![CDATA[line 72, col 28, Error - &apos;err&apos; is already declared in the upper scope. (no-shadow)]]></failure></testcase>
<testcase time="0" name="org.eslint.no-shadow"><failure message="&apos;result&apos; is already declared in the upper scope."><![CDATA[line 72, col 33, Error - &apos;result&apos; is already declared in the upper scope. (no-shadow)]]></failure></testcase>
<testcase time="0" name="org.eslint.no-multi-assign"><failure message="Unexpected chained assignment."><![CDATA[line 76, col 29, Error - Unexpected chained assignment. (no-multi-assign)]]></failure></testcase>
<testcase time="0" name="org.eslint.quotes"><failure message="Strings must use doublequote."><![CDATA[line 78, col 25, Error - Strings must use doublequote. (quotes)]]></failure></testcase>
<testcase time="0" name="org.eslint.prefer-arrow-callback"><failure message="Unexpected function expression."><![CDATA[line 81, col 24, Error - Unexpected function expression. (prefer-arrow-callback)]]></failure></testcase>
<testcase time="0" name="org.eslint.func-names"><failure message="Unexpected unnamed function."><![CDATA[line 81, col 24, Warning - Unexpected unnamed function. (func-names)]]></failure></testcase>
<testcase time="0" name="org.eslint.no-shadow"><failure message="&apos;err&apos; is already declared in the upper scope."><![CDATA[line 81, col 34, Error - &apos;err&apos; is already declared in the upper scope. (no-shadow)]]></failure></testcase>
<testcase time="0" name="org.eslint.no-shadow"><failure message="&apos;result&apos; is already declared in the upper scope."><![CDATA[line 81, col 39, Error - &apos;result&apos; is already declared in the upper scope. (no-shadow)]]></failure></testcase>
<testcase time="0" name="org.eslint.quotes"><failure message="Strings must use doublequote."><![CDATA[line 88, col 31, Error - Strings must use doublequote. (quotes)]]></failure></testcase>
<testcase time="0" name="org.eslint.prefer-arrow-callback"><failure message="Unexpected function expression."><![CDATA[line 91, col 30, Error - Unexpected function expression. (prefer-arrow-callback)]]></failure></testcase>
<testcase time="0" name="org.eslint.func-names"><failure message="Unexpected unnamed function."><![CDATA[line 91, col 30, Warning - Unexpected unnamed function. (func-names)]]></failure></testcase>
<testcase time="0" name="org.eslint.no-shadow"><failure message="&apos;err&apos; is already declared in the upper scope."><![CDATA[line 91, col 40, Error - &apos;err&apos; is already declared in the upper scope. (no-shadow)]]></failure></testcase>
<testcase time="0" name="org.eslint.no-shadow"><failure message="&apos;result&apos; is already declared in the upper scope."><![CDATA[line 91, col 45, Error - &apos;result&apos; is already declared in the upper scope. (no-shadow)]]></failure></testcase>
<testcase time="0" name="org.eslint.quotes"><failure message="Strings must use doublequote."><![CDATA[line 98, col 37, Error - Strings must use doublequote. (quotes)]]></failure></testcase>
<testcase time="0" name="org.eslint.func-names"><failure message="Unexpected unnamed function."><![CDATA[line 101, col 36, Warning - Unexpected unnamed function. (func-names)]]></failure></testcase>
<testcase time="0" name="org.eslint.prefer-arrow-callback"><failure message="Unexpected function expression."><![CDATA[line 101, col 36, Error - Unexpected function expression. (prefer-arrow-callback)]]></failure></testcase>
<testcase time="0" name="org.eslint.no-shadow"><failure message="&apos;err&apos; is already declared in the upper scope."><![CDATA[line 101, col 46, Error - &apos;err&apos; is already declared in the upper scope. (no-shadow)]]></failure></testcase>
<testcase time="0" name="org.eslint.no-shadow"><failure message="&apos;result&apos; is already declared in the upper scope."><![CDATA[line 101, col 51, Error - &apos;result&apos; is already declared in the upper scope. (no-shadow)]]></failure></testcase>
<testcase time="0" name="org.eslint.prefer-destructuring"><failure message="Use object destructuring."><![CDATA[line 105, col 35, Error - Use object destructuring. (prefer-destructuring)]]></failure></testcase>
<testcase time="0" name="org.eslint.no-undef"><failure message="&apos;it&apos; is not defined."><![CDATA[line 119, col 3, Error - &apos;it&apos; is not defined. (no-undef)]]></failure></testcase>
<testcase time="0" name="org.eslint.quotes"><failure message="Strings must use doublequote."><![CDATA[line 119, col 6, Error - Strings must use doublequote. (quotes)]]></failure></testcase>
<testcase time="0" name="org.eslint.func-names"><failure message="Unexpected unnamed function."><![CDATA[line 119, col 52, Warning - Unexpected unnamed function. (func-names)]]></failure></testcase>
<testcase time="0" name="org.eslint.prefer-arrow-callback"><failure message="Unexpected function expression."><![CDATA[line 119, col 52, Error - Unexpected function expression. (prefer-arrow-callback)]]></failure></testcase>
<testcase time="0" name="org.eslint.no-var"><failure message="Unexpected var, use let or const instead."><![CDATA[line 120, col 5, Error - Unexpected var, use let or const instead. (no-var)]]></failure></testcase>
<testcase time="0" name="org.eslint.no-undef"><failure message="&apos;sails&apos; is not defined."><![CDATA[line 120, col 33, Error - &apos;sails&apos; is not defined. (no-undef)]]></failure></testcase>
<testcase time="0" name="org.eslint.quote-props"><failure message="Unnecessarily quoted property &apos;name&apos; found."><![CDATA[line 122, col 7, Error - Unnecessarily quoted property &apos;name&apos; found. (quote-props)]]></failure></testcase>
<testcase time="0" name="org.eslint.quote-props"><failure message="Unnecessarily quoted property &apos;segment&apos; found."><![CDATA[line 123, col 7, Error - Unnecessarily quoted property &apos;segment&apos; found. (quote-props)]]></failure></testcase>
<testcase time="0" name="org.eslint.quote-props"><failure message="Unnecessarily quoted property &apos;description&apos; found."><![CDATA[line 124, col 7, Error - Unnecessarily quoted property &apos;description&apos; found. (quote-props)]]></failure></testcase>
<testcase time="0" name="org.eslint.quote-props"><failure message="Unnecessarily quoted property &apos;manufacturer&apos; found."><![CDATA[line 125, col 7, Error - Unnecessarily quoted property &apos;manufacturer&apos; found. (quote-props)]]></failure></testcase>
<testcase time="0" name="org.eslint.quote-props"><failure message="Unnecessarily quoted property &apos;variants&apos; found."><![CDATA[line 126, col 7, Error - Unnecessarily quoted property &apos;variants&apos; found. (quote-props)]]></failure></testcase>
<testcase time="0" name="org.eslint.quote-props"><failure message="Unnecessarily quoted property &apos;accessories&apos; found."><![CDATA[line 127, col 7, Error - Unnecessarily quoted property &apos;accessories&apos; found. (quote-props)]]></failure></testcase>
<testcase time="0" name="org.eslint.comma-dangle"><failure message="Missing trailing comma."><![CDATA[line 127, col 35, Error - Missing trailing comma. (comma-dangle)]]></failure></testcase>
<testcase time="0" name="org.eslint.semi"><failure message="Missing semicolon."><![CDATA[line 128, col 6, Error - Missing semicolon. (semi)]]></failure></testcase>
<testcase time="0" name="org.eslint.quotes"><failure message="Strings must use doublequote."><![CDATA[line 130, col 13, Error - Strings must use doublequote. (quotes)]]></failure></testcase>
<testcase time="0" name="org.eslint.func-names"><failure message="Unexpected unnamed function."><![CDATA[line 133, col 12, Warning - Unexpected unnamed function. (func-names)]]></failure></testcase>
<testcase time="0" name="org.eslint.prefer-arrow-callback"><failure message="Unexpected function expression."><![CDATA[line 133, col 12, Error - Unexpected function expression. (prefer-arrow-callback)]]></failure></testcase>
<testcase time="0" name="org.eslint.no-unused-vars"><failure message="&apos;result&apos; is defined but never used."><![CDATA[line 133, col 27, Error - &apos;result&apos; is defined but never used. (no-unused-vars)]]></failure></testcase>
<testcase time="0" name="org.eslint.no-undef"><failure message="&apos;it&apos; is not defined."><![CDATA[line 142, col 3, Error - &apos;it&apos; is not defined. (no-undef)]]></failure></testcase>
<testcase time="0" name="org.eslint.quotes"><failure message="Strings must use doublequote."><![CDATA[line 142, col 6, Error - Strings must use doublequote. (quotes)]]></failure></testcase>
<testcase time="0" name="org.eslint.prefer-arrow-callback"><failure message="Unexpected function expression."><![CDATA[line 142, col 47, Error - Unexpected function expression. (prefer-arrow-callback)]]></failure></testcase>
<testcase time="0" name="org.eslint.func-names"><failure message="Unexpected unnamed function."><![CDATA[line 142, col 47, Warning - Unexpected unnamed function. (func-names)]]></failure></testcase>
<testcase time="0" name="org.eslint.no-var"><failure message="Unexpected var, use let or const instead."><![CDATA[line 143, col 5, Error - Unexpected var, use let or const instead. (no-var)]]></failure></testcase>
<testcase time="0" name="org.eslint.no-undef"><failure message="&apos;sails&apos; is not defined."><![CDATA[line 143, col 33, Error - &apos;sails&apos; is not defined. (no-undef)]]></failure></testcase>
<testcase time="0" name="org.eslint.quote-props"><failure message="Unnecessarily quoted property &apos;name&apos; found."><![CDATA[line 145, col 7, Error - Unnecessarily quoted property &apos;name&apos; found. (quote-props)]]></failure></testcase>
<testcase time="0" name="org.eslint.quote-props"><failure message="Unnecessarily quoted property &apos;segment&apos; found."><![CDATA[line 146, col 7, Error - Unnecessarily quoted property &apos;segment&apos; found. (quote-props)]]></failure></testcase>
<testcase time="0" name="org.eslint.quote-props"><failure message="Unnecessarily quoted property &apos;description&apos; found."><![CDATA[line 147, col 7, Error - Unnecessarily quoted property &apos;description&apos; found. (quote-props)]]></failure></testcase>
<testcase time="0" name="org.eslint.quote-props"><failure message="Unnecessarily quoted property &apos;manufacturer&apos; found."><![CDATA[line 148, col 7, Error - Unnecessarily quoted property &apos;manufacturer&apos; found. (quote-props)]]></failure></testcase>
<testcase time="0" name="org.eslint.quote-props"><failure message="Unnecessarily quoted property &apos;variants&apos; found."><![CDATA[line 149, col 7, Error - Unnecessarily quoted property &apos;variants&apos; found. (quote-props)]]></failure></testcase>
<testcase time="0" name="org.eslint.quote-props"><failure message="Unnecessarily quoted property &apos;accessories&apos; found."><![CDATA[line 150, col 7, Error - Unnecessarily quoted property &apos;accessories&apos; found. (quote-props)]]></failure></testcase>
<testcase time="0" name="org.eslint.comma-dangle"><failure message="Missing trailing comma."><![CDATA[line 150, col 35, Error - Missing trailing comma. (comma-dangle)]]></failure></testcase>
<testcase time="0" name="org.eslint.semi"><failure message="Missing semicolon."><![CDATA[line 151, col 6, Error - Missing semicolon. (semi)]]></failure></testcase>
<testcase time="0" name="org.eslint.quotes"><failure message="Strings must use doublequote."><![CDATA[line 153, col 13, Error - Strings must use doublequote. (quotes)]]></failure></testcase>
<testcase time="0" name="org.eslint.prefer-arrow-callback"><failure message="Unexpected function expression."><![CDATA[line 156, col 12, Error - Unexpected function expression. (prefer-arrow-callback)]]></failure></testcase>
<testcase time="0" name="org.eslint.func-names"><failure message="Unexpected unnamed function."><![CDATA[line 156, col 12, Warning - Unexpected unnamed function. (func-names)]]></failure></testcase>
<testcase time="0" name="org.eslint.no-unused-vars"><failure message="&apos;result&apos; is defined but never used."><![CDATA[line 156, col 27, Error - &apos;result&apos; is defined but never used. (no-unused-vars)]]></failure></testcase>
<testcase time="0" name="org.eslint.no-undef"><failure message="&apos;it&apos; is not defined."><![CDATA[line 164, col 3, Error - &apos;it&apos; is not defined. (no-undef)]]></failure></testcase>
<testcase time="0" name="org.eslint.quotes"><failure message="Strings must use doublequote."><![CDATA[line 164, col 6, Error - Strings must use doublequote. (quotes)]]></failure></testcase>
<testcase time="0" name="org.eslint.func-names"><failure message="Unexpected unnamed function."><![CDATA[line 164, col 37, Warning - Unexpected unnamed function. (func-names)]]></failure></testcase>
<testcase time="0" name="org.eslint.prefer-arrow-callback"><failure message="Unexpected function expression."><![CDATA[line 164, col 37, Error - Unexpected function expression. (prefer-arrow-callback)]]></failure></testcase>
<testcase time="0" name="org.eslint.no-var"><failure message="Unexpected var, use let or const instead."><![CDATA[line 165, col 5, Error - Unexpected var, use let or const instead. (no-var)]]></failure></testcase>
<testcase time="0" name="org.eslint.no-undef"><failure message="&apos;sails&apos; is not defined."><![CDATA[line 165, col 33, Error - &apos;sails&apos; is not defined. (no-undef)]]></failure></testcase>
<testcase time="0" name="org.eslint.quote-props"><failure message="Unnecessarily quoted property &apos;name&apos; found."><![CDATA[line 167, col 7, Error - Unnecessarily quoted property &apos;name&apos; found. (quote-props)]]></failure></testcase>
<testcase time="0" name="org.eslint.quote-props"><failure message="Unnecessarily quoted property &apos;segment&apos; found."><![CDATA[line 168, col 7, Error - Unnecessarily quoted property &apos;segment&apos; found. (quote-props)]]></failure></testcase>
<testcase time="0" name="org.eslint.quote-props"><failure message="Unnecessarily quoted property &apos;description&apos; found."><![CDATA[line 169, col 7, Error - Unnecessarily quoted property &apos;description&apos; found. (quote-props)]]></failure></testcase>
<testcase time="0" name="org.eslint.quote-props"><failure message="Unnecessarily quoted property &apos;manufacturer&apos; found."><![CDATA[line 170, col 7, Error - Unnecessarily quoted property &apos;manufacturer&apos; found. (quote-props)]]></failure></testcase>
<testcase time="0" name="org.eslint.quote-props"><failure message="Unnecessarily quoted property &apos;variants&apos; found."><![CDATA[line 171, col 7, Error - Unnecessarily quoted property &apos;variants&apos; found. (quote-props)]]></failure></testcase>
<testcase time="0" name="org.eslint.quote-props"><failure message="Unnecessarily quoted property &apos;accessories&apos; found."><![CDATA[line 172, col 7, Error - Unnecessarily quoted property &apos;accessories&apos; found. (quote-props)]]></failure></testcase>
<testcase time="0" name="org.eslint.comma-dangle"><failure message="Missing trailing comma."><![CDATA[line 172, col 34, Error - Missing trailing comma. (comma-dangle)]]></failure></testcase>
<testcase time="0" name="org.eslint.semi"><failure message="Missing semicolon."><![CDATA[line 173, col 6, Error - Missing semicolon. (semi)]]></failure></testcase>
<testcase time="0" name="org.eslint.quotes"><failure message="Strings must use doublequote."><![CDATA[line 175, col 13, Error - Strings must use doublequote. (quotes)]]></failure></testcase>
<testcase time="0" name="org.eslint.func-names"><failure message="Unexpected unnamed function."><![CDATA[line 178, col 12, Warning - Unexpected unnamed function. (func-names)]]></failure></testcase>
<testcase time="0" name="org.eslint.prefer-arrow-callback"><failure message="Unexpected function expression."><![CDATA[line 178, col 12, Error - Unexpected function expression. (prefer-arrow-callback)]]></failure></testcase>
<testcase time="0" name="org.eslint.no-unused-vars"><failure message="&apos;result&apos; is defined but never used."><![CDATA[line 178, col 27, Error - &apos;result&apos; is defined but never used. (no-unused-vars)]]></failure></testcase>
<testcase time="0" name="org.eslint.no-undef"><failure message="&apos;it&apos; is not defined."><![CDATA[line 188, col 3, Error - &apos;it&apos; is not defined. (no-undef)]]></failure></testcase>
<testcase time="0" name="org.eslint.quotes"><failure message="Strings must use doublequote."><![CDATA[line 188, col 6, Error - Strings must use doublequote. (quotes)]]></failure></testcase>
<testcase time="0" name="org.eslint.no-undef"><failure message="&apos;sails&apos; is not defined."><![CDATA[line 189, col 35, Error - &apos;sails&apos; is not defined. (no-undef)]]></failure></testcase>
<testcase time="0" name="org.eslint.quotes"><failure message="Strings must use doublequote."><![CDATA[line 191, col 12, Error - Strings must use doublequote. (quotes)]]></failure></testcase>
<testcase time="0" name="org.eslint.prefer-template"><failure message="Unexpected string concatenation."><![CDATA[line 191, col 12, Error - Unexpected string concatenation. (prefer-template)]]></failure></testcase>
<testcase time="0" name="org.eslint.quotes"><failure message="Strings must use doublequote."><![CDATA[line 192, col 21, Error - Strings must use doublequote. (quotes)]]></failure></testcase>
<testcase time="0" name="org.eslint.no-unused-vars"><failure message="&apos;result&apos; is defined but never used."><![CDATA[line 194, col 18, Error - &apos;result&apos; is defined but never used. (no-unused-vars)]]></failure></testcase>
<testcase time="0" name="org.eslint.no-undef"><failure message="&apos;it&apos; is not defined."><![CDATA[line 202, col 3, Error - &apos;it&apos; is not defined. (no-undef)]]></failure></testcase>
<testcase time="0" name="org.eslint.quotes"><failure message="Strings must use doublequote."><![CDATA[line 202, col 6, Error - Strings must use doublequote. (quotes)]]></failure></testcase>
<testcase time="0" name="org.eslint.no-undef"><failure message="&apos;sails&apos; is not defined."><![CDATA[line 203, col 35, Error - &apos;sails&apos; is not defined. (no-undef)]]></failure></testcase>
<testcase time="0" name="org.eslint.quotes"><failure message="Strings must use doublequote."><![CDATA[line 205, col 12, Error - Strings must use doublequote. (quotes)]]></failure></testcase>
<testcase time="0" name="org.eslint.quotes"><failure message="Strings must use doublequote."><![CDATA[line 206, col 21, Error - Strings must use doublequote. (quotes)]]></failure></testcase>
<testcase time="0" name="org.eslint.no-unused-vars"><failure message="&apos;result&apos; is defined but never used."><![CDATA[line 208, col 18, Error - &apos;result&apos; is defined but never used. (no-unused-vars)]]></failure></testcase>
<testcase time="0" name="org.eslint.no-undef"><failure message="&apos;it&apos; is not defined."><![CDATA[line 217, col 3, Error - &apos;it&apos; is not defined. (no-undef)]]></failure></testcase>
<testcase time="0" name="org.eslint.quotes"><failure message="Strings must use doublequote."><![CDATA[line 217, col 6, Error - Strings must use doublequote. (quotes)]]></failure></testcase>
<testcase time="0" name="org.eslint.no-undef"><failure message="&apos;sails&apos; is not defined."><![CDATA[line 218, col 35, Error - &apos;sails&apos; is not defined. (no-undef)]]></failure></testcase>
<testcase time="0" name="org.eslint.quotes"><failure message="Strings must use doublequote."><![CDATA[line 220, col 12, Error - Strings must use doublequote. (quotes)]]></failure></testcase>
<testcase time="0" name="org.eslint.quotes"><failure message="Strings must use doublequote."><![CDATA[line 221, col 21, Error - Strings must use doublequote. (quotes)]]></failure></testcase>
<testcase time="0" name="org.eslint.no-unused-vars"><failure message="&apos;result&apos; is defined but never used."><![CDATA[line 223, col 18, Error - &apos;result&apos; is defined but never used. (no-unused-vars)]]></failure></testcase>
<testcase time="0" name="org.eslint.no-undef"><failure message="&apos;it&apos; is not defined."><![CDATA[line 232, col 3, Error - &apos;it&apos; is not defined. (no-undef)]]></failure></testcase>
<testcase time="0" name="org.eslint.quotes"><failure message="Strings must use doublequote."><![CDATA[line 232, col 6, Error - Strings must use doublequote. (quotes)]]></failure></testcase>
<testcase time="0" name="org.eslint.func-names"><failure message="Unexpected unnamed function."><![CDATA[line 232, col 24, Warning - Unexpected unnamed function. (func-names)]]></failure></testcase>
<testcase time="0" name="org.eslint.prefer-arrow-callback"><failure message="Unexpected function expression."><![CDATA[line 232, col 24, Error - Unexpected function expression. (prefer-arrow-callback)]]></failure></testcase>
<testcase time="0" name="org.eslint.no-var"><failure message="Unexpected var, use let or const instead."><![CDATA[line 233, col 5, Error - Unexpected var, use let or const instead. (no-var)]]></failure></testcase>
<testcase time="0" name="org.eslint.no-undef"><failure message="&apos;sails&apos; is not defined."><![CDATA[line 233, col 33, Error - &apos;sails&apos; is not defined. (no-undef)]]></failure></testcase>
<testcase time="0" name="org.eslint.prefer-template"><failure message="Unexpected string concatenation."><![CDATA[line 235, col 15, Error - Unexpected string concatenation. (prefer-template)]]></failure></testcase>
<testcase time="0" name="org.eslint.quotes"><failure message="Strings must use doublequote."><![CDATA[line 235, col 15, Error - Strings must use doublequote. (quotes)]]></failure></testcase>
<testcase time="0" name="org.eslint.func-names"><failure message="Unexpected unnamed function."><![CDATA[line 238, col 12, Warning - Unexpected unnamed function. (func-names)]]></failure></testcase>
<testcase time="0" name="org.eslint.prefer-arrow-callback"><failure message="Unexpected function expression."><![CDATA[line 238, col 12, Error - Unexpected function expression. (prefer-arrow-callback)]]></failure></testcase>
<testcase time="0" name="org.eslint.no-unused-vars"><failure message="&apos;result&apos; is defined but never used."><![CDATA[line 238, col 27, Error - &apos;result&apos; is defined but never used. (no-unused-vars)]]></failure></testcase>
<testcase time="0" name="org.eslint.no-undef"><failure message="&apos;it&apos; is not defined."><![CDATA[line 247, col 3, Error - &apos;it&apos; is not defined. (no-undef)]]></failure></testcase>
<testcase time="0" name="org.eslint.quotes"><failure message="Strings must use doublequote."><![CDATA[line 247, col 6, Error - Strings must use doublequote. (quotes)]]></failure></testcase>
<testcase time="0" name="org.eslint.func-names"><failure message="Unexpected unnamed function."><![CDATA[line 247, col 33, Warning - Unexpected unnamed function. (func-names)]]></failure></testcase>
<testcase time="0" name="org.eslint.prefer-arrow-callback"><failure message="Unexpected function expression."><![CDATA[line 247, col 33, Error - Unexpected function expression. (prefer-arrow-callback)]]></failure></testcase>
<testcase time="0" name="org.eslint.no-var"><failure message="Unexpected var, use let or const instead."><![CDATA[line 248, col 5, Error - Unexpected var, use let or const instead. (no-var)]]></failure></testcase>
<testcase time="0" name="org.eslint.no-undef"><failure message="&apos;sails&apos; is not defined."><![CDATA[line 248, col 33, Error - &apos;sails&apos; is not defined. (no-undef)]]></failure></testcase>
<testcase time="0" name="org.eslint.quotes"><failure message="Strings must use doublequote."><![CDATA[line 250, col 15, Error - Strings must use doublequote. (quotes)]]></failure></testcase>
<testcase time="0" name="org.eslint.func-names"><failure message="Unexpected unnamed function."><![CDATA[line 253, col 12, Warning - Unexpected unnamed function. (func-names)]]></failure></testcase>
<testcase time="0" name="org.eslint.prefer-arrow-callback"><failure message="Unexpected function expression."><![CDATA[line 253, col 12, Error - Unexpected function expression. (prefer-arrow-callback)]]></failure></testcase>
<testcase time="0" name="org.eslint.no-unused-vars"><failure message="&apos;result&apos; is defined but never used."><![CDATA[line 253, col 27, Error - &apos;result&apos; is defined but never used. (no-unused-vars)]]></failure></testcase>
<testcase time="0" name="org.eslint.no-undef"><failure message="&apos;it&apos; is not defined."><![CDATA[line 262, col 3, Error - &apos;it&apos; is not defined. (no-undef)]]></failure></testcase>
<testcase time="0" name="org.eslint.quotes"><failure message="Strings must use doublequote."><![CDATA[line 262, col 6, Error - Strings must use doublequote. (quotes)]]></failure></testcase>
<testcase time="0" name="org.eslint.prefer-arrow-callback"><failure message="Unexpected function expression."><![CDATA[line 262, col 31, Error - Unexpected function expression. (prefer-arrow-callback)]]></failure></testcase>
<testcase time="0" name="org.eslint.func-names"><failure message="Unexpected unnamed function."><![CDATA[line 262, col 31, Warning - Unexpected unnamed function. (func-names)]]></failure></testcase>
<testcase time="0" name="org.eslint.no-var"><failure message="Unexpected var, use let or const instead."><![CDATA[line 263, col 5, Error - Unexpected var, use let or const instead. (no-var)]]></failure></testcase>
<testcase time="0" name="org.eslint.no-undef"><failure message="&apos;sails&apos; is not defined."><![CDATA[line 263, col 33, Error - &apos;sails&apos; is not defined. (no-undef)]]></failure></testcase>
<testcase time="0" name="org.eslint.quotes"><failure message="Strings must use doublequote."><![CDATA[line 265, col 15, Error - Strings must use doublequote. (quotes)]]></failure></testcase>
<testcase time="0" name="org.eslint.func-names"><failure message="Unexpected unnamed function."><![CDATA[line 268, col 12, Warning - Unexpected unnamed function. (func-names)]]></failure></testcase>
<testcase time="0" name="org.eslint.prefer-arrow-callback"><failure message="Unexpected function expression."><![CDATA[line 268, col 12, Error - Unexpected function expression. (prefer-arrow-callback)]]></failure></testcase>
<testcase time="0" name="org.eslint.no-unused-vars"><failure message="&apos;result&apos; is defined but never used."><![CDATA[line 268, col 27, Error - &apos;result&apos; is defined but never used. (no-unused-vars)]]></failure></testcase>
<testcase time="0" name="org.eslint.no-undef"><failure message="&apos;it&apos; is not defined."><![CDATA[line 277, col 3, Error - &apos;it&apos; is not defined. (no-undef)]]></failure></testcase>
<testcase time="0" name="org.eslint.quotes"><failure message="Strings must use doublequote."><![CDATA[line 277, col 6, Error - Strings must use doublequote. (quotes)]]></failure></testcase>
<testcase time="0" name="org.eslint.prefer-arrow-callback"><failure message="Unexpected function expression."><![CDATA[line 277, col 29, Error - Unexpected function expression. (prefer-arrow-callback)]]></failure></testcase>
<testcase time="0" name="org.eslint.func-names"><failure message="Unexpected unnamed function."><![CDATA[line 277, col 29, Warning - Unexpected unnamed function. (func-names)]]></failure></testcase>
<testcase time="0" name="org.eslint.no-var"><failure message="Unexpected var, use let or const instead."><![CDATA[line 278, col 5, Error - Unexpected var, use let or const instead. (no-var)]]></failure></testcase>
<testcase time="0" name="org.eslint.no-undef"><failure message="&apos;sails&apos; is not defined."><![CDATA[line 278, col 33, Error - &apos;sails&apos; is not defined. (no-undef)]]></failure></testcase>
<testcase time="0" name="org.eslint.quotes"><failure message="Strings must use doublequote."><![CDATA[line 280, col 15, Error - Strings must use doublequote. (quotes)]]></failure></testcase>
<testcase time="0" name="org.eslint.func-names"><failure message="Unexpected unnamed function."><![CDATA[line 283, col 12, Warning - Unexpected unnamed function. (func-names)]]></failure></testcase>
<testcase time="0" name="org.eslint.prefer-arrow-callback"><failure message="Unexpected function expression."><![CDATA[line 283, col 12, Error - Unexpected function expression. (prefer-arrow-callback)]]></failure></testcase>
<testcase time="0" name="org.eslint.no-unused-vars"><failure message="&apos;result&apos; is defined but never used."><![CDATA[line 283, col 27, Error - &apos;result&apos; is defined but never used. (no-unused-vars)]]></failure></testcase>
<testcase time="0" name="org.eslint.eol-last"><failure message="Newline required at end of file but not found."><![CDATA[line 291, col 4, Error - Newline required at end of file but not found. (eol-last)]]></failure></testcase>
</testsuite>
<testsuite package="org.eslint" time="0" tests="119" errors="119" name="/projects/challenge/test/controllers/ManufacturerController.test.js">
<testcase time="0" name="org.eslint.no-var"><failure message="Unexpected var, use let or const instead."><![CDATA[line 1, col 1, Error - Unexpected var, use let or const instead. (no-var)]]></failure></testcase>
<testcase time="0" name="org.eslint.quotes"><failure message="Strings must use doublequote."><![CDATA[line 1, col 25, Error - Strings must use doublequote. (quotes)]]></failure></testcase>
<testcase time="0" name="org.eslint.no-var"><failure message="Unexpected var, use let or const instead."><![CDATA[line 2, col 1, Error - Unexpected var, use let or const instead. (no-var)]]></failure></testcase>
<testcase time="0" name="org.eslint.no-unused-vars"><failure message="&apos;assert&apos; is assigned a value but never used."><![CDATA[line 2, col 5, Error - &apos;assert&apos; is assigned a value but never used. (no-unused-vars)]]></failure></testcase>
<testcase time="0" name="org.eslint.quotes"><failure message="Strings must use doublequote."><![CDATA[line 2, col 22, Error - Strings must use doublequote. (quotes)]]></failure></testcase>
<testcase time="0" name="org.eslint.no-var"><failure message="Unexpected var, use let or const instead."><![CDATA[line 4, col 1, Error - Unexpected var, use let or const instead. (no-var)]]></failure></testcase>
<testcase time="0" name="org.eslint.no-unused-vars"><failure message="&apos;createdSegment&apos; is defined but never used."><![CDATA[line 4, col 5, Error - &apos;createdSegment&apos; is defined but never used. (no-unused-vars)]]></failure></testcase>
<testcase time="0" name="org.eslint.quotes"><failure message="Strings must use doublequote."><![CDATA[line 5, col 9, Error - Strings must use doublequote. (quotes)]]></failure></testcase>
<testcase time="0" name="org.eslint.no-undef"><failure message="&apos;describe&apos; is not defined."><![CDATA[line 7, col 1, Error - &apos;describe&apos; is not defined. (no-undef)]]></failure></testcase>
<testcase time="0" name="org.eslint.quotes"><failure message="Strings must use doublequote."><![CDATA[line 7, col 10, Error - Strings must use doublequote. (quotes)]]></failure></testcase>
<testcase time="0" name="org.eslint.func-names"><failure message="Unexpected unnamed function."><![CDATA[line 7, col 37, Warning - Unexpected unnamed function. (func-names)]]></failure></testcase>
<testcase time="0" name="org.eslint.prefer-arrow-callback"><failure message="Unexpected function expression."><![CDATA[line 7, col 37, Error - Unexpected function expression. (prefer-arrow-callback)]]></failure></testcase>
<testcase time="0" name="org.eslint.no-undef"><failure message="&apos;it&apos; is not defined."><![CDATA[line 9, col 3, Error - &apos;it&apos; is not defined. (no-undef)]]></failure></testcase>
<testcase time="0" name="org.eslint.quotes"><failure message="Strings must use doublequote."><![CDATA[line 9, col 6, Error - Strings must use doublequote. (quotes)]]></failure></testcase>
<testcase time="0" name="org.eslint.prefer-arrow-callback"><failure message="Unexpected function expression."><![CDATA[line 9, col 35, Error - Unexpected function expression. (prefer-arrow-callback)]]></failure></testcase>
<testcase time="0" name="org.eslint.func-names"><failure message="Unexpected unnamed function."><![CDATA[line 9, col 35, Warning - Unexpected unnamed function. (func-names)]]></failure></testcase>
<testcase time="0" name="org.eslint.no-var"><failure message="Unexpected var, use let or const instead."><![CDATA[line 10, col 5, Error - Unexpected var, use let or const instead. (no-var)]]></failure></testcase>
<testcase time="0" name="org.eslint.no-undef"><failure message="&apos;sails&apos; is not defined."><![CDATA[line 10, col 33, Error - &apos;sails&apos; is not defined. (no-undef)]]></failure></testcase>
<testcase time="0" name="org.eslint.quotes"><failure message="Strings must use doublequote."><![CDATA[line 12, col 12, Error - Strings must use doublequote. (quotes)]]></failure></testcase>
<testcase time="0" name="org.eslint.prefer-arrow-callback"><failure message="Unexpected function expression."><![CDATA[line 15, col 12, Error - Unexpected function expression. (prefer-arrow-callback)]]></failure></testcase>
<testcase time="0" name="org.eslint.func-names"><failure message="Unexpected unnamed function."><![CDATA[line 15, col 12, Warning - Unexpected unnamed function. (func-names)]]></failure></testcase>
<testcase time="0" name="org.eslint.no-undef"><failure message="&apos;it&apos; is not defined."><![CDATA[line 25, col 3, Error - &apos;it&apos; is not defined. (no-undef)]]></failure></testcase>
<testcase time="0" name="org.eslint.quotes"><failure message="Strings must use doublequote."><![CDATA[line 25, col 6, Error - Strings must use doublequote. (quotes)]]></failure></testcase>
<testcase time="0" name="org.eslint.func-names"><failure message="Unexpected unnamed function."><![CDATA[line 25, col 37, Warning - Unexpected unnamed function. (func-names)]]></failure></testcase>
<testcase time="0" name="org.eslint.prefer-arrow-callback"><failure message="Unexpected function expression."><![CDATA[line 25, col 37, Error - Unexpected function expression. (prefer-arrow-callback)]]></failure></testcase>
<testcase time="0" name="org.eslint.no-var"><failure message="Unexpected var, use let or const instead."><![CDATA[line 26, col 5, Error - Unexpected var, use let or const instead. (no-var)]]></failure></testcase>
<testcase time="0" name="org.eslint.no-undef"><failure message="&apos;sails&apos; is not defined."><![CDATA[line 26, col 33, Error - &apos;sails&apos; is not defined. (no-undef)]]></failure></testcase>
<testcase time="0" name="org.eslint.semi"><failure message="Missing semicolon."><![CDATA[line 29, col 6, Error - Missing semicolon. (semi)]]></failure></testcase>
<testcase time="0" name="org.eslint.quotes"><failure message="Strings must use doublequote."><![CDATA[line 31, col 13, Error - Strings must use doublequote. (quotes)]]></failure></testcase>
<testcase time="0" name="org.eslint.prefer-arrow-callback"><failure message="Unexpected function expression."><![CDATA[line 34, col 12, Error - Unexpected function expression. (prefer-arrow-callback)]]></failure></testcase>
<testcase time="0" name="org.eslint.func-names"><failure message="Unexpected unnamed function."><![CDATA[line 34, col 12, Warning - Unexpected unnamed function. (func-names)]]></failure></testcase>
<testcase time="0" name="org.eslint.prefer-destructuring"><failure message="Use object destructuring."><![CDATA[line 38, col 11, Error - Use object destructuring. (prefer-destructuring)]]></failure></testcase>
<testcase time="0" name="org.eslint.no-undef"><failure message="&apos;it&apos; is not defined."><![CDATA[line 45, col 3, Error - &apos;it&apos; is not defined. (no-undef)]]></failure></testcase>
<testcase time="0" name="org.eslint.quotes"><failure message="Strings must use doublequote."><![CDATA[line 45, col 6, Error - Strings must use doublequote. (quotes)]]></failure></testcase>
<testcase time="0" name="org.eslint.func-names"><failure message="Unexpected unnamed function."><![CDATA[line 45, col 31, Warning - Unexpected unnamed function. (func-names)]]></failure></testcase>
<testcase time="0" name="org.eslint.prefer-arrow-callback"><failure message="Unexpected function expression."><![CDATA[line 45, col 31, Error - Unexpected function expression. (prefer-arrow-callback)]]></failure></testcase>
<testcase time="0" name="org.eslint.no-var"><failure message="Unexpected var, use let or const instead."><![CDATA[line 46, col 5, Error - Unexpected var, use let or const instead. (no-var)]]></failure></testcase>
<testcase time="0" name="org.eslint.no-undef"><failure message="&apos;sails&apos; is not defined."><![CDATA[line 46, col 33, Error - &apos;sails&apos; is not defined. (no-undef)]]></failure></testcase>
<testcase time="0" name="org.eslint.prefer-template"><failure message="Unexpected string concatenation."><![CDATA[line 48, col 12, Error - Unexpected string concatenation. (prefer-template)]]></failure></testcase>
<testcase time="0" name="org.eslint.quotes"><failure message="Strings must use doublequote."><![CDATA[line 48, col 12, Error - Strings must use doublequote. (quotes)]]></failure></testcase>
<testcase time="0" name="org.eslint.prefer-arrow-callback"><failure message="Unexpected function expression."><![CDATA[line 51, col 12, Error - Unexpected function expression. (prefer-arrow-callback)]]></failure></testcase>
<testcase time="0" name="org.eslint.func-names"><failure message="Unexpected unnamed function."><![CDATA[line 51, col 12, Warning - Unexpected unnamed function. (func-names)]]></failure></testcase>
<testcase time="0" name="org.eslint.no-unused-vars"><failure message="&apos;result&apos; is defined but never used."><![CDATA[line 51, col 27, Error - &apos;result&apos; is defined but never used. (no-unused-vars)]]></failure></testcase>
<testcase time="0" name="org.eslint.no-undef"><failure message="&apos;it&apos; is not defined."><![CDATA[line 59, col 3, Error - &apos;it&apos; is not defined. (no-undef)]]></failure></testcase>
<testcase time="0" name="org.eslint.quotes"><failure message="Strings must use doublequote."><![CDATA[line 59, col 6, Error - Strings must use doublequote. (quotes)]]></failure></testcase>
<testcase time="0" name="org.eslint.func-names"><failure message="Unexpected unnamed function."><![CDATA[line 59, col 38, Warning - Unexpected unnamed function. (func-names)]]></failure></testcase>
<testcase time="0" name="org.eslint.prefer-arrow-callback"><failure message="Unexpected function expression."><![CDATA[line 59, col 38, Error - Unexpected function expression. (prefer-arrow-callback)]]></failure></testcase>
<testcase time="0" name="org.eslint.no-var"><failure message="Unexpected var, use let or const instead."><![CDATA[line 60, col 5, Error - Unexpected var, use let or const instead. (no-var)]]></failure></testcase>
<testcase time="0" name="org.eslint.no-undef"><failure message="&apos;sails&apos; is not defined."><![CDATA[line 60, col 33, Error - &apos;sails&apos; is not defined. (no-undef)]]></failure></testcase>
<testcase time="0" name="org.eslint.quotes"><failure message="Strings must use doublequote."><![CDATA[line 62, col 12, Error - Strings must use doublequote. (quotes)]]></failure></testcase>
<testcase time="0" name="org.eslint.prefer-arrow-callback"><failure message="Unexpected function expression."><![CDATA[line 65, col 12, Error - Unexpected function expression. (prefer-arrow-callback)]]></failure></testcase>
<testcase time="0" name="org.eslint.func-names"><failure message="Unexpected unnamed function."><![CDATA[line 65, col 12, Warning - Unexpected unnamed function. (func-names)]]></failure></testcase>
<testcase time="0" name="org.eslint.no-unused-vars"><failure message="&apos;result&apos; is defined but never used."><![CDATA[line 65, col 27, Error - &apos;result&apos; is defined but never used. (no-unused-vars)]]></failure></testcase>
<testcase time="0" name="org.eslint.no-undef"><failure message="&apos;it&apos; is not defined."><![CDATA[line 73, col 3, Error - &apos;it&apos; is not defined. (no-undef)]]></failure></testcase>
<testcase time="0" name="org.eslint.quotes"><failure message="Strings must use doublequote."><![CDATA[line 73, col 6, Error - Strings must use doublequote. (quotes)]]></failure></testcase>
<testcase time="0" name="org.eslint.func-names"><failure message="Unexpected unnamed function."><![CDATA[line 73, col 40, Warning - Unexpected unnamed function. (func-names)]]></failure></testcase>
<testcase time="0" name="org.eslint.prefer-arrow-callback"><failure message="Unexpected function expression."><![CDATA[line 73, col 40, Error - Unexpected function expression. (prefer-arrow-callback)]]></failure></testcase>
<testcase time="0" name="org.eslint.no-var"><failure message="Unexpected var, use let or const instead."><![CDATA[line 74, col 5, Error - Unexpected var, use let or const instead. (no-var)]]></failure></testcase>
<testcase time="0" name="org.eslint.no-undef"><failure message="&apos;sails&apos; is not defined."><![CDATA[line 74, col 33, Error - &apos;sails&apos; is not defined. (no-undef)]]></failure></testcase>
<testcase time="0" name="org.eslint.quotes"><failure message="Strings must use doublequote."><![CDATA[line 76, col 12, Error - Strings must use doublequote. (quotes)]]></failure></testcase>
<testcase time="0" name="org.eslint.func-names"><failure message="Unexpected unnamed function."><![CDATA[line 79, col 12, Warning - Unexpected unnamed function. (func-names)]]></failure></testcase>
<testcase time="0" name="org.eslint.prefer-arrow-callback"><failure message="Unexpected function expression."><![CDATA[line 79, col 12, Error - Unexpected function expression. (prefer-arrow-callback)]]></failure></testcase>
<testcase time="0" name="org.eslint.no-unused-vars"><failure message="&apos;result&apos; is defined but never used."><![CDATA[line 79, col 27, Error - &apos;result&apos; is defined but never used. (no-unused-vars)]]></failure></testcase>
<testcase time="0" name="org.eslint.no-undef"><failure message="&apos;it&apos; is not defined."><![CDATA[line 87, col 3, Error - &apos;it&apos; is not defined. (no-undef)]]></failure></testcase>
<testcase time="0" name="org.eslint.quotes"><failure message="Strings must use doublequote."><![CDATA[line 87, col 6, Error - Strings must use doublequote. (quotes)]]></failure></testcase>
<testcase time="0" name="org.eslint.no-undef"><failure message="&apos;sails&apos; is not defined."><![CDATA[line 88, col 35, Error - &apos;sails&apos; is not defined. (no-undef)]]></failure></testcase>
<testcase time="0" name="org.eslint.prefer-template"><failure message="Unexpected string concatenation."><![CDATA[line 90, col 12, Error - Unexpected string concatenation. (prefer-template)]]></failure></testcase>
<testcase time="0" name="org.eslint.quotes"><failure message="Strings must use doublequote."><![CDATA[line 90, col 12, Error - Strings must use doublequote. (quotes)]]></failure></testcase>
<testcase time="0" name="org.eslint.comma-dangle"><failure message="Missing trailing comma."><![CDATA[line 92, col 21, Error - Missing trailing comma. (comma-dangle)]]></failure></testcase>
<testcase time="0" name="org.eslint.no-undef"><failure message="&apos;it&apos; is not defined."><![CDATA[line 104, col 3, Error - &apos;it&apos; is not defined. (no-undef)]]></failure></testcase>
<testcase time="0" name="org.eslint.quotes"><failure message="Strings must use doublequote."><![CDATA[line 104, col 6, Error - Strings must use doublequote. (quotes)]]></failure></testcase>
<testcase time="0" name="org.eslint.no-undef"><failure message="&apos;sails&apos; is not defined."><![CDATA[line 105, col 35, Error - &apos;sails&apos; is not defined. (no-undef)]]></failure></testcase>
<testcase time="0" name="org.eslint.quotes"><failure message="Strings must use doublequote."><![CDATA[line 107, col 12, Error - Strings must use doublequote. (quotes)]]></failure></testcase>
<testcase time="0" name="org.eslint.comma-dangle"><failure message="Missing trailing comma."><![CDATA[line 109, col 21, Error - Missing trailing comma. (comma-dangle)]]></failure></testcase>
<testcase time="0" name="org.eslint.no-unused-vars"><failure message="&apos;result&apos; is defined but never used."><![CDATA[line 112, col 18, Error - &apos;result&apos; is defined but never used. (no-unused-vars)]]></failure></testcase>
<testcase time="0" name="org.eslint.no-undef"><failure message="&apos;it&apos; is not defined."><![CDATA[line 121, col 3, Error - &apos;it&apos; is not defined. (no-undef)]]></failure></testcase>
<testcase time="0" name="org.eslint.quotes"><failure message="Strings must use doublequote."><![CDATA[line 121, col 6, Error - Strings must use doublequote. (quotes)]]></failure></testcase>
<testcase time="0" name="org.eslint.no-undef"><failure message="&apos;sails&apos; is not defined."><![CDATA[line 122, col 35, Error - &apos;sails&apos; is not defined. (no-undef)]]></failure></testcase>
<testcase time="0" name="org.eslint.prefer-const"><failure message="&apos;temp&apos; is never reassigned. Use &apos;const&apos; instead."><![CDATA[line 123, col 9, Error - &apos;temp&apos; is never reassigned. Use &apos;const&apos; instead. (prefer-const)]]></failure></testcase>
<testcase time="0" name="org.eslint.no-unused-vars"><failure message="&apos;temp&apos; is assigned a value but never used."><![CDATA[line 123, col 9, Error - &apos;temp&apos; is assigned a value but never used. (no-unused-vars)]]></failure></testcase>
<testcase time="0" name="org.eslint.no-unused-vars"><failure message="&apos;manufacturer&apos; is assigned a value but never used."><![CDATA[line 124, col 11, Error - &apos;manufacturer&apos; is assigned a value but never used. (no-unused-vars)]]></failure></testcase>
<testcase time="0" name="org.eslint.semi"><failure message="Missing semicolon."><![CDATA[line 126, col 6, Error - Missing semicolon. (semi)]]></failure></testcase>
<testcase time="0" name="org.eslint.prefer-template"><failure message="Unexpected string concatenation."><![CDATA[line 136, col 12, Error - Unexpected string concatenation. (prefer-template)]]></failure></testcase>
<testcase time="0" name="org.eslint.quotes"><failure message="Strings must use doublequote."><![CDATA[line 136, col 12, Error - Strings must use doublequote. (quotes)]]></failure></testcase>
<testcase time="0" name="org.eslint.comma-dangle"><failure message="Missing trailing comma."><![CDATA[line 138, col 21, Error - Missing trailing comma. (comma-dangle)]]></failure></testcase>
<testcase time="0" name="org.eslint.no-unused-vars"><failure message="&apos;result&apos; is defined but never used."><![CDATA[line 141, col 18, Error - &apos;result&apos; is defined but never used. (no-unused-vars)]]></failure></testcase>
<testcase time="0" name="org.eslint.padded-blocks"><failure message="Block must not be padded by blank lines."><![CDATA[line 152, col 3, Error - Block must not be padded by blank lines. (padded-blocks)]]></failure></testcase>
<testcase time="0" name="org.eslint.no-undef"><failure message="&apos;it&apos; is not defined."><![CDATA[line 155, col 3, Error - &apos;it&apos; is not defined. (no-undef)]]></failure></testcase>
<testcase time="0" name="org.eslint.quotes"><failure message="Strings must use doublequote."><![CDATA[line 155, col 6, Error - Strings must use doublequote. (quotes)]]></failure></testcase>
<testcase time="0" name="org.eslint.func-names"><failure message="Unexpected unnamed function."><![CDATA[line 155, col 29, Warning - Unexpected unnamed function. (func-names)]]></failure></testcase>
<testcase time="0" name="org.eslint.prefer-arrow-callback"><failure message="Unexpected function expression."><![CDATA[line 155, col 29, Error - Unexpected function expression. (prefer-arrow-callback)]]></failure></testcase>
<testcase time="0" name="org.eslint.no-var"><failure message="Unexpected var, use let or const instead."><![CDATA[line 156, col 5, Error - Unexpected var, use let or const instead. (no-var)]]></failure></testcase>
<testcase time="0" name="org.eslint.no-undef"><failure message="&apos;sails&apos; is not defined."><![CDATA[line 156, col 33, Error - &apos;sails&apos; is not defined. (no-undef)]]></failure></testcase>
<testcase time="0" name="org.eslint.quotes"><failure message="Strings must use doublequote."><![CDATA[line 158, col 15, Error - Strings must use doublequote. (quotes)]]></failure></testcase>
<testcase time="0" name="org.eslint.prefer-template"><failure message="Unexpected string concatenation."><![CDATA[line 158, col 15, Error - Unexpected string concatenation. (prefer-template)]]></failure></testcase>
<testcase time="0" name="org.eslint.prefer-arrow-callback"><failure message="Unexpected function expression."><![CDATA[line 161, col 12, Error - Unexpected function expression. (prefer-arrow-callback)]]></failure></testcase>
<testcase time="0" name="org.eslint.func-names"><failure message="Unexpected unnamed function."><![CDATA[line 161, col 12, Warning - Unexpected unnamed function. (func-names)]]></failure></testcase>
<testcase time="0" name="org.eslint.no-unused-vars"><failure message="&apos;result&apos; is defined but never used."><![CDATA[line 161, col 27, Error - &apos;result&apos; is defined but never used. (no-unused-vars)]]></failure></testcase>
<testcase time="0" name="org.eslint.no-undef"><failure message="&apos;it&apos; is not defined."><![CDATA[line 169, col 3, Error - &apos;it&apos; is not defined. (no-undef)]]></failure></testcase>
<testcase time="0" name="org.eslint.quotes"><failure message="Strings must use doublequote."><![CDATA[line 169, col 6, Error - Strings must use doublequote. (quotes)]]></failure></testcase>
<testcase time="0" name="org.eslint.func-names"><failure message="Unexpected unnamed function."><![CDATA[line 169, col 42, Warning - Unexpected unnamed function. (func-names)]]></failure></testcase>
<testcase time="0" name="org.eslint.prefer-arrow-callback"><failure message="Unexpected function expression."><![CDATA[line 169, col 42, Error - Unexpected function expression. (prefer-arrow-callback)]]></failure></testcase>
<testcase time="0" name="org.eslint.no-var"><failure message="Unexpected var, use let or const instead."><![CDATA[line 170, col 5, Error - Unexpected var, use let or const instead. (no-var)]]></failure></testcase>
<testcase time="0" name="org.eslint.no-undef"><failure message="&apos;sails&apos; is not defined."><![CDATA[line 170, col 33, Error - &apos;sails&apos; is not defined. (no-undef)]]></failure></testcase>
<testcase time="0" name="org.eslint.quotes"><failure message="Strings must use doublequote."><![CDATA[line 172, col 15, Error - Strings must use doublequote. (quotes)]]></failure></testcase>
<testcase time="0" name="org.eslint.func-names"><failure message="Unexpected unnamed function."><![CDATA[line 175, col 12, Warning - Unexpected unnamed function. (func-names)]]></failure></testcase>
<testcase time="0" name="org.eslint.prefer-arrow-callback"><failure message="Unexpected function expression."><![CDATA[line 175, col 12, Error - Unexpected function expression. (prefer-arrow-callback)]]></failure></testcase>
<testcase time="0" name="org.eslint.no-unused-vars"><failure message="&apos;result&apos; is defined but never used."><![CDATA[line 175, col 27, Error - &apos;result&apos; is defined but never used. (no-unused-vars)]]></failure></testcase>
<testcase time="0" name="org.eslint.no-undef"><failure message="&apos;it&apos; is not defined."><![CDATA[line 183, col 3, Error - &apos;it&apos; is not defined. (no-undef)]]></failure></testcase>
<testcase time="0" name="org.eslint.quotes"><failure message="Strings must use doublequote."><![CDATA[line 183, col 6, Error - Strings must use doublequote. (quotes)]]></failure></testcase>
<testcase time="0" name="org.eslint.func-names"><failure message="Unexpected unnamed function."><![CDATA[line 183, col 38, Warning - Unexpected unnamed function. (func-names)]]></failure></testcase>
<testcase time="0" name="org.eslint.prefer-arrow-callback"><failure message="Unexpected function expression."><![CDATA[line 183, col 38, Error - Unexpected function expression. (prefer-arrow-callback)]]></failure></testcase>
<testcase time="0" name="org.eslint.no-var"><failure message="Unexpected var, use let or const instead."><![CDATA[line 184, col 5, Error - Unexpected var, use let or const instead. (no-var)]]></failure></testcase>
<testcase time="0" name="org.eslint.no-undef"><failure message="&apos;sails&apos; is not defined."><![CDATA[line 184, col 33, Error - &apos;sails&apos; is not defined. (no-undef)]]></failure></testcase>
<testcase time="0" name="org.eslint.quotes"><failure message="Strings must use doublequote."><![CDATA[line 186, col 15, Error - Strings must use doublequote. (quotes)]]></failure></testcase>
<testcase time="0" name="org.eslint.func-names"><failure message="Unexpected unnamed function."><![CDATA[line 189, col 12, Warning - Unexpected unnamed function. (func-names)]]></failure></testcase>
<testcase time="0" name="org.eslint.prefer-arrow-callback"><failure message="Unexpected function expression."><![CDATA[line 189, col 12, Error - Unexpected function expression. (prefer-arrow-callback)]]></failure></testcase>
<testcase time="0" name="org.eslint.no-unused-vars"><failure message="&apos;result&apos; is defined but never used."><![CDATA[line 189, col 27, Error - &apos;result&apos; is defined but never used. (no-unused-vars)]]></failure></testcase>
<testcase time="0" name="org.eslint.eol-last"><failure message="Newline required at end of file but not found."><![CDATA[line 197, col 4, Error - Newline required at end of file but not found. (eol-last)]]></failure></testcase>
</testsuite>
<testsuite package="org.eslint" time="0" tests="26" errors="26" name="/projects/challenge/test/controllers/SegmentController.test.js">
<testcase time="0" name="org.eslint.no-var"><failure message="Unexpected var, use let or const instead."><![CDATA[line 1, col 1, Error - Unexpected var, use let or const instead. (no-var)]]></failure></testcase>
<testcase time="0" name="org.eslint.quotes"><failure message="Strings must use doublequote."><![CDATA[line 1, col 25, Error - Strings must use doublequote. (quotes)]]></failure></testcase>
<testcase time="0" name="org.eslint.no-var"><failure message="Unexpected var, use let or const instead."><![CDATA[line 2, col 1, Error - Unexpected var, use let or const instead. (no-var)]]></failure></testcase>
<testcase time="0" name="org.eslint.no-unused-vars"><failure message="&apos;assert&apos; is assigned a value but never used."><![CDATA[line 2, col 5, Error - &apos;assert&apos; is assigned a value but never used. (no-unused-vars)]]></failure></testcase>
<testcase time="0" name="org.eslint.quotes"><failure message="Strings must use doublequote."><![CDATA[line 2, col 22, Error - Strings must use doublequote. (quotes)]]></failure></testcase>
<testcase time="0" name="org.eslint.no-var"><failure message="Unexpected var, use let or const instead."><![CDATA[line 4, col 1, Error - Unexpected var, use let or const instead. (no-var)]]></failure></testcase>
<testcase time="0" name="org.eslint.no-unused-vars"><failure message="&apos;createdSegment&apos; is defined but never used."><![CDATA[line 4, col 5, Error - &apos;createdSegment&apos; is defined but never used. (no-unused-vars)]]></failure></testcase>
<testcase time="0" name="org.eslint.quotes"><failure message="Strings must use doublequote."><![CDATA[line 5, col 9, Error - Strings must use doublequote. (quotes)]]></failure></testcase>
<testcase time="0" name="org.eslint.no-undef"><failure message="&apos;describe&apos; is not defined."><![CDATA[line 7, col 1, Error - &apos;describe&apos; is not defined. (no-undef)]]></failure></testcase>
<testcase time="0" name="org.eslint.quotes"><failure message="Strings must use doublequote."><![CDATA[line 7, col 10, Error - Strings must use doublequote. (quotes)]]></failure></testcase>
<testcase time="0" name="org.eslint.prefer-arrow-callback"><failure message="Unexpected function expression."><![CDATA[line 7, col 32, Error - Unexpected function expression. (prefer-arrow-callback)]]></failure></testcase>
<testcase time="0" name="org.eslint.func-names"><failure message="Unexpected unnamed function."><![CDATA[line 7, col 32, Warning - Unexpected unnamed function. (func-names)]]></failure></testcase>
<testcase time="0" name="org.eslint.space-before-function-paren"><failure message="Missing space before function parentheses."><![CDATA[line 7, col 40, Error - Missing space before function parentheses. (space-before-function-paren)]]></failure></testcase>
<testcase time="0" name="org.eslint.no-undef"><failure message="&apos;it&apos; is not defined."><![CDATA[line 8, col 3, Error - &apos;it&apos; is not defined. (no-undef)]]></failure></testcase>
<testcase time="0" name="org.eslint.quotes"><failure message="Strings must use doublequote."><![CDATA[line 8, col 6, Error - Strings must use doublequote. (quotes)]]></failure></testcase>
<testcase time="0" name="org.eslint.func-names"><failure message="Unexpected unnamed function."><![CDATA[line 8, col 22, Warning - Unexpected unnamed function. (func-names)]]></failure></testcase>
<testcase time="0" name="org.eslint.prefer-arrow-callback"><failure message="Unexpected function expression."><![CDATA[line 8, col 22, Error - Unexpected function expression. (prefer-arrow-callback)]]></failure></testcase>
<testcase time="0" name="org.eslint.space-before-function-paren"><failure message="Missing space before function parentheses."><![CDATA[line 8, col 30, Error - Missing space before function parentheses. (space-before-function-paren)]]></failure></testcase>
<testcase time="0" name="org.eslint.no-var"><failure message="Unexpected var, use let or const instead."><![CDATA[line 9, col 5, Error - Unexpected var, use let or const instead. (no-var)]]></failure></testcase>
<testcase time="0" name="org.eslint.no-undef"><failure message="&apos;sails&apos; is not defined."><![CDATA[line 9, col 33, Error - &apos;sails&apos; is not defined. (no-undef)]]></failure></testcase>
<testcase time="0" name="org.eslint.quotes"><failure message="Strings must use doublequote."><![CDATA[line 11, col 12, Error - Strings must use doublequote. (quotes)]]></failure></testcase>
<testcase time="0" name="org.eslint.prefer-arrow-callback"><failure message="Unexpected function expression."><![CDATA[line 14, col 12, Error - Unexpected function expression. (prefer-arrow-callback)]]></failure></testcase>
<testcase time="0" name="org.eslint.func-names"><failure message="Unexpected unnamed function."><![CDATA[line 14, col 12, Warning - Unexpected unnamed function. (func-names)]]></failure></testcase>
<testcase time="0" name="org.eslint.space-before-function-paren"><failure message="Missing space before function parentheses."><![CDATA[line 14, col 20, Error - Missing space before function parentheses. (space-before-function-paren)]]></failure></testcase>
<testcase time="0" name="org.eslint.padded-blocks"><failure message="Block must not be padded by blank lines."><![CDATA[line 24, col 1, Error - Block must not be padded by blank lines. (padded-blocks)]]></failure></testcase>
<testcase time="0" name="org.eslint.eol-last"><failure message="Newline required at end of file but not found."><![CDATA[line 24, col 4, Error - Newline required at end of file but not found. (eol-last)]]></failure></testcase>
</testsuite>
<testsuite package="org.eslint" time="0" tests="121" errors="121" name="/projects/challenge/test/controllers/VarientController.test.js">
<testcase time="0" name="org.eslint.no-var"><failure message="Unexpected var, use let or const instead."><![CDATA[line 1, col 1, Error - Unexpected var, use let or const instead. (no-var)]]></failure></testcase>
<testcase time="0" name="org.eslint.quotes"><failure message="Strings must use doublequote."><![CDATA[line 1, col 25, Error - Strings must use doublequote. (quotes)]]></failure></testcase>
<testcase time="0" name="org.eslint.no-var"><failure message="Unexpected var, use let or const instead."><![CDATA[line 2, col 1, Error - Unexpected var, use let or const instead. (no-var)]]></failure></testcase>
<testcase time="0" name="org.eslint.no-unused-vars"><failure message="&apos;assert&apos; is assigned a value but never used."><![CDATA[line 2, col 5, Error - &apos;assert&apos; is assigned a value but never used. (no-unused-vars)]]></failure></testcase>
<testcase time="0" name="org.eslint.quotes"><failure message="Strings must use doublequote."><![CDATA[line 2, col 22, Error - Strings must use doublequote. (quotes)]]></failure></testcase>
<testcase time="0" name="org.eslint.no-var"><failure message="Unexpected var, use let or const instead."><![CDATA[line 4, col 1, Error - Unexpected var, use let or const instead. (no-var)]]></failure></testcase>
<testcase time="0" name="org.eslint.no-unused-vars"><failure message="&apos;createdSegment&apos; is defined but never used."><![CDATA[line 4, col 5, Error - &apos;createdSegment&apos; is defined but never used. (no-unused-vars)]]></failure></testcase>
<testcase time="0" name="org.eslint.quotes"><failure message="Strings must use doublequote."><![CDATA[line 5, col 9, Error - Strings must use doublequote. (quotes)]]></failure></testcase>
<testcase time="0" name="org.eslint.no-undef"><failure message="&apos;describe&apos; is not defined."><![CDATA[line 7, col 1, Error - &apos;describe&apos; is not defined. (no-undef)]]></failure></testcase>
<testcase time="0" name="org.eslint.quotes"><failure message="Strings must use doublequote."><![CDATA[line 7, col 10, Error - Strings must use doublequote. (quotes)]]></failure></testcase>
<testcase time="0" name="org.eslint.prefer-arrow-callback"><failure message="Unexpected function expression."><![CDATA[line 7, col 32, Error - Unexpected function expression. (prefer-arrow-callback)]]></failure></testcase>
<testcase time="0" name="org.eslint.func-names"><failure message="Unexpected unnamed function."><![CDATA[line 7, col 32, Warning - Unexpected unnamed function. (func-names)]]></failure></testcase>
<testcase time="0" name="org.eslint.no-undef"><failure message="&apos;it&apos; is not defined."><![CDATA[line 9, col 3, Error - &apos;it&apos; is not defined. (no-undef)]]></failure></testcase>
<testcase time="0" name="org.eslint.quotes"><failure message="Strings must use doublequote."><![CDATA[line 9, col 6, Error - Strings must use doublequote. (quotes)]]></failure></testcase>
<testcase time="0" name="org.eslint.prefer-arrow-callback"><failure message="Unexpected function expression."><![CDATA[line 9, col 26, Error - Unexpected function expression. (prefer-arrow-callback)]]></failure></testcase>
<testcase time="0" name="org.eslint.func-names"><failure message="Unexpected unnamed function."><![CDATA[line 9, col 26, Warning - Unexpected unnamed function. (func-names)]]></failure></testcase>
<testcase time="0" name="org.eslint.no-var"><failure message="Unexpected var, use let or const instead."><![CDATA[line 10, col 5, Error - Unexpected var, use let or const instead. (no-var)]]></failure></testcase>
<testcase time="0" name="org.eslint.no-undef"><failure message="&apos;sails&apos; is not defined."><![CDATA[line 10, col 33, Error - &apos;sails&apos; is not defined. (no-undef)]]></failure></testcase>
<testcase time="0" name="org.eslint.quotes"><failure message="Strings must use doublequote."><![CDATA[line 12, col 12, Error - Strings must use doublequote. (quotes)]]></failure></testcase>
<testcase time="0" name="org.eslint.prefer-arrow-callback"><failure message="Unexpected function expression."><![CDATA[line 15, col 12, Error - Unexpected function expression. (prefer-arrow-callback)]]></failure></testcase>
<testcase time="0" name="org.eslint.func-names"><failure message="Unexpected unnamed function."><![CDATA[line 15, col 12, Warning - Unexpected unnamed function. (func-names)]]></failure></testcase>
<testcase time="0" name="org.eslint.no-undef"><failure message="&apos;it&apos; is not defined."><![CDATA[line 25, col 3, Error - &apos;it&apos; is not defined. (no-undef)]]></failure></testcase>
<testcase time="0" name="org.eslint.quotes"><failure message="Strings must use doublequote."><![CDATA[line 25, col 6, Error - Strings must use doublequote. (quotes)]]></failure></testcase>
<testcase time="0" name="org.eslint.prefer-arrow-callback"><failure message="Unexpected function expression."><![CDATA[line 25, col 32, Error - Unexpected function expression. (prefer-arrow-callback)]]></failure></testcase>
<testcase time="0" name="org.eslint.func-names"><failure message="Unexpected unnamed function."><![CDATA[line 25, col 32, Warning - Unexpected unnamed function. (func-names)]]></failure></testcase>
<testcase time="0" name="org.eslint.no-var"><failure message="Unexpected var, use let or const instead."><![CDATA[line 26, col 5, Error - Unexpected var, use let or const instead. (no-var)]]></failure></testcase>
<testcase time="0" name="org.eslint.no-undef"><failure message="&apos;sails&apos; is not defined."><![CDATA[line 26, col 33, Error - &apos;sails&apos; is not defined. (no-undef)]]></failure></testcase>
<testcase time="0" name="org.eslint.quote-props"><failure message="Unnecessarily quoted property &apos;name&apos; found."><![CDATA[line 28, col 7, Error - Unnecessarily quoted property &apos;name&apos; found. (quote-props)]]></failure></testcase>
<testcase time="0" name="org.eslint.quote-props"><failure message="Unnecessarily quoted property &apos;type&apos; found."><![CDATA[line 29, col 7, Error - Unnecessarily quoted property &apos;type&apos; found. (quote-props)]]></failure></testcase>
<testcase time="0" name="org.eslint.quote-props"><failure message="Unnecessarily quoted property &apos;capacity&apos; found."><![CDATA[line 30, col 7, Error - Unnecessarily quoted property &apos;capacity&apos; found. (quote-props)]]></failure></testcase>
<testcase time="0" name="org.eslint.quote-props"><failure message="Unnecessarily quoted property &apos;price&apos; found."><![CDATA[line 31, col 7, Error - Unnecessarily quoted property &apos;price&apos; found. (quote-props)]]></failure></testcase>
<testcase time="0" name="org.eslint.comma-dangle"><failure message="Missing trailing comma."><![CDATA[line 31, col 27, Error - Missing trailing comma. (comma-dangle)]]></failure></testcase>
<testcase time="0" name="org.eslint.semi"><failure message="Missing semicolon."><![CDATA[line 32, col 6, Error - Missing semicolon. (semi)]]></failure></testcase>
<testcase time="0" name="org.eslint.quotes"><failure message="Strings must use doublequote."><![CDATA[line 34, col 13, Error - Strings must use doublequote. (quotes)]]></failure></testcase>
<testcase time="0" name="org.eslint.prefer-arrow-callback"><failure message="Unexpected function expression."><![CDATA[line 37, col 12, Error - Unexpected function expression. (prefer-arrow-callback)]]></failure></testcase>
<testcase time="0" name="org.eslint.func-names"><failure message="Unexpected unnamed function."><![CDATA[line 37, col 12, Warning - Unexpected unnamed function. (func-names)]]></failure></testcase>
<testcase time="0" name="org.eslint.prefer-destructuring"><failure message="Use object destructuring."><![CDATA[line 41, col 11, Error - Use object destructuring. (prefer-destructuring)]]></failure></testcase>
<testcase time="0" name="org.eslint.no-undef"><failure message="&apos;it&apos; is not defined."><![CDATA[line 47, col 3, Error - &apos;it&apos; is not defined. (no-undef)]]></failure></testcase>
<testcase time="0" name="org.eslint.quotes"><failure message="Strings must use doublequote."><![CDATA[line 47, col 6, Error - Strings must use doublequote. (quotes)]]></failure></testcase>
<testcase time="0" name="org.eslint.prefer-arrow-callback"><failure message="Unexpected function expression."><![CDATA[line 47, col 41, Error - Unexpected function expression. (prefer-arrow-callback)]]></failure></testcase>
<testcase time="0" name="org.eslint.func-names"><failure message="Unexpected unnamed function."><![CDATA[line 47, col 41, Warning - Unexpected unnamed function. (func-names)]]></failure></testcase>
<testcase time="0" name="org.eslint.no-var"><failure message="Unexpected var, use let or const instead."><![CDATA[line 48, col 5, Error - Unexpected var, use let or const instead. (no-var)]]></failure></testcase>
<testcase time="0" name="org.eslint.no-undef"><failure message="&apos;sails&apos; is not defined."><![CDATA[line 48, col 33, Error - &apos;sails&apos; is not defined. (no-undef)]]></failure></testcase>
<testcase time="0" name="org.eslint.quote-props"><failure message="Unnecessarily quoted property &apos;name&apos; found."><![CDATA[line 50, col 7, Error - Unnecessarily quoted property &apos;name&apos; found. (quote-props)]]></failure></testcase>
<testcase time="0" name="org.eslint.comma-dangle"><failure message="Missing trailing comma."><![CDATA[line 50, col 29, Error - Missing trailing comma. (comma-dangle)]]></failure></testcase>
<testcase time="0" name="org.eslint.semi"><failure message="Missing semicolon."><![CDATA[line 51, col 6, Error - Missing semicolon. (semi)]]></failure></testcase>
<testcase time="0" name="org.eslint.quotes"><failure message="Strings must use doublequote."><![CDATA[line 53, col 13, Error - Strings must use doublequote. (quotes)]]></failure></testcase>
<testcase time="0" name="org.eslint.func-names"><failure message="Unexpected unnamed function."><![CDATA[line 56, col 12, Warning - Unexpected unnamed function. (func-names)]]></failure></testcase>
<testcase time="0" name="org.eslint.prefer-arrow-callback"><failure message="Unexpected function expression."><![CDATA[line 56, col 12, Error - Unexpected function expression. (prefer-arrow-callback)]]></failure></testcase>
<testcase time="0" name="org.eslint.no-unused-vars"><failure message="&apos;result&apos; is defined but never used."><![CDATA[line 56, col 27, Error - &apos;result&apos; is defined but never used. (no-unused-vars)]]></failure></testcase>
<testcase time="0" name="org.eslint.no-undef"><failure message="&apos;it&apos; is not defined."><![CDATA[line 66, col 3, Error - &apos;it&apos; is not defined. (no-undef)]]></failure></testcase>
<testcase time="0" name="org.eslint.quotes"><failure message="Strings must use doublequote."><![CDATA[line 66, col 6, Error - Strings must use doublequote. (quotes)]]></failure></testcase>
<testcase time="0" name="org.eslint.no-undef"><failure message="&apos;sails&apos; is not defined."><![CDATA[line 67, col 35, Error - &apos;sails&apos; is not defined. (no-undef)]]></failure></testcase>
<testcase time="0" name="org.eslint.quotes"><failure message="Strings must use doublequote."><![CDATA[line 69, col 12, Error - Strings must use doublequote. (quotes)]]></failure></testcase>
<testcase time="0" name="org.eslint.prefer-template"><failure message="Unexpected string concatenation."><![CDATA[line 69, col 12, Error - Unexpected string concatenation. (prefer-template)]]></failure></testcase>
<testcase time="0" name="org.eslint.quote-props"><failure message="Unnecessarily quoted property &apos;name&apos; found."><![CDATA[line 71, col 9, Error - Unnecessarily quoted property &apos;name&apos; found. (quote-props)]]></failure></testcase>
<testcase time="0" name="org.eslint.quote-props"><failure message="Unnecessarily quoted property &apos;type&apos; found."><![CDATA[line 72, col 9, Error - Unnecessarily quoted property &apos;type&apos; found. (quote-props)]]></failure></testcase>
<testcase time="0" name="org.eslint.quote-props"><failure message="Unnecessarily quoted property &apos;capacity&apos; found."><![CDATA[line 73, col 9, Error - Unnecessarily quoted property &apos;capacity&apos; found. (quote-props)]]></failure></testcase>
<testcase time="0" name="org.eslint.quote-props"><failure message="Unnecessarily quoted property &apos;price&apos; found."><![CDATA[line 74, col 9, Error - Unnecessarily quoted property &apos;price&apos; found. (quote-props)]]></failure></testcase>
<testcase time="0" name="org.eslint.comma-dangle"><failure message="Missing trailing comma."><![CDATA[line 74, col 29, Error - Missing trailing comma. (comma-dangle)]]></failure></testcase>
<testcase time="0" name="org.eslint.no-unused-vars"><failure message="&apos;result&apos; is defined but never used."><![CDATA[line 77, col 18, Error - &apos;result&apos; is defined but never used. (no-unused-vars)]]></failure></testcase>
<testcase time="0" name="org.eslint.no-undef"><failure message="&apos;it&apos; is not defined."><![CDATA[line 86, col 3, Error - &apos;it&apos; is not defined. (no-undef)]]></failure></testcase>
<testcase time="0" name="org.eslint.quotes"><failure message="Strings must use doublequote."><![CDATA[line 86, col 6, Error - Strings must use doublequote. (quotes)]]></failure></testcase>
<testcase time="0" name="org.eslint.no-undef"><failure message="&apos;sails&apos; is not defined."><![CDATA[line 87, col 35, Error - &apos;sails&apos; is not defined. (no-undef)]]></failure></testcase>
<testcase time="0" name="org.eslint.quotes"><failure message="Strings must use doublequote."><![CDATA[line 89, col 12, Error - Strings must use doublequote. (quotes)]]></failure></testcase>
<testcase time="0" name="org.eslint.quote-props"><failure message="Unnecessarily quoted property &apos;name&apos; found."><![CDATA[line 91, col 9, Error - Unnecessarily quoted property &apos;name&apos; found. (quote-props)]]></failure></testcase>
<testcase time="0" name="org.eslint.quote-props"><failure message="Unnecessarily quoted property &apos;type&apos; found."><![CDATA[line 92, col 9, Error - Unnecessarily quoted property &apos;type&apos; found. (quote-props)]]></failure></testcase>
<testcase time="0" name="org.eslint.quote-props"><failure message="Unnecessarily quoted property &apos;capacity&apos; found."><![CDATA[line 93, col 9, Error - Unnecessarily quoted property &apos;capacity&apos; found. (quote-props)]]></failure></testcase>
<testcase time="0" name="org.eslint.quote-props"><failure message="Unnecessarily quoted property &apos;price&apos; found."><![CDATA[line 94, col 9, Error - Unnecessarily quoted property &apos;price&apos; found. (quote-props)]]></failure></testcase>
<testcase time="0" name="org.eslint.comma-dangle"><failure message="Missing trailing comma."><![CDATA[line 94, col 29, Error - Missing trailing comma. (comma-dangle)]]></failure></testcase>
<testcase time="0" name="org.eslint.no-unused-vars"><failure message="&apos;result&apos; is defined but never used."><![CDATA[line 97, col 18, Error - &apos;result&apos; is defined but never used. (no-unused-vars)]]></failure></testcase>
<testcase time="0" name="org.eslint.no-undef"><failure message="&apos;it&apos; is not defined."><![CDATA[line 107, col 3, Error - &apos;it&apos; is not defined. (no-undef)]]></failure></testcase>
<testcase time="0" name="org.eslint.quotes"><failure message="Strings must use doublequote."><![CDATA[line 107, col 6, Error - Strings must use doublequote. (quotes)]]></failure></testcase>
<testcase time="0" name="org.eslint.no-undef"><failure message="&apos;sails&apos; is not defined."><![CDATA[line 108, col 35, Error - &apos;sails&apos; is not defined. (no-undef)]]></failure></testcase>
<testcase time="0" name="org.eslint.quotes"><failure message="Strings must use doublequote."><![CDATA[line 110, col 12, Error - Strings must use doublequote. (quotes)]]></failure></testcase>
<testcase time="0" name="org.eslint.no-unused-vars"><failure message="&apos;result&apos; is defined but never used."><![CDATA[line 113, col 18, Error - &apos;result&apos; is defined but never used. (no-unused-vars)]]></failure></testcase>
<testcase time="0" name="org.eslint.no-trailing-spaces"><failure message="Trailing spaces not allowed."><![CDATA[line 116, col 17, Error - Trailing spaces not allowed. (no-trailing-spaces)]]></failure></testcase>
<testcase time="0" name="org.eslint.no-multiple-empty-lines"><failure message="More than 2 blank lines not allowed."><![CDATA[line 121, col 1, Error - More than 2 blank lines not allowed. (no-multiple-empty-lines)]]></failure></testcase>
<testcase time="0" name="org.eslint.no-undef"><failure message="&apos;it&apos; is not defined."><![CDATA[line 125, col 3, Error - &apos;it&apos; is not defined. (no-undef)]]></failure></testcase>
<testcase time="0" name="org.eslint.quotes"><failure message="Strings must use doublequote."><![CDATA[line 125, col 6, Error - Strings must use doublequote. (quotes)]]></failure></testcase>
<testcase time="0" name="org.eslint.prefer-arrow-callback"><failure message="Unexpected function expression."><![CDATA[line 125, col 28, Error - Unexpected function expression. (prefer-arrow-callback)]]></failure></testcase>
<testcase time="0" name="org.eslint.func-names"><failure message="Unexpected unnamed function."><![CDATA[line 125, col 28, Warning - Unexpected unnamed function. (func-names)]]></failure></testcase>
<testcase time="0" name="org.eslint.no-var"><failure message="Unexpected var, use let or const instead."><![CDATA[line 126, col 5, Error - Unexpected var, use let or const instead. (no-var)]]></failure></testcase>
<testcase time="0" name="org.eslint.no-undef"><failure message="&apos;sails&apos; is not defined."><![CDATA[line 126, col 33, Error - &apos;sails&apos; is not defined. (no-undef)]]></failure></testcase>
<testcase time="0" name="org.eslint.quotes"><failure message="Strings must use doublequote."><![CDATA[line 128, col 15, Error - Strings must use doublequote. (quotes)]]></failure></testcase>
<testcase time="0" name="org.eslint.prefer-template"><failure message="Unexpected string concatenation."><![CDATA[line 128, col 15, Error - Unexpected string concatenation. (prefer-template)]]></failure></testcase>
<testcase time="0" name="org.eslint.func-names"><failure message="Unexpected unnamed function."><![CDATA[line 131, col 12, Warning - Unexpected unnamed function. (func-names)]]></failure></testcase>
<testcase time="0" name="org.eslint.prefer-arrow-callback"><failure message="Unexpected function expression."><![CDATA[line 131, col 12, Error - Unexpected function expression. (prefer-arrow-callback)]]></failure></testcase>
<testcase time="0" name="org.eslint.no-unused-vars"><failure message="&apos;result&apos; is defined but never used."><![CDATA[line 131, col 27, Error - &apos;result&apos; is defined but never used. (no-unused-vars)]]></failure></testcase>
<testcase time="0" name="org.eslint.no-undef"><failure message="&apos;it&apos; is not defined."><![CDATA[line 139, col 3, Error - &apos;it&apos; is not defined. (no-undef)]]></failure></testcase>
<testcase time="0" name="org.eslint.quotes"><failure message="Strings must use doublequote."><![CDATA[line 139, col 6, Error - Strings must use doublequote. (quotes)]]></failure></testcase>
<testcase time="0" name="org.eslint.func-names"><failure message="Unexpected unnamed function."><![CDATA[line 139, col 35, Warning - Unexpected unnamed function. (func-names)]]></failure></testcase>
<testcase time="0" name="org.eslint.prefer-arrow-callback"><failure message="Unexpected function expression."><![CDATA[line 139, col 35, Error - Unexpected function expression. (prefer-arrow-callback)]]></failure></testcase>
<testcase time="0" name="org.eslint.no-var"><failure message="Unexpected var, use let or const instead."><![CDATA[line 140, col 5, Error - Unexpected var, use let or const instead. (no-var)]]></failure></testcase>
<testcase time="0" name="org.eslint.no-undef"><failure message="&apos;sails&apos; is not defined."><![CDATA[line 140, col 33, Error - &apos;sails&apos; is not defined. (no-undef)]]></failure></testcase>
<testcase time="0" name="org.eslint.quotes"><failure message="Strings must use doublequote."><![CDATA[line 142, col 15, Error - Strings must use doublequote. (quotes)]]></failure></testcase>
<testcase time="0" name="org.eslint.func-names"><failure message="Unexpected unnamed function."><![CDATA[line 145, col 12, Warning - Unexpected unnamed function. (func-names)]]></failure></testcase>
<testcase time="0" name="org.eslint.prefer-arrow-callback"><failure message="Unexpected function expression."><![CDATA[line 145, col 12, Error - Unexpected function expression. (prefer-arrow-callback)]]></failure></testcase>
<testcase time="0" name="org.eslint.no-unused-vars"><failure message="&apos;result&apos; is defined but never used."><![CDATA[line 145, col 27, Error - &apos;result&apos; is defined but never used. (no-unused-vars)]]></failure></testcase>
<testcase time="0" name="org.eslint.no-undef"><failure message="&apos;it&apos; is not defined."><![CDATA[line 153, col 3, Error - &apos;it&apos; is not defined. (no-undef)]]></failure></testcase>
<testcase time="0" name="org.eslint.quotes"><failure message="Strings must use doublequote."><![CDATA[line 153, col 6, Error - Strings must use doublequote. (quotes)]]></failure></testcase>
<testcase time="0" name="org.eslint.func-names"><failure message="Unexpected unnamed function."><![CDATA[line 153, col 37, Warning - Unexpected unnamed function. (func-names)]]></failure></testcase>
<testcase time="0" name="org.eslint.prefer-arrow-callback"><failure message="Unexpected function expression."><![CDATA[line 153, col 37, Error - Unexpected function expression. (prefer-arrow-callback)]]></failure></testcase>
<testcase time="0" name="org.eslint.no-var"><failure message="Unexpected var, use let or const instead."><![CDATA[line 154, col 5, Error - Unexpected var, use let or const instead. (no-var)]]></failure></testcase>
<testcase time="0" name="org.eslint.no-undef"><failure message="&apos;sails&apos; is not defined."><![CDATA[line 154, col 33, Error - &apos;sails&apos; is not defined. (no-undef)]]></failure></testcase>
<testcase time="0" name="org.eslint.quotes"><failure message="Strings must use doublequote."><![CDATA[line 156, col 15, Error - Strings must use doublequote. (quotes)]]></failure></testcase>
<testcase time="0" name="org.eslint.func-names"><failure message="Unexpected unnamed function."><![CDATA[line 159, col 12, Warning - Unexpected unnamed function. (func-names)]]></failure></testcase>
<testcase time="0" name="org.eslint.prefer-arrow-callback"><failure message="Unexpected function expression."><![CDATA[line 159, col 12, Error - Unexpected function expression. (prefer-arrow-callback)]]></failure></testcase>
<testcase time="0" name="org.eslint.no-unused-vars"><failure message="&apos;result&apos; is defined but never used."><![CDATA[line 159, col 27, Error - &apos;result&apos; is defined but never used. (no-unused-vars)]]></failure></testcase>
<testcase time="0" name="org.eslint.no-multiple-empty-lines"><failure message="More than 2 blank lines not allowed."><![CDATA[line 167, col 1, Error - More than 2 blank lines not allowed. (no-multiple-empty-lines)]]></failure></testcase>
<testcase time="0" name="org.eslint.no-undef"><failure message="&apos;it&apos; is not defined."><![CDATA[line 171, col 3, Error - &apos;it&apos; is not defined. (no-undef)]]></failure></testcase>
<testcase time="0" name="org.eslint.quotes"><failure message="Strings must use doublequote."><![CDATA[line 171, col 6, Error - Strings must use doublequote. (quotes)]]></failure></testcase>
<testcase time="0" name="org.eslint.func-names"><failure message="Unexpected unnamed function."><![CDATA[line 171, col 33, Warning - Unexpected unnamed function. (func-names)]]></failure></testcase>
<testcase time="0" name="org.eslint.prefer-arrow-callback"><failure message="Unexpected function expression."><![CDATA[line 171, col 33, Error - Unexpected function expression. (prefer-arrow-callback)]]></failure></testcase>
<testcase time="0" name="org.eslint.no-var"><failure message="Unexpected var, use let or const instead."><![CDATA[line 172, col 5, Error - Unexpected var, use let or const instead. (no-var)]]></failure></testcase>
<testcase time="0" name="org.eslint.no-undef"><failure message="&apos;sails&apos; is not defined."><![CDATA[line 172, col 33, Error - &apos;sails&apos; is not defined. (no-undef)]]></failure></testcase>
<testcase time="0" name="org.eslint.quotes"><failure message="Strings must use doublequote."><![CDATA[line 174, col 15, Error - Strings must use doublequote. (quotes)]]></failure></testcase>
<testcase time="0" name="org.eslint.func-names"><failure message="Unexpected unnamed function."><![CDATA[line 177, col 12, Warning - Unexpected unnamed function. (func-names)]]></failure></testcase>
<testcase time="0" name="org.eslint.prefer-arrow-callback"><failure message="Unexpected function expression."><![CDATA[line 177, col 12, Error - Unexpected function expression. (prefer-arrow-callback)]]></failure></testcase>
<testcase time="0" name="org.eslint.no-unused-vars"><failure message="&apos;result&apos; is defined but never used."><![CDATA[line 177, col 27, Error - &apos;result&apos; is defined but never used. (no-unused-vars)]]></failure></testcase>
<testcase time="0" name="org.eslint.eol-last"><failure message="Newline required at end of file but not found."><![CDATA[line 185, col 4, Error - Newline required at end of file but not found. (eol-last)]]></failure></testcase>
</testsuite>
<testsuite package="org.eslint" time="0" tests="110" errors="110" name="/projects/challenge/test/models/Accessories.test.js">
<testcase time="0" name="org.eslint.no-var"><failure message="Unexpected var, use let or const instead."><![CDATA[line 1, col 1, Error - Unexpected var, use let or const instead. (no-var)]]></failure></testcase>
<testcase time="0" name="org.eslint.quotes"><failure message="Strings must use doublequote."><![CDATA[line 1, col 25, Error - Strings must use doublequote. (quotes)]]></failure></testcase>
<testcase time="0" name="org.eslint.no-var"><failure message="Unexpected var, use let or const instead."><![CDATA[line 2, col 1, Error - Unexpected var, use let or const instead. (no-var)]]></failure></testcase>
<testcase time="0" name="org.eslint.no-unused-vars"><failure message="&apos;assert&apos; is assigned a value but never used."><![CDATA[line 2, col 5, Error - &apos;assert&apos; is assigned a value but never used. (no-unused-vars)]]></failure></testcase>
<testcase time="0" name="org.eslint.quotes"><failure message="Strings must use doublequote."><![CDATA[line 2, col 22, Error - Strings must use doublequote. (quotes)]]></failure></testcase>
<testcase time="0" name="org.eslint.no-var"><failure message="Unexpected var, use let or const instead."><![CDATA[line 4, col 1, Error - Unexpected var, use let or const instead. (no-var)]]></failure></testcase>
<testcase time="0" name="org.eslint.no-unused-vars"><failure message="&apos;createdSegment&apos; is defined but never used."><![CDATA[line 4, col 5, Error - &apos;createdSegment&apos; is defined but never used. (no-unused-vars)]]></failure></testcase>
<testcase time="0" name="org.eslint.quotes"><failure message="Strings must use doublequote."><![CDATA[line 5, col 9, Error - Strings must use doublequote. (quotes)]]></failure></testcase>
<testcase time="0" name="org.eslint.no-undef"><failure message="&apos;describe&apos; is not defined."><![CDATA[line 7, col 1, Error - &apos;describe&apos; is not defined. (no-undef)]]></failure></testcase>
<testcase time="0" name="org.eslint.quotes"><failure message="Strings must use doublequote."><![CDATA[line 7, col 10, Error - Strings must use doublequote. (quotes)]]></failure></testcase>
<testcase time="0" name="org.eslint.prefer-arrow-callback"><failure message="Unexpected function expression."><![CDATA[line 7, col 34, Error - Unexpected function expression. (prefer-arrow-callback)]]></failure></testcase>
<testcase time="0" name="org.eslint.func-names"><failure message="Unexpected unnamed function."><![CDATA[line 7, col 34, Warning - Unexpected unnamed function. (func-names)]]></failure></testcase>
<testcase time="0" name="org.eslint.no-undef"><failure message="&apos;it&apos; is not defined."><![CDATA[line 9, col 3, Error - &apos;it&apos; is not defined. (no-undef)]]></failure></testcase>
<testcase time="0" name="org.eslint.quotes"><failure message="Strings must use doublequote."><![CDATA[line 9, col 6, Error - Strings must use doublequote. (quotes)]]></failure></testcase>
<testcase time="0" name="org.eslint.func-names"><failure message="Unexpected unnamed function."><![CDATA[line 9, col 33, Warning - Unexpected unnamed function. (func-names)]]></failure></testcase>
<testcase time="0" name="org.eslint.prefer-arrow-callback"><failure message="Unexpected function expression."><![CDATA[line 9, col 33, Error - Unexpected function expression. (prefer-arrow-callback)]]></failure></testcase>
<testcase time="0" name="org.eslint.no-var"><failure message="Unexpected var, use let or const instead."><![CDATA[line 10, col 5, Error - Unexpected var, use let or const instead. (no-var)]]></failure></testcase>
<testcase time="0" name="org.eslint.no-undef"><failure message="&apos;sails&apos; is not defined."><![CDATA[line 10, col 33, Error - &apos;sails&apos; is not defined. (no-undef)]]></failure></testcase>
<testcase time="0" name="org.eslint.quotes"><failure message="Strings must use doublequote."><![CDATA[line 12, col 12, Error - Strings must use doublequote. (quotes)]]></failure></testcase>
<testcase time="0" name="org.eslint.func-names"><failure message="Unexpected unnamed function."><![CDATA[line 15, col 12, Warning - Unexpected unnamed function. (func-names)]]></failure></testcase>
<testcase time="0" name="org.eslint.prefer-arrow-callback"><failure message="Unexpected function expression."><![CDATA[line 15, col 12, Error - Unexpected function expression. (prefer-arrow-callback)]]></failure></testcase>
<testcase time="0" name="org.eslint.no-undef"><failure message="&apos;it&apos; is not defined."><![CDATA[line 25, col 3, Error - &apos;it&apos; is not defined. (no-undef)]]></failure></testcase>
<testcase time="0" name="org.eslint.quotes"><failure message="Strings must use doublequote."><![CDATA[line 25, col 6, Error - Strings must use doublequote. (quotes)]]></failure></testcase>
<testcase time="0" name="org.eslint.prefer-arrow-callback"><failure message="Unexpected function expression."><![CDATA[line 25, col 32, Error - Unexpected function expression. (prefer-arrow-callback)]]></failure></testcase>
<testcase time="0" name="org.eslint.func-names"><failure message="Unexpected unnamed function."><![CDATA[line 25, col 32, Warning - Unexpected unnamed function. (func-names)]]></failure></testcase>
<testcase time="0" name="org.eslint.no-var"><failure message="Unexpected var, use let or const instead."><![CDATA[line 26, col 5, Error - Unexpected var, use let or const instead. (no-var)]]></failure></testcase>
<testcase time="0" name="org.eslint.no-undef"><failure message="&apos;sails&apos; is not defined."><![CDATA[line 26, col 33, Error - &apos;sails&apos; is not defined. (no-undef)]]></failure></testcase>
<testcase time="0" name="org.eslint.quotes"><failure message="Strings must use doublequote."><![CDATA[line 28, col 15, Error - Strings must use doublequote. (quotes)]]></failure></testcase>
<testcase time="0" name="org.eslint.func-names"><failure message="Unexpected unnamed function."><![CDATA[line 31, col 12, Warning - Unexpected unnamed function. (func-names)]]></failure></testcase>
<testcase time="0" name="org.eslint.prefer-arrow-callback"><failure message="Unexpected function expression."><![CDATA[line 31, col 12, Error - Unexpected function expression. (prefer-arrow-callback)]]></failure></testcase>
<testcase time="0" name="org.eslint.no-unused-vars"><failure message="&apos;result&apos; is defined but never used."><![CDATA[line 31, col 27, Error - &apos;result&apos; is defined but never used. (no-unused-vars)]]></failure></testcase>
<testcase time="0" name="org.eslint.no-undef"><failure message="&apos;it&apos; is not defined."><![CDATA[line 40, col 3, Error - &apos;it&apos; is not defined. (no-undef)]]></failure></testcase>
<testcase time="0" name="org.eslint.quotes"><failure message="Strings must use doublequote."><![CDATA[line 40, col 6, Error - Strings must use doublequote. (quotes)]]></failure></testcase>
<testcase time="0" name="org.eslint.prefer-arrow-callback"><failure message="Unexpected function expression."><![CDATA[line 40, col 34, Error - Unexpected function expression. (prefer-arrow-callback)]]></failure></testcase>
<testcase time="0" name="org.eslint.func-names"><failure message="Unexpected unnamed function."><![CDATA[line 40, col 34, Warning - Unexpected unnamed function. (func-names)]]></failure></testcase>
<testcase time="0" name="org.eslint.no-var"><failure message="Unexpected var, use let or const instead."><![CDATA[line 41, col 5, Error - Unexpected var, use let or const instead. (no-var)]]></failure></testcase>
<testcase time="0" name="org.eslint.no-undef"><failure message="&apos;sails&apos; is not defined."><![CDATA[line 41, col 33, Error - &apos;sails&apos; is not defined. (no-undef)]]></failure></testcase>
<testcase time="0" name="org.eslint.quote-props"><failure message="Unnecessarily quoted property &apos;name&apos; found."><![CDATA[line 43, col 7, Error - Unnecessarily quoted property &apos;name&apos; found. (quote-props)]]></failure></testcase>
<testcase time="0" name="org.eslint.quote-props"><failure message="Unnecessarily quoted property &apos;price&apos; found."><![CDATA[line 44, col 7, Error - Unnecessarily quoted property &apos;price&apos; found. (quote-props)]]></failure></testcase>
<testcase time="0" name="org.eslint.comma-dangle"><failure message="Missing trailing comma."><![CDATA[line 44, col 19, Error - Missing trailing comma. (comma-dangle)]]></failure></testcase>
<testcase time="0" name="org.eslint.semi"><failure message="Missing semicolon."><![CDATA[line 45, col 6, Error - Missing semicolon. (semi)]]></failure></testcase>
<testcase time="0" name="org.eslint.quotes"><failure message="Strings must use doublequote."><![CDATA[line 47, col 13, Error - Strings must use doublequote. (quotes)]]></failure></testcase>
<testcase time="0" name="org.eslint.prefer-arrow-callback"><failure message="Unexpected function expression."><![CDATA[line 50, col 12, Error - Unexpected function expression. (prefer-arrow-callback)]]></failure></testcase>
<testcase time="0" name="org.eslint.func-names"><failure message="Unexpected unnamed function."><![CDATA[line 50, col 12, Warning - Unexpected unnamed function. (func-names)]]></failure></testcase>
<testcase time="0" name="org.eslint.prefer-destructuring"><failure message="Use object destructuring."><![CDATA[line 54, col 11, Error - Use object destructuring. (prefer-destructuring)]]></failure></testcase>
<testcase time="0" name="org.eslint.no-undef"><failure message="&apos;it&apos; is not defined."><![CDATA[line 59, col 3, Error - &apos;it&apos; is not defined. (no-undef)]]></failure></testcase>
<testcase time="0" name="org.eslint.quotes"><failure message="Strings must use doublequote."><![CDATA[line 59, col 6, Error - Strings must use doublequote. (quotes)]]></failure></testcase>
<testcase time="0" name="org.eslint.prefer-arrow-callback"><failure message="Unexpected function expression."><![CDATA[line 59, col 43, Error - Unexpected function expression. (prefer-arrow-callback)]]></failure></testcase>
<testcase time="0" name="org.eslint.func-names"><failure message="Unexpected unnamed function."><![CDATA[line 59, col 43, Warning - Unexpected unnamed function. (func-names)]]></failure></testcase>
<testcase time="0" name="org.eslint.no-var"><failure message="Unexpected var, use let or const instead."><![CDATA[line 60, col 5, Error - Unexpected var, use let or const instead. (no-var)]]></failure></testcase>
<testcase time="0" name="org.eslint.no-undef"><failure message="&apos;sails&apos; is not defined."><![CDATA[line 60, col 33, Error - &apos;sails&apos; is not defined. (no-undef)]]></failure></testcase>
<testcase time="0" name="org.eslint.quote-props"><failure message="Unnecessarily quoted property &apos;name&apos; found."><![CDATA[line 62, col 7, Error - Unnecessarily quoted property &apos;name&apos; found. (quote-props)]]></failure></testcase>
<testcase time="0" name="org.eslint.comma-dangle"><failure message="Missing trailing comma."><![CDATA[line 62, col 31, Error - Missing trailing comma. (comma-dangle)]]></failure></testcase>
<testcase time="0" name="org.eslint.semi"><failure message="Missing semicolon."><![CDATA[line 63, col 6, Error - Missing semicolon. (semi)]]></failure></testcase>
<testcase time="0" name="org.eslint.quotes"><failure message="Strings must use doublequote."><![CDATA[line 65, col 13, Error - Strings must use doublequote. (quotes)]]></failure></testcase>
<testcase time="0" name="org.eslint.func-names"><failure message="Unexpected unnamed function."><![CDATA[line 68, col 12, Warning - Unexpected unnamed function. (func-names)]]></failure></testcase>
<testcase time="0" name="org.eslint.prefer-arrow-callback"><failure message="Unexpected function expression."><![CDATA[line 68, col 12, Error - Unexpected function expression. (prefer-arrow-callback)]]></failure></testcase>
<testcase time="0" name="org.eslint.no-unused-vars"><failure message="&apos;result&apos; is defined but never used."><![CDATA[line 68, col 27, Error - &apos;result&apos; is defined but never used. (no-unused-vars)]]></failure></testcase>
<testcase time="0" name="org.eslint.no-undef"><failure message="&apos;it&apos; is not defined."><![CDATA[line 79, col 3, Error - &apos;it&apos; is not defined. (no-undef)]]></failure></testcase>
<testcase time="0" name="org.eslint.quotes"><failure message="Strings must use doublequote."><![CDATA[line 79, col 6, Error - Strings must use doublequote. (quotes)]]></failure></testcase>
<testcase time="0" name="org.eslint.prefer-arrow-callback"><failure message="Unexpected function expression."><![CDATA[line 79, col 28, Error - Unexpected function expression. (prefer-arrow-callback)]]></failure></testcase>
<testcase time="0" name="org.eslint.func-names"><failure message="Unexpected unnamed function."><![CDATA[line 79, col 28, Warning - Unexpected unnamed function. (func-names)]]></failure></testcase>
<testcase time="0" name="org.eslint.no-var"><failure message="Unexpected var, use let or const instead."><![CDATA[line 80, col 5, Error - Unexpected var, use let or const instead. (no-var)]]></failure></testcase>
<testcase time="0" name="org.eslint.no-undef"><failure message="&apos;sails&apos; is not defined."><![CDATA[line 80, col 33, Error - &apos;sails&apos; is not defined. (no-undef)]]></failure></testcase>
<testcase time="0" name="org.eslint.prefer-template"><failure message="Unexpected string concatenation."><![CDATA[line 82, col 12, Error - Unexpected string concatenation. (prefer-template)]]></failure></testcase>
<testcase time="0" name="org.eslint.quotes"><failure message="Strings must use doublequote."><![CDATA[line 82, col 12, Error - Strings must use doublequote. (quotes)]]></failure></testcase>
<testcase time="0" name="org.eslint.prefer-arrow-callback"><failure message="Unexpected function expression."><![CDATA[line 85, col 12, Error - Unexpected function expression. (prefer-arrow-callback)]]></failure></testcase>
<testcase time="0" name="org.eslint.func-names"><failure message="Unexpected unnamed function."><![CDATA[line 85, col 12, Warning - Unexpected unnamed function. (func-names)]]></failure></testcase>
<testcase time="0" name="org.eslint.no-unused-vars"><failure message="&apos;result&apos; is defined but never used."><![CDATA[line 85, col 27, Error - &apos;result&apos; is defined but never used. (no-unused-vars)]]></failure></testcase>
<testcase time="0" name="org.eslint.no-undef"><failure message="&apos;it&apos; is not defined."><![CDATA[line 93, col 3, Error - &apos;it&apos; is not defined. (no-undef)]]></failure></testcase>
<testcase time="0" name="org.eslint.quotes"><failure message="Strings must use doublequote."><![CDATA[line 93, col 6, Error - Strings must use doublequote. (quotes)]]></failure></testcase>
<testcase time="0" name="org.eslint.prefer-arrow-callback"><failure message="Unexpected function expression."><![CDATA[line 93, col 37, Error - Unexpected function expression. (prefer-arrow-callback)]]></failure></testcase>
<testcase time="0" name="org.eslint.func-names"><failure message="Unexpected unnamed function."><![CDATA[line 93, col 37, Warning - Unexpected unnamed function. (func-names)]]></failure></testcase>
<testcase time="0" name="org.eslint.no-var"><failure message="Unexpected var, use let or const instead."><![CDATA[line 94, col 5, Error - Unexpected var, use let or const instead. (no-var)]]></failure></testcase>
<testcase time="0" name="org.eslint.no-undef"><failure message="&apos;sails&apos; is not defined."><![CDATA[line 94, col 33, Error - &apos;sails&apos; is not defined. (no-undef)]]></failure></testcase>
<testcase time="0" name="org.eslint.quotes"><failure message="Strings must use doublequote."><![CDATA[line 96, col 12, Error - Strings must use doublequote. (quotes)]]></failure></testcase>
<testcase time="0" name="org.eslint.prefer-arrow-callback"><failure message="Unexpected function expression."><![CDATA[line 99, col 12, Error - Unexpected function expression. (prefer-arrow-callback)]]></failure></testcase>
<testcase time="0" name="org.eslint.func-names"><failure message="Unexpected unnamed function."><![CDATA[line 99, col 12, Warning - Unexpected unnamed function. (func-names)]]></failure></testcase>
<testcase time="0" name="org.eslint.no-unused-vars"><failure message="&apos;result&apos; is defined but never used."><![CDATA[line 99, col 27, Error - &apos;result&apos; is defined but never used. (no-unused-vars)]]></failure></testcase>
<testcase time="0" name="org.eslint.no-undef"><failure message="&apos;it&apos; is not defined."><![CDATA[line 107, col 3, Error - &apos;it&apos; is not defined. (no-undef)]]></failure></testcase>
<testcase time="0" name="org.eslint.quotes"><failure message="Strings must use doublequote."><![CDATA[line 107, col 6, Error - Strings must use doublequote. (quotes)]]></failure></testcase>
<testcase time="0" name="org.eslint.func-names"><failure message="Unexpected unnamed function."><![CDATA[line 107, col 37, Warning - Unexpected unnamed function. (func-names)]]></failure></testcase>
<testcase time="0" name="org.eslint.prefer-arrow-callback"><failure message="Unexpected function expression."><![CDATA[line 107, col 37, Error - Unexpected function expression. (prefer-arrow-callback)]]></failure></testcase>
<testcase time="0" name="org.eslint.no-var"><failure message="Unexpected var, use let or const instead."><![CDATA[line 108, col 5, Error - Unexpected var, use let or const instead. (no-var)]]></failure></testcase>
<testcase time="0" name="org.eslint.no-undef"><failure message="&apos;sails&apos; is not defined."><![CDATA[line 108, col 33, Error - &apos;sails&apos; is not defined. (no-undef)]]></failure></testcase>
<testcase time="0" name="org.eslint.quotes"><failure message="Strings must use doublequote."><![CDATA[line 110, col 12, Error - Strings must use doublequote. (quotes)]]></failure></testcase>
<testcase time="0" name="org.eslint.prefer-arrow-callback"><failure message="Unexpected function expression."><![CDATA[line 113, col 12, Error - Unexpected function expression. (prefer-arrow-callback)]]></failure></testcase>
<testcase time="0" name="org.eslint.func-names"><failure message="Unexpected unnamed function."><![CDATA[line 113, col 12, Warning - Unexpected unnamed function. (func-names)]]></failure></testcase>
<testcase time="0" name="org.eslint.no-unused-vars"><failure message="&apos;result&apos; is defined but never used."><![CDATA[line 113, col 27, Error - &apos;result&apos; is defined but never used. (no-unused-vars)]]></failure></testcase>
<testcase time="0" name="org.eslint.no-multiple-empty-lines"><failure message="More than 2 blank lines not allowed."><![CDATA[line 121, col 1, Error - More than 2 blank lines not allowed. (no-multiple-empty-lines)]]></failure></testcase>
<testcase time="0" name="org.eslint.no-undef"><failure message="&apos;it&apos; is not defined."><![CDATA[line 124, col 3, Error - &apos;it&apos; is not defined. (no-undef)]]></failure></testcase>
<testcase time="0" name="org.eslint.quotes"><failure message="Strings must use doublequote."><![CDATA[line 124, col 6, Error - Strings must use doublequote. (quotes)]]></failure></testcase>
<testcase time="0" name="org.eslint.no-undef"><failure message="&apos;sails&apos; is not defined."><![CDATA[line 125, col 35, Error - &apos;sails&apos; is not defined. (no-undef)]]></failure></testcase>
<testcase time="0" name="org.eslint.quotes"><failure message="Strings must use doublequote."><![CDATA[line 127, col 12, Error - Strings must use doublequote. (quotes)]]></failure></testcase>
<testcase time="0" name="org.eslint.prefer-template"><failure message="Unexpected string concatenation."><![CDATA[line 127, col 12, Error - Unexpected string concatenation. (prefer-template)]]></failure></testcase>
<testcase time="0" name="org.eslint.quotes"><failure message="Strings must use doublequote."><![CDATA[line 128, col 21, Error - Strings must use doublequote. (quotes)]]></failure></testcase>
<testcase time="0" name="org.eslint.no-unused-vars"><failure message="&apos;result&apos; is defined but never used."><![CDATA[line 130, col 18, Error - &apos;result&apos; is defined but never used. (no-unused-vars)]]></failure></testcase>
<testcase time="0" name="org.eslint.no-undef"><failure message="&apos;it&apos; is not defined."><![CDATA[line 153, col 3, Error - &apos;it&apos; is not defined. (no-undef)]]></failure></testcase>
<testcase time="0" name="org.eslint.quotes"><failure message="Strings must use doublequote."><![CDATA[line 153, col 6, Error - Strings must use doublequote. (quotes)]]></failure></testcase>
<testcase time="0" name="org.eslint.prefer-arrow-callback"><failure message="Unexpected function expression."><![CDATA[line 153, col 30, Error - Unexpected function expression. (prefer-arrow-callback)]]></failure></testcase>
<testcase time="0" name="org.eslint.func-names"><failure message="Unexpected unnamed function."><![CDATA[line 153, col 30, Warning - Unexpected unnamed function. (func-names)]]></failure></testcase>
<testcase time="0" name="org.eslint.no-var"><failure message="Unexpected var, use let or const instead."><![CDATA[line 154, col 5, Error - Unexpected var, use let or const instead. (no-var)]]></failure></testcase>
<testcase time="0" name="org.eslint.no-undef"><failure message="&apos;sails&apos; is not defined."><![CDATA[line 154, col 33, Error - &apos;sails&apos; is not defined. (no-undef)]]></failure></testcase>
<testcase time="0" name="org.eslint.quotes"><failure message="Strings must use doublequote."><![CDATA[line 156, col 15, Error - Strings must use doublequote. (quotes)]]></failure></testcase>
<testcase time="0" name="org.eslint.prefer-template"><failure message="Unexpected string concatenation."><![CDATA[line 156, col 15, Error - Unexpected string concatenation. (prefer-template)]]></failure></testcase>
<testcase time="0" name="org.eslint.func-names"><failure message="Unexpected unnamed function."><![CDATA[line 159, col 12, Warning - Unexpected unnamed function. (func-names)]]></failure></testcase>
<testcase time="0" name="org.eslint.prefer-arrow-callback"><failure message="Unexpected function expression."><![CDATA[line 159, col 12, Error - Unexpected function expression. (prefer-arrow-callback)]]></failure></testcase>
<testcase time="0" name="org.eslint.no-unused-vars"><failure message="&apos;result&apos; is defined but never used."><![CDATA[line 159, col 27, Error - &apos;result&apos; is defined but never used. (no-unused-vars)]]></failure></testcase>
<testcase time="0" name="org.eslint.padded-blocks"><failure message="Block must not be padded by blank lines."><![CDATA[line 168, col 1, Error - Block must not be padded by blank lines. (padded-blocks)]]></failure></testcase>
<testcase time="0" name="org.eslint.no-multiple-empty-lines"><failure message="Too many blank lines at the end of file. Max of 1 allowed."><![CDATA[line 169, col 1, Error - Too many blank lines at the end of file. Max of 1 allowed. (no-multiple-empty-lines)]]></failure></testcase>
</testsuite>
<testsuite package="org.eslint" time="0" tests="1" errors="0" name="/projects/challenge/test/models/Cars.test.js">
<testcase time="0" name="/projects/challenge/test/models/Cars.test.js" />
</testsuite>
<testsuite package="org.eslint" time="0" tests="1" errors="0" name="/projects/challenge/test/models/Manufacturer.test.js">
<testcase time="0" name="/projects/challenge/test/models/Manufacturer.test.js" />
</testsuite>
<testsuite package="org.eslint" time="0" tests="126" errors="126" name="/projects/challenge/test/models/Segment.test.js">
<testcase time="0" name="org.eslint.no-var"><failure message="Unexpected var, use let or const instead."><![CDATA[line 1, col 1, Error - Unexpected var, use let or const instead. (no-var)]]></failure></testcase>
<testcase time="0" name="org.eslint.quotes"><failure message="Strings must use doublequote."><![CDATA[line 1, col 25, Error - Strings must use doublequote. (quotes)]]></failure></testcase>
<testcase time="0" name="org.eslint.no-var"><failure message="Unexpected var, use let or const instead."><![CDATA[line 2, col 1, Error - Unexpected var, use let or const instead. (no-var)]]></failure></testcase>
<testcase time="0" name="org.eslint.no-unused-vars"><failure message="&apos;assert&apos; is assigned a value but never used."><![CDATA[line 2, col 5, Error - &apos;assert&apos; is assigned a value but never used. (no-unused-vars)]]></failure></testcase>
<testcase time="0" name="org.eslint.quotes"><failure message="Strings must use doublequote."><![CDATA[line 2, col 22, Error - Strings must use doublequote. (quotes)]]></failure></testcase>
<testcase time="0" name="org.eslint.no-var"><failure message="Unexpected var, use let or const instead."><![CDATA[line 4, col 1, Error - Unexpected var, use let or const instead. (no-var)]]></failure></testcase>
<testcase time="0" name="org.eslint.no-unused-vars"><failure message="&apos;createdSegment&apos; is defined but never used."><![CDATA[line 4, col 5, Error - &apos;createdSegment&apos; is defined but never used. (no-unused-vars)]]></failure></testcase>
<testcase time="0" name="org.eslint.quotes"><failure message="Strings must use doublequote."><![CDATA[line 5, col 9, Error - Strings must use doublequote. (quotes)]]></failure></testcase>
<testcase time="0" name="org.eslint.no-undef"><failure message="&apos;describe&apos; is not defined."><![CDATA[line 7, col 1, Error - &apos;describe&apos; is not defined. (no-undef)]]></failure></testcase>
<testcase time="0" name="org.eslint.quotes"><failure message="Strings must use doublequote."><![CDATA[line 7, col 10, Error - Strings must use doublequote. (quotes)]]></failure></testcase>
<testcase time="0" name="org.eslint.func-names"><failure message="Unexpected unnamed function."><![CDATA[line 7, col 32, Warning - Unexpected unnamed function. (func-names)]]></failure></testcase>
<testcase time="0" name="org.eslint.prefer-arrow-callback"><failure message="Unexpected function expression."><![CDATA[line 7, col 32, Error - Unexpected function expression. (prefer-arrow-callback)]]></failure></testcase>
<testcase time="0" name="org.eslint.no-undef"><failure message="&apos;it&apos; is not defined."><![CDATA[line 9, col 3, Error - &apos;it&apos; is not defined. (no-undef)]]></failure></testcase>
<testcase time="0" name="org.eslint.quotes"><failure message="Strings must use doublequote."><![CDATA[line 9, col 6, Error - Strings must use doublequote. (quotes)]]></failure></testcase>
<testcase time="0" name="org.eslint.prefer-arrow-callback"><failure message="Unexpected function expression."><![CDATA[line 9, col 30, Error - Unexpected function expression. (prefer-arrow-callback)]]></failure></testcase>
<testcase time="0" name="org.eslint.func-names"><failure message="Unexpected unnamed function."><![CDATA[line 9, col 30, Warning - Unexpected unnamed function. (func-names)]]></failure></testcase>
<testcase time="0" name="org.eslint.no-var"><failure message="Unexpected var, use let or const instead."><![CDATA[line 10, col 5, Error - Unexpected var, use let or const instead. (no-var)]]></failure></testcase>
<testcase time="0" name="org.eslint.no-undef"><failure message="&apos;sails&apos; is not defined."><![CDATA[line 10, col 33, Error - &apos;sails&apos; is not defined. (no-undef)]]></failure></testcase>
<testcase time="0" name="org.eslint.quotes"><failure message="Strings must use doublequote."><![CDATA[line 12, col 12, Error - Strings must use doublequote. (quotes)]]></failure></testcase>
<testcase time="0" name="org.eslint.prefer-arrow-callback"><failure message="Unexpected function expression."><![CDATA[line 15, col 12, Error - Unexpected function expression. (prefer-arrow-callback)]]></failure></testcase>
<testcase time="0" name="org.eslint.func-names"><failure message="Unexpected unnamed function."><![CDATA[line 15, col 12, Warning - Unexpected unnamed function. (func-names)]]></failure></testcase>
<testcase time="0" name="org.eslint.no-multiple-empty-lines"><failure message="More than 2 blank lines not allowed."><![CDATA[line 24, col 1, Error - More than 2 blank lines not allowed. (no-multiple-empty-lines)]]></failure></testcase>
<testcase time="0" name="org.eslint.no-undef"><failure message="&apos;it&apos; is not defined."><![CDATA[line 27, col 3, Error - &apos;it&apos; is not defined. (no-undef)]]></failure></testcase>
<testcase time="0" name="org.eslint.quotes"><failure message="Strings must use doublequote."><![CDATA[line 27, col 6, Error - Strings must use doublequote. (quotes)]]></failure></testcase>
<testcase time="0" name="org.eslint.prefer-arrow-callback"><failure message="Unexpected function expression."><![CDATA[line 27, col 32, Error - Unexpected function expression. (prefer-arrow-callback)]]></failure></testcase>
<testcase time="0" name="org.eslint.func-names"><failure message="Unexpected unnamed function."><![CDATA[line 27, col 32, Warning - Unexpected unnamed function. (func-names)]]></failure></testcase>
<testcase time="0" name="org.eslint.no-var"><failure message="Unexpected var, use let or const instead."><![CDATA[line 28, col 5, Error - Unexpected var, use let or const instead. (no-var)]]></failure></testcase>
<testcase time="0" name="org.eslint.no-undef"><failure message="&apos;sails&apos; is not defined."><![CDATA[line 28, col 33, Error - &apos;sails&apos; is not defined. (no-undef)]]></failure></testcase>
<testcase time="0" name="org.eslint.comma-dangle"><failure message="Missing trailing comma."><![CDATA[line 30, col 18, Error - Missing trailing comma. (comma-dangle)]]></failure></testcase>
<testcase time="0" name="org.eslint.semi"><failure message="Missing semicolon."><![CDATA[line 31, col 6, Error - Missing semicolon. (semi)]]></failure></testcase>
<testcase time="0" name="org.eslint.quotes"><failure message="Strings must use doublequote."><![CDATA[line 33, col 13, Error - Strings must use doublequote. (quotes)]]></failure></testcase>
<testcase time="0" name="org.eslint.prefer-arrow-callback"><failure message="Unexpected function expression."><![CDATA[line 36, col 12, Error - Unexpected function expression. (prefer-arrow-callback)]]></failure></testcase>
<testcase time="0" name="org.eslint.func-names"><failure message="Unexpected unnamed function."><![CDATA[line 36, col 12, Warning - Unexpected unnamed function. (func-names)]]></failure></testcase>
<testcase time="0" name="org.eslint.prefer-destructuring"><failure message="Use object destructuring."><![CDATA[line 40, col 11, Error - Use object destructuring. (prefer-destructuring)]]></failure></testcase>
<testcase time="0" name="org.eslint.no-undef"><failure message="&apos;it&apos; is not defined."><![CDATA[line 46, col 3, Error - &apos;it&apos; is not defined. (no-undef)]]></failure></testcase>
<testcase time="0" name="org.eslint.quotes"><failure message="Strings must use doublequote."><![CDATA[line 46, col 6, Error - Strings must use doublequote. (quotes)]]></failure></testcase>
<testcase time="0" name="org.eslint.prefer-arrow-callback"><failure message="Unexpected function expression."><![CDATA[line 46, col 26, Error - Unexpected function expression. (prefer-arrow-callback)]]></failure></testcase>
<testcase time="0" name="org.eslint.func-names"><failure message="Unexpected unnamed function."><![CDATA[line 46, col 26, Warning - Unexpected unnamed function. (func-names)]]></failure></testcase>
<testcase time="0" name="org.eslint.no-var"><failure message="Unexpected var, use let or const instead."><![CDATA[line 47, col 5, Error - Unexpected var, use let or const instead. (no-var)]]></failure></testcase>
<testcase time="0" name="org.eslint.no-undef"><failure message="&apos;sails&apos; is not defined."><![CDATA[line 47, col 33, Error - &apos;sails&apos; is not defined. (no-undef)]]></failure></testcase>
<testcase time="0" name="org.eslint.quotes"><failure message="Strings must use doublequote."><![CDATA[line 49, col 12, Error - Strings must use doublequote. (quotes)]]></failure></testcase>
<testcase time="0" name="org.eslint.prefer-template"><failure message="Unexpected string concatenation."><![CDATA[line 49, col 12, Error - Unexpected string concatenation. (prefer-template)]]></failure></testcase>
<testcase time="0" name="org.eslint.func-names"><failure message="Unexpected unnamed function."><![CDATA[line 52, col 12, Warning - Unexpected unnamed function. (func-names)]]></failure></testcase>
<testcase time="0" name="org.eslint.prefer-arrow-callback"><failure message="Unexpected function expression."><![CDATA[line 52, col 12, Error - Unexpected function expression. (prefer-arrow-callback)]]></failure></testcase>
<testcase time="0" name="org.eslint.no-unused-vars"><failure message="&apos;result&apos; is defined but never used."><![CDATA[line 52, col 27, Error - &apos;result&apos; is defined but never used. (no-unused-vars)]]></failure></testcase>
<testcase time="0" name="org.eslint.no-undef"><failure message="&apos;it&apos; is not defined."><![CDATA[line 60, col 3, Error - &apos;it&apos; is not defined. (no-undef)]]></failure></testcase>
<testcase time="0" name="org.eslint.quotes"><failure message="Strings must use doublequote."><![CDATA[line 60, col 6, Error - Strings must use doublequote. (quotes)]]></failure></testcase>
<testcase time="0" name="org.eslint.prefer-arrow-callback"><failure message="Unexpected function expression."><![CDATA[line 60, col 35, Error - Unexpected function expression. (prefer-arrow-callback)]]></failure></testcase>
<testcase time="0" name="org.eslint.func-names"><failure message="Unexpected unnamed function."><![CDATA[line 60, col 35, Warning - Unexpected unnamed function. (func-names)]]></failure></testcase>
<testcase time="0" name="org.eslint.no-var"><failure message="Unexpected var, use let or const instead."><![CDATA[line 61, col 5, Error - Unexpected var, use let or const instead. (no-var)]]></failure></testcase>
<testcase time="0" name="org.eslint.no-undef"><failure message="&apos;sails&apos; is not defined."><![CDATA[line 61, col 33, Error - &apos;sails&apos; is not defined. (no-undef)]]></failure></testcase>
<testcase time="0" name="org.eslint.quotes"><failure message="Strings must use doublequote."><![CDATA[line 63, col 12, Error - Strings must use doublequote. (quotes)]]></failure></testcase>
<testcase time="0" name="org.eslint.func-names"><failure message="Unexpected unnamed function."><![CDATA[line 66, col 12, Warning - Unexpected unnamed function. (func-names)]]></failure></testcase>
<testcase time="0" name="org.eslint.prefer-arrow-callback"><failure message="Unexpected function expression."><![CDATA[line 66, col 12, Error - Unexpected function expression. (prefer-arrow-callback)]]></failure></testcase>
<testcase time="0" name="org.eslint.no-unused-vars"><failure message="&apos;result&apos; is defined but never used."><![CDATA[line 66, col 27, Error - &apos;result&apos; is defined but never used. (no-unused-vars)]]></failure></testcase>
<testcase time="0" name="org.eslint.no-undef"><failure message="&apos;it&apos; is not defined."><![CDATA[line 74, col 3, Error - &apos;it&apos; is not defined. (no-undef)]]></failure></testcase>
<testcase time="0" name="org.eslint.quotes"><failure message="Strings must use doublequote."><![CDATA[line 74, col 6, Error - Strings must use doublequote. (quotes)]]></failure></testcase>
<testcase time="0" name="org.eslint.func-names"><failure message="Unexpected unnamed function."><![CDATA[line 74, col 35, Warning - Unexpected unnamed function. (func-names)]]></failure></testcase>
<testcase time="0" name="org.eslint.prefer-arrow-callback"><failure message="Unexpected function expression."><![CDATA[line 74, col 35, Error - Unexpected function expression. (prefer-arrow-callback)]]></failure></testcase>
<testcase time="0" name="org.eslint.no-var"><failure message="Unexpected var, use let or const instead."><![CDATA[line 75, col 5, Error - Unexpected var, use let or const instead. (no-var)]]></failure></testcase>
<testcase time="0" name="org.eslint.no-undef"><failure message="&apos;sails&apos; is not defined."><![CDATA[line 75, col 33, Error - &apos;sails&apos; is not defined. (no-undef)]]></failure></testcase>
<testcase time="0" name="org.eslint.quotes"><failure message="Strings must use doublequote."><![CDATA[line 77, col 12, Error - Strings must use doublequote. (quotes)]]></failure></testcase>
<testcase time="0" name="org.eslint.func-names"><failure message="Unexpected unnamed function."><![CDATA[line 80, col 12, Warning - Unexpected unnamed function. (func-names)]]></failure></testcase>
<testcase time="0" name="org.eslint.prefer-arrow-callback"><failure message="Unexpected function expression."><![CDATA[line 80, col 12, Error - Unexpected function expression. (prefer-arrow-callback)]]></failure></testcase>
<testcase time="0" name="org.eslint.no-unused-vars"><failure message="&apos;result&apos; is defined but never used."><![CDATA[line 80, col 27, Error - &apos;result&apos; is defined but never used. (no-unused-vars)]]></failure></testcase>
<testcase time="0" name="org.eslint.no-undef"><failure message="&apos;it&apos; is not defined."><![CDATA[line 88, col 3, Error - &apos;it&apos; is not defined. (no-undef)]]></failure></testcase>
<testcase time="0" name="org.eslint.quotes"><failure message="Strings must use doublequote."><![CDATA[line 88, col 6, Error - Strings must use doublequote. (quotes)]]></failure></testcase>
<testcase time="0" name="org.eslint.no-undef"><failure message="&apos;sails&apos; is not defined."><![CDATA[line 89, col 35, Error - &apos;sails&apos; is not defined. (no-undef)]]></failure></testcase>
<testcase time="0" name="org.eslint.prefer-template"><failure message="Unexpected string concatenation."><![CDATA[line 91, col 12, Error - Unexpected string concatenation. (prefer-template)]]></failure></testcase>
<testcase time="0" name="org.eslint.quotes"><failure message="Strings must use doublequote."><![CDATA[line 91, col 12, Error - Strings must use doublequote. (quotes)]]></failure></testcase>
<testcase time="0" name="org.eslint.quotes"><failure message="Strings must use doublequote."><![CDATA[line 92, col 21, Error - Strings must use doublequote. (quotes)]]></failure></testcase>
<testcase time="0" name="org.eslint.no-unused-vars"><failure message="&apos;result&apos; is defined but never used."><![CDATA[line 94, col 18, Error - &apos;result&apos; is defined but never used. (no-unused-vars)]]></failure></testcase>
<testcase time="0" name="org.eslint.no-undef"><failure message="&apos;it&apos; is not defined."><![CDATA[line 102, col 3, Error - &apos;it&apos; is not defined. (no-undef)]]></failure></testcase>
<testcase time="0" name="org.eslint.quotes"><failure message="Strings must use doublequote."><![CDATA[line 102, col 6, Error - Strings must use doublequote. (quotes)]]></failure></testcase>
<testcase time="0" name="org.eslint.no-undef"><failure message="&apos;sails&apos; is not defined."><![CDATA[line 103, col 35, Error - &apos;sails&apos; is not defined. (no-undef)]]></failure></testcase>
<testcase time="0" name="org.eslint.quotes"><failure message="Strings must use doublequote."><![CDATA[line 105, col 12, Error - Strings must use doublequote. (quotes)]]></failure></testcase>
<testcase time="0" name="org.eslint.quotes"><failure message="Strings must use doublequote."><![CDATA[line 106, col 21, Error - Strings must use doublequote. (quotes)]]></failure></testcase>
<testcase time="0" name="org.eslint.no-unused-vars"><failure message="&apos;result&apos; is defined but never used."><![CDATA[line 108, col 18, Error - &apos;result&apos; is defined but never used. (no-unused-vars)]]></failure></testcase>
<testcase time="0" name="org.eslint.no-undef"><failure message="&apos;it&apos; is not defined."><![CDATA[line 117, col 3, Error - &apos;it&apos; is not defined. (no-undef)]]></failure></testcase>
<testcase time="0" name="org.eslint.quotes"><failure message="Strings must use doublequote."><![CDATA[line 117, col 6, Error - Strings must use doublequote. (quotes)]]></failure></testcase>
<testcase time="0" name="org.eslint.no-undef"><failure message="&apos;sails&apos; is not defined."><![CDATA[line 118, col 35, Error - &apos;sails&apos; is not defined. (no-undef)]]></failure></testcase>
<testcase time="0" name="org.eslint.quotes"><failure message="Strings must use doublequote."><![CDATA[line 120, col 12, Error - Strings must use doublequote. (quotes)]]></failure></testcase>
<testcase time="0" name="org.eslint.quotes"><failure message="Strings must use doublequote."><![CDATA[line 121, col 21, Error - Strings must use doublequote. (quotes)]]></failure></testcase>
<testcase time="0" name="org.eslint.no-unused-vars"><failure message="&apos;result&apos; is defined but never used."><![CDATA[line 123, col 18, Error - &apos;result&apos; is defined but never used. (no-unused-vars)]]></failure></testcase>
<testcase time="0" name="org.eslint.no-undef"><failure message="&apos;it&apos; is not defined."><![CDATA[line 132, col 3, Error - &apos;it&apos; is not defined. (no-undef)]]></failure></testcase>
<testcase time="0" name="org.eslint.quotes"><failure message="Strings must use doublequote."><![CDATA[line 132, col 6, Error - Strings must use doublequote. (quotes)]]></failure></testcase>
<testcase time="0" name="org.eslint.func-names"><failure message="Unexpected unnamed function."><![CDATA[line 132, col 28, Warning - Unexpected unnamed function. (func-names)]]></failure></testcase>
<testcase time="0" name="org.eslint.prefer-arrow-callback"><failure message="Unexpected function expression."><![CDATA[line 132, col 28, Error - Unexpected function expression. (prefer-arrow-callback)]]></failure></testcase>
<testcase time="0" name="org.eslint.no-var"><failure message="Unexpected var, use let or const instead."><![CDATA[line 133, col 5, Error - Unexpected var, use let or const instead. (no-var)]]></failure></testcase>
<testcase time="0" name="org.eslint.no-undef"><failure message="&apos;sails&apos; is not defined."><![CDATA[line 133, col 33, Error - &apos;sails&apos; is not defined. (no-undef)]]></failure></testcase>
<testcase time="0" name="org.eslint.quotes"><failure message="Strings must use doublequote."><![CDATA[line 135, col 15, Error - Strings must use doublequote. (quotes)]]></failure></testcase>
<testcase time="0" name="org.eslint.prefer-template"><failure message="Unexpected string concatenation."><![CDATA[line 135, col 15, Error - Unexpected string concatenation. (prefer-template)]]></failure></testcase>
<testcase time="0" name="org.eslint.prefer-arrow-callback"><failure message="Unexpected function expression."><![CDATA[line 138, col 12, Error - Unexpected function expression. (prefer-arrow-callback)]]></failure></testcase>
<testcase time="0" name="org.eslint.func-names"><failure message="Unexpected unnamed function."><![CDATA[line 138, col 12, Warning - Unexpected unnamed function. (func-names)]]></failure></testcase>
<testcase time="0" name="org.eslint.no-unused-vars"><failure message="&apos;result&apos; is defined but never used."><![CDATA[line 138, col 27, Error - &apos;result&apos; is defined but never used. (no-unused-vars)]]></failure></testcase>
<testcase time="0" name="org.eslint.no-undef"><failure message="&apos;it&apos; is not defined."><![CDATA[line 147, col 3, Error - &apos;it&apos; is not defined. (no-undef)]]></failure></testcase>
<testcase time="0" name="org.eslint.quotes"><failure message="Strings must use doublequote."><![CDATA[line 147, col 6, Error - Strings must use doublequote. (quotes)]]></failure></testcase>
<testcase time="0" name="org.eslint.prefer-arrow-callback"><failure message="Unexpected function expression."><![CDATA[line 147, col 37, Error - Unexpected function expression. (prefer-arrow-callback)]]></failure></testcase>
<testcase time="0" name="org.eslint.func-names"><failure message="Unexpected unnamed function."><![CDATA[line 147, col 37, Warning - Unexpected unnamed function. (func-names)]]></failure></testcase>
<testcase time="0" name="org.eslint.no-var"><failure message="Unexpected var, use let or const instead."><![CDATA[line 148, col 5, Error - Unexpected var, use let or const instead. (no-var)]]></failure></testcase>
<testcase time="0" name="org.eslint.no-undef"><failure message="&apos;sails&apos; is not defined."><![CDATA[line 148, col 33, Error - &apos;sails&apos; is not defined. (no-undef)]]></failure></testcase>
<testcase time="0" name="org.eslint.quotes"><failure message="Strings must use doublequote."><![CDATA[line 150, col 15, Error - Strings must use doublequote. (quotes)]]></failure></testcase>
<testcase time="0" name="org.eslint.prefer-arrow-callback"><failure message="Unexpected function expression."><![CDATA[line 153, col 12, Error - Unexpected function expression. (prefer-arrow-callback)]]></failure></testcase>
<testcase time="0" name="org.eslint.func-names"><failure message="Unexpected unnamed function."><![CDATA[line 153, col 12, Warning - Unexpected unnamed function. (func-names)]]></failure></testcase>
<testcase time="0" name="org.eslint.no-unused-vars"><failure message="&apos;result&apos; is defined but never used."><![CDATA[line 153, col 27, Error - &apos;result&apos; is defined but never used. (no-unused-vars)]]></failure></testcase>
<testcase time="0" name="org.eslint.no-undef"><failure message="&apos;it&apos; is not defined."><![CDATA[line 162, col 3, Error - &apos;it&apos; is not defined. (no-undef)]]></failure></testcase>
<testcase time="0" name="org.eslint.quotes"><failure message="Strings must use doublequote."><![CDATA[line 162, col 6, Error - Strings must use doublequote. (quotes)]]></failure></testcase>
<testcase time="0" name="org.eslint.prefer-arrow-callback"><failure message="Unexpected function expression."><![CDATA[line 162, col 35, Error - Unexpected function expression. (prefer-arrow-callback)]]></failure></testcase>
<testcase time="0" name="org.eslint.func-names"><failure message="Unexpected unnamed function."><![CDATA[line 162, col 35, Warning - Unexpected unnamed function. (func-names)]]></failure></testcase>
<testcase time="0" name="org.eslint.no-var"><failure message="Unexpected var, use let or const instead."><![CDATA[line 163, col 5, Error - Unexpected var, use let or const instead. (no-var)]]></failure></testcase>
<testcase time="0" name="org.eslint.no-undef"><failure message="&apos;sails&apos; is not defined."><![CDATA[line 163, col 33, Error - &apos;sails&apos; is not defined. (no-undef)]]></failure></testcase>
<testcase time="0" name="org.eslint.quotes"><failure message="Strings must use doublequote."><![CDATA[line 165, col 15, Error - Strings must use doublequote. (quotes)]]></failure></testcase>
<testcase time="0" name="org.eslint.func-names"><failure message="Unexpected unnamed function."><![CDATA[line 168, col 12, Warning - Unexpected unnamed function. (func-names)]]></failure></testcase>
<testcase time="0" name="org.eslint.prefer-arrow-callback"><failure message="Unexpected function expression."><![CDATA[line 168, col 12, Error - Unexpected function expression. (prefer-arrow-callback)]]></failure></testcase>
<testcase time="0" name="org.eslint.no-unused-vars"><failure message="&apos;result&apos; is defined but never used."><![CDATA[line 168, col 27, Error - &apos;result&apos; is defined but never used. (no-unused-vars)]]></failure></testcase>
<testcase time="0" name="org.eslint.no-undef"><failure message="&apos;it&apos; is not defined."><![CDATA[line 177, col 3, Error - &apos;it&apos; is not defined. (no-undef)]]></failure></testcase>
<testcase time="0" name="org.eslint.quotes"><failure message="Strings must use doublequote."><![CDATA[line 177, col 6, Error - Strings must use doublequote. (quotes)]]></failure></testcase>
<testcase time="0" name="org.eslint.func-names"><failure message="Unexpected unnamed function."><![CDATA[line 177, col 29, Warning - Unexpected unnamed function. (func-names)]]></failure></testcase>
<testcase time="0" name="org.eslint.prefer-arrow-callback"><failure message="Unexpected function expression."><![CDATA[line 177, col 29, Error - Unexpected function expression. (prefer-arrow-callback)]]></failure></testcase>
<testcase time="0" name="org.eslint.no-var"><failure message="Unexpected var, use let or const instead."><![CDATA[line 178, col 5, Error - Unexpected var, use let or const instead. (no-var)]]></failure></testcase>
<testcase time="0" name="org.eslint.no-undef"><failure message="&apos;sails&apos; is not defined."><![CDATA[line 178, col 33, Error - &apos;sails&apos; is not defined. (no-undef)]]></failure></testcase>
<testcase time="0" name="org.eslint.quotes"><failure message="Strings must use doublequote."><![CDATA[line 180, col 15, Error - Strings must use doublequote. (quotes)]]></failure></testcase>
<testcase time="0" name="org.eslint.func-names"><failure message="Unexpected unnamed function."><![CDATA[line 183, col 12, Warning - Unexpected unnamed function. (func-names)]]></failure></testcase>
<testcase time="0" name="org.eslint.prefer-arrow-callback"><failure message="Unexpected function expression."><![CDATA[line 183, col 12, Error - Unexpected function expression. (prefer-arrow-callback)]]></failure></testcase>
<testcase time="0" name="org.eslint.no-unused-vars"><failure message="&apos;result&apos; is defined but never used."><![CDATA[line 183, col 27, Error - &apos;result&apos; is defined but never used. (no-unused-vars)]]></failure></testcase>
<testcase time="0" name="org.eslint.eol-last"><failure message="Newline required at end of file but not found."><![CDATA[line 191, col 4, Error - Newline required at end of file but not found. (eol-last)]]></failure></testcase>
</testsuite>
<testsuite package="org.eslint" time="0" tests="1" errors="0" name="/projects/challenge/test/models/Varient.test.js">
<testcase time="0" name="/projects/challenge/test/models/Varient.test.js" />
</testsuite>
</testsuites>
